2016-10-17 00:51:45 INFO  [ContainerBackgroundProcessor[StandardEngine[Catalina]]] org.springframework.web.context.ContextLoader  - Root WebApplicationContext: initialization started
2016-10-17 00:51:46 INFO  [ContainerBackgroundProcessor[StandardEngine[Catalina]]] org.springframework.web.context.support.XmlWebApplicationContext  - Refreshing Root WebApplicationContext: startup date [Mon Oct 17 00:51:46 JST 2016]; root of context hierarchy
2016-10-17 00:51:46 INFO  [ContainerBackgroundProcessor[StandardEngine[Catalina]]] org.springframework.beans.factory.xml.XmlBeanDefinitionReader  - Loading XML bean definitions from class path resource [spring-mybatis.xml]
2016-10-17 00:51:46 WARN  [ContainerBackgroundProcessor[StandardEngine[Catalina]]] org.mybatis.spring.mapper.ClassPathMapperScanner  - No MyBatis mapper was found in '[com.co.jp.bizplus.persistence.entity]' package. Please check your configuration.
2016-10-17 00:51:47 INFO  [ContainerBackgroundProcessor[StandardEngine[Catalina]]] org.springframework.context.support.PropertySourcesPlaceholderConfigurer  - Loading properties file from class path resource [db.properties]
2016-10-17 00:51:47 INFO  [ContainerBackgroundProcessor[StandardEngine[Catalina]]] org.springframework.beans.factory.annotation.AutowiredAnnotationBeanPostProcessor  - JSR-330 'javax.inject.Inject' annotation found and supported for autowiring
2016-10-17 00:51:47 INFO  [ContainerBackgroundProcessor[StandardEngine[Catalina]]] com.alibaba.druid.pool.DruidDataSource  - {dataSource-1} inited
2016-10-17 00:51:48 INFO  [ContainerBackgroundProcessor[StandardEngine[Catalina]]] org.springframework.web.context.ContextLoader  - Root WebApplicationContext: initialization completed in 2162 ms
2016-10-17 00:51:48 INFO  [ContainerBackgroundProcessor[StandardEngine[Catalina]]] org.springframework.web.servlet.DispatcherServlet  - FrameworkServlet 'SpringMVC': initialization started
2016-10-17 00:51:48 INFO  [ContainerBackgroundProcessor[StandardEngine[Catalina]]] org.springframework.web.context.support.XmlWebApplicationContext  - Refreshing WebApplicationContext for namespace 'SpringMVC-servlet': startup date [Mon Oct 17 00:51:48 JST 2016]; parent: Root WebApplicationContext
2016-10-17 00:51:48 INFO  [ContainerBackgroundProcessor[StandardEngine[Catalina]]] org.springframework.beans.factory.xml.XmlBeanDefinitionReader  - Loading XML bean definitions from class path resource [spring-mvc.xml]
2016-10-17 00:51:48 INFO  [ContainerBackgroundProcessor[StandardEngine[Catalina]]] org.springframework.beans.factory.support.DefaultListableBeanFactory  - Overriding bean definition for bean 'org.springframework.web.servlet.mvc.method.annotation.RequestMappingHandlerMapping' with a different definition: replacing [Root bean: class [org.springframework.web.servlet.mvc.method.annotation.RequestMappingHandlerMapping]; scope=; abstract=false; lazyInit=false; autowireMode=0; dependencyCheck=0; autowireCandidate=true; primary=false; factoryBeanName=null; factoryMethodName=null; initMethodName=null; destroyMethodName=null] with [Root bean: class [org.springframework.web.servlet.mvc.method.annotation.RequestMappingHandlerMapping]; scope=; abstract=false; lazyInit=false; autowireMode=0; dependencyCheck=0; autowireCandidate=true; primary=false; factoryBeanName=null; factoryMethodName=null; initMethodName=null; destroyMethodName=null]
2016-10-17 00:51:48 INFO  [ContainerBackgroundProcessor[StandardEngine[Catalina]]] org.springframework.beans.factory.support.DefaultListableBeanFactory  - Overriding bean definition for bean 'org.springframework.web.servlet.mvc.method.annotation.RequestMappingHandlerAdapter' with a different definition: replacing [Root bean: class [org.springframework.web.servlet.mvc.method.annotation.RequestMappingHandlerAdapter]; scope=; abstract=false; lazyInit=false; autowireMode=0; dependencyCheck=0; autowireCandidate=true; primary=false; factoryBeanName=null; factoryMethodName=null; initMethodName=null; destroyMethodName=null] with [Root bean: class [org.springframework.web.servlet.mvc.method.annotation.RequestMappingHandlerAdapter]; scope=; abstract=false; lazyInit=false; autowireMode=0; dependencyCheck=0; autowireCandidate=true; primary=false; factoryBeanName=null; factoryMethodName=null; initMethodName=null; destroyMethodName=null]
2016-10-17 00:51:48 INFO  [ContainerBackgroundProcessor[StandardEngine[Catalina]]] org.springframework.beans.factory.support.DefaultListableBeanFactory  - Overriding bean definition for bean 'mvcUriComponentsContributor' with a different definition: replacing [Root bean: class [org.springframework.web.servlet.config.AnnotationDrivenBeanDefinitionParser$CompositeUriComponentsContributorFactoryBean]; scope=; abstract=false; lazyInit=false; autowireMode=0; dependencyCheck=0; autowireCandidate=true; primary=false; factoryBeanName=null; factoryMethodName=null; initMethodName=null; destroyMethodName=null] with [Root bean: class [org.springframework.web.servlet.config.AnnotationDrivenBeanDefinitionParser$CompositeUriComponentsContributorFactoryBean]; scope=; abstract=false; lazyInit=false; autowireMode=0; dependencyCheck=0; autowireCandidate=true; primary=false; factoryBeanName=null; factoryMethodName=null; initMethodName=null; destroyMethodName=null]
2016-10-17 00:51:48 INFO  [ContainerBackgroundProcessor[StandardEngine[Catalina]]] org.springframework.beans.factory.config.PropertyPlaceholderConfigurer  - Loading properties file from class path resource [db.properties]
2016-10-17 00:51:48 INFO  [ContainerBackgroundProcessor[StandardEngine[Catalina]]] org.springframework.beans.factory.annotation.AutowiredAnnotationBeanPostProcessor  - JSR-330 'javax.inject.Inject' annotation found and supported for autowiring
2016-10-17 00:51:48 INFO  [ContainerBackgroundProcessor[StandardEngine[Catalina]]] org.springframework.web.servlet.mvc.method.annotation.RequestMappingHandlerMapping  - Mapped "{[/user/login.do],methods=[POST]}" onto public java.lang.String com.co.jp.bizplus.controller.common.UserLoginAction.login(com.co.jp.bizplus.controller.form.UserLoginForm,org.springframework.validation.BindingResult,org.springframework.ui.Model)
2016-10-17 00:51:48 INFO  [ContainerBackgroundProcessor[StandardEngine[Catalina]]] org.springframework.web.servlet.mvc.method.annotation.RequestMappingHandlerMapping  - Mapped "{[/user/logout.do],methods=[GET]}" onto public java.lang.String com.co.jp.bizplus.controller.common.UserLoginAction.logout(org.springframework.ui.Model)
2016-10-17 00:51:48 INFO  [ContainerBackgroundProcessor[StandardEngine[Catalina]]] org.springframework.web.servlet.mvc.method.annotation.RequestMappingHandlerMapping  - Mapped "{[/user/changeLocale.do]}" onto public org.springframework.web.servlet.ModelAndView com.co.jp.bizplus.controller.common.UserLoginAction.changeLocale(com.co.jp.bizplus.controller.form.UserLoginForm,org.springframework.ui.Model)
2016-10-17 00:51:48 INFO  [ContainerBackgroundProcessor[StandardEngine[Catalina]]] org.springframework.web.servlet.mvc.method.annotation.RequestMappingHandlerMapping  - Mapped "{[/user/introduce.do]}" onto public org.springframework.web.servlet.ModelAndView com.co.jp.bizplus.controller.common.UserLoginAction.introduce()
2016-10-17 00:51:48 INFO  [ContainerBackgroundProcessor[StandardEngine[Catalina]]] org.springframework.web.servlet.mvc.method.annotation.RequestMappingHandlerMapping  - Mapped "{[/user/loginInit.do]}" onto public org.springframework.web.servlet.ModelAndView com.co.jp.bizplus.controller.common.UserLoginAction.loginInit(org.springframework.ui.Model)
2016-10-17 00:51:48 INFO  [ContainerBackgroundProcessor[StandardEngine[Catalina]]] org.hibernate.validator.internal.util.Version  - HV000001: Hibernate Validator 5.0.2.Final
2016-10-17 00:51:48 INFO  [ContainerBackgroundProcessor[StandardEngine[Catalina]]] org.springframework.web.servlet.mvc.method.annotation.RequestMappingHandlerAdapter  - Looking for @ControllerAdvice: WebApplicationContext for namespace 'SpringMVC-servlet': startup date [Mon Oct 17 00:51:48 JST 2016]; parent: Root WebApplicationContext
2016-10-17 00:51:48 INFO  [ContainerBackgroundProcessor[StandardEngine[Catalina]]] org.springframework.web.servlet.mvc.method.annotation.RequestMappingHandlerAdapter  - Looking for @ControllerAdvice: WebApplicationContext for namespace 'SpringMVC-servlet': startup date [Mon Oct 17 00:51:48 JST 2016]; parent: Root WebApplicationContext
2016-10-17 00:51:49 INFO  [ContainerBackgroundProcessor[StandardEngine[Catalina]]] org.springframework.web.servlet.DispatcherServlet  - FrameworkServlet 'SpringMVC': initialization completed in 1185 ms
2016-10-17 00:51:59 INFO  [ContainerBackgroundProcessor[StandardEngine[Catalina]]] org.springframework.web.context.support.XmlWebApplicationContext  - Closing WebApplicationContext for namespace 'SpringMVC-servlet': startup date [Mon Oct 17 00:51:48 JST 2016]; parent: Root WebApplicationContext
2016-10-17 00:51:59 WARN  [ContainerBackgroundProcessor[StandardEngine[Catalina]]] com.co.jp.bizplus.ContextFinalizer  - Driver com.alibaba.druid.proxy.DruidDriver@4156d3b6 deregistered
2016-10-17 00:51:59 WARN  [ContainerBackgroundProcessor[StandardEngine[Catalina]]] com.co.jp.bizplus.ContextFinalizer  - Driver com.mysql.jdbc.Driver@224d6a0c deregistered
2016-10-17 01:08:45 INFO  [ContainerBackgroundProcessor[StandardEngine[Catalina]]] org.springframework.web.context.ContextLoader  - Root WebApplicationContext: initialization started
2016-10-17 01:08:45 INFO  [ContainerBackgroundProcessor[StandardEngine[Catalina]]] org.springframework.web.context.support.XmlWebApplicationContext  - Refreshing Root WebApplicationContext: startup date [Mon Oct 17 01:08:45 JST 2016]; root of context hierarchy
2016-10-17 01:08:45 INFO  [ContainerBackgroundProcessor[StandardEngine[Catalina]]] org.springframework.beans.factory.xml.XmlBeanDefinitionReader  - Loading XML bean definitions from class path resource [spring-mybatis.xml]
2016-10-17 01:08:46 WARN  [ContainerBackgroundProcessor[StandardEngine[Catalina]]] org.mybatis.spring.mapper.ClassPathMapperScanner  - No MyBatis mapper was found in '[com.co.jp.bizplus.persistence.entity]' package. Please check your configuration.
2016-10-17 01:08:46 INFO  [ContainerBackgroundProcessor[StandardEngine[Catalina]]] org.springframework.context.support.PropertySourcesPlaceholderConfigurer  - Loading properties file from class path resource [db.properties]
2016-10-17 01:08:46 INFO  [ContainerBackgroundProcessor[StandardEngine[Catalina]]] org.springframework.beans.factory.annotation.AutowiredAnnotationBeanPostProcessor  - JSR-330 'javax.inject.Inject' annotation found and supported for autowiring
2016-10-17 01:08:47 INFO  [ContainerBackgroundProcessor[StandardEngine[Catalina]]] com.alibaba.druid.pool.DruidDataSource  - {dataSource-1} inited
2016-10-17 01:08:48 INFO  [ContainerBackgroundProcessor[StandardEngine[Catalina]]] org.springframework.web.context.ContextLoader  - Root WebApplicationContext: initialization completed in 3148 ms
2016-10-17 01:08:48 INFO  [ContainerBackgroundProcessor[StandardEngine[Catalina]]] org.springframework.web.servlet.DispatcherServlet  - FrameworkServlet 'SpringMVC': initialization started
2016-10-17 01:08:48 INFO  [ContainerBackgroundProcessor[StandardEngine[Catalina]]] org.springframework.web.context.support.XmlWebApplicationContext  - Refreshing WebApplicationContext for namespace 'SpringMVC-servlet': startup date [Mon Oct 17 01:08:48 JST 2016]; parent: Root WebApplicationContext
2016-10-17 01:08:48 INFO  [ContainerBackgroundProcessor[StandardEngine[Catalina]]] org.springframework.beans.factory.xml.XmlBeanDefinitionReader  - Loading XML bean definitions from class path resource [spring-mvc.xml]
2016-10-17 01:08:48 INFO  [ContainerBackgroundProcessor[StandardEngine[Catalina]]] org.springframework.beans.factory.support.DefaultListableBeanFactory  - Overriding bean definition for bean 'org.springframework.web.servlet.mvc.method.annotation.RequestMappingHandlerMapping' with a different definition: replacing [Root bean: class [org.springframework.web.servlet.mvc.method.annotation.RequestMappingHandlerMapping]; scope=; abstract=false; lazyInit=false; autowireMode=0; dependencyCheck=0; autowireCandidate=true; primary=false; factoryBeanName=null; factoryMethodName=null; initMethodName=null; destroyMethodName=null] with [Root bean: class [org.springframework.web.servlet.mvc.method.annotation.RequestMappingHandlerMapping]; scope=; abstract=false; lazyInit=false; autowireMode=0; dependencyCheck=0; autowireCandidate=true; primary=false; factoryBeanName=null; factoryMethodName=null; initMethodName=null; destroyMethodName=null]
2016-10-17 01:08:48 INFO  [ContainerBackgroundProcessor[StandardEngine[Catalina]]] org.springframework.beans.factory.support.DefaultListableBeanFactory  - Overriding bean definition for bean 'org.springframework.web.servlet.mvc.method.annotation.RequestMappingHandlerAdapter' with a different definition: replacing [Root bean: class [org.springframework.web.servlet.mvc.method.annotation.RequestMappingHandlerAdapter]; scope=; abstract=false; lazyInit=false; autowireMode=0; dependencyCheck=0; autowireCandidate=true; primary=false; factoryBeanName=null; factoryMethodName=null; initMethodName=null; destroyMethodName=null] with [Root bean: class [org.springframework.web.servlet.mvc.method.annotation.RequestMappingHandlerAdapter]; scope=; abstract=false; lazyInit=false; autowireMode=0; dependencyCheck=0; autowireCandidate=true; primary=false; factoryBeanName=null; factoryMethodName=null; initMethodName=null; destroyMethodName=null]
2016-10-17 01:08:48 INFO  [ContainerBackgroundProcessor[StandardEngine[Catalina]]] org.springframework.beans.factory.support.DefaultListableBeanFactory  - Overriding bean definition for bean 'mvcUriComponentsContributor' with a different definition: replacing [Root bean: class [org.springframework.web.servlet.config.AnnotationDrivenBeanDefinitionParser$CompositeUriComponentsContributorFactoryBean]; scope=; abstract=false; lazyInit=false; autowireMode=0; dependencyCheck=0; autowireCandidate=true; primary=false; factoryBeanName=null; factoryMethodName=null; initMethodName=null; destroyMethodName=null] with [Root bean: class [org.springframework.web.servlet.config.AnnotationDrivenBeanDefinitionParser$CompositeUriComponentsContributorFactoryBean]; scope=; abstract=false; lazyInit=false; autowireMode=0; dependencyCheck=0; autowireCandidate=true; primary=false; factoryBeanName=null; factoryMethodName=null; initMethodName=null; destroyMethodName=null]
2016-10-17 01:08:49 INFO  [ContainerBackgroundProcessor[StandardEngine[Catalina]]] org.springframework.beans.factory.config.PropertyPlaceholderConfigurer  - Loading properties file from class path resource [db.properties]
2016-10-17 01:08:49 INFO  [ContainerBackgroundProcessor[StandardEngine[Catalina]]] org.springframework.beans.factory.annotation.AutowiredAnnotationBeanPostProcessor  - JSR-330 'javax.inject.Inject' annotation found and supported for autowiring
2016-10-17 01:08:49 INFO  [ContainerBackgroundProcessor[StandardEngine[Catalina]]] org.springframework.web.servlet.mvc.method.annotation.RequestMappingHandlerMapping  - Mapped "{[/user/login.do],methods=[POST]}" onto public java.lang.String com.co.jp.bizplus.controller.common.UserLoginAction.login(com.co.jp.bizplus.controller.form.UserLoginForm,org.springframework.validation.BindingResult,org.springframework.ui.Model)
2016-10-17 01:08:49 INFO  [ContainerBackgroundProcessor[StandardEngine[Catalina]]] org.springframework.web.servlet.mvc.method.annotation.RequestMappingHandlerMapping  - Mapped "{[/user/logout.do],methods=[GET]}" onto public java.lang.String com.co.jp.bizplus.controller.common.UserLoginAction.logout(org.springframework.ui.Model)
2016-10-17 01:08:49 INFO  [ContainerBackgroundProcessor[StandardEngine[Catalina]]] org.springframework.web.servlet.mvc.method.annotation.RequestMappingHandlerMapping  - Mapped "{[/user/loginInit.do]}" onto public org.springframework.web.servlet.ModelAndView com.co.jp.bizplus.controller.common.UserLoginAction.loginInit(org.springframework.ui.Model)
2016-10-17 01:08:49 INFO  [ContainerBackgroundProcessor[StandardEngine[Catalina]]] org.springframework.web.servlet.mvc.method.annotation.RequestMappingHandlerMapping  - Mapped "{[/user/introduce.do]}" onto public org.springframework.web.servlet.ModelAndView com.co.jp.bizplus.controller.common.UserLoginAction.introduce()
2016-10-17 01:08:49 INFO  [ContainerBackgroundProcessor[StandardEngine[Catalina]]] org.springframework.web.servlet.mvc.method.annotation.RequestMappingHandlerMapping  - Mapped "{[/user/changeLocale.do]}" onto public org.springframework.web.servlet.ModelAndView com.co.jp.bizplus.controller.common.UserLoginAction.changeLocale(com.co.jp.bizplus.controller.form.UserLoginForm,org.springframework.ui.Model)
2016-10-17 01:08:50 INFO  [ContainerBackgroundProcessor[StandardEngine[Catalina]]] org.hibernate.validator.internal.util.Version  - HV000001: Hibernate Validator 5.0.2.Final
2016-10-17 01:08:50 INFO  [ContainerBackgroundProcessor[StandardEngine[Catalina]]] org.springframework.web.servlet.mvc.method.annotation.RequestMappingHandlerAdapter  - Looking for @ControllerAdvice: WebApplicationContext for namespace 'SpringMVC-servlet': startup date [Mon Oct 17 01:08:48 JST 2016]; parent: Root WebApplicationContext
2016-10-17 01:08:50 INFO  [ContainerBackgroundProcessor[StandardEngine[Catalina]]] org.springframework.web.servlet.mvc.method.annotation.RequestMappingHandlerAdapter  - Looking for @ControllerAdvice: WebApplicationContext for namespace 'SpringMVC-servlet': startup date [Mon Oct 17 01:08:48 JST 2016]; parent: Root WebApplicationContext
2016-10-17 01:08:51 INFO  [ContainerBackgroundProcessor[StandardEngine[Catalina]]] org.springframework.web.servlet.DispatcherServlet  - FrameworkServlet 'SpringMVC': initialization completed in 2782 ms
2016-10-17 01:13:14 INFO  [http-nio-8080-exec-6] com.co.jp.bizplus.service.common.impl.UserServiceImpl  - UserServiceImpl.getUserById()：liushuang
2016-10-17 01:13:22 INFO  [http-nio-8080-exec-8] com.co.jp.bizplus.service.common.impl.UserServiceImpl  - UserServiceImpl.getUserById()：User Id
2016-10-17 01:13:24 INFO  [http-nio-8080-exec-10] com.co.jp.bizplus.service.common.impl.UserServiceImpl  - UserServiceImpl.getUserById()：User Id
2016-10-17 01:15:03 INFO  [http-nio-8080-exec-4] com.co.jp.bizplus.service.common.impl.UserServiceImpl  - UserServiceImpl.getUserById()：User Id
2016-10-17 01:16:09 INFO  [ContainerBackgroundProcessor[StandardEngine[Catalina]]] org.springframework.web.context.support.XmlWebApplicationContext  - Closing WebApplicationContext for namespace 'SpringMVC-servlet': startup date [Mon Oct 17 01:08:48 JST 2016]; parent: Root WebApplicationContext
2016-10-17 01:16:09 WARN  [ContainerBackgroundProcessor[StandardEngine[Catalina]]] com.co.jp.bizplus.ContextFinalizer  - Driver com.alibaba.druid.proxy.DruidDriver@14a66b04 deregistered
2016-10-17 01:16:09 WARN  [ContainerBackgroundProcessor[StandardEngine[Catalina]]] com.co.jp.bizplus.ContextFinalizer  - Driver com.mysql.jdbc.Driver@66c9724d deregistered
2016-10-17 01:19:16 INFO  [localhost-startStop-1] org.springframework.web.context.ContextLoader  - Root WebApplicationContext: initialization started
2016-10-17 01:19:16 INFO  [localhost-startStop-1] org.springframework.web.context.support.XmlWebApplicationContext  - Refreshing Root WebApplicationContext: startup date [Mon Oct 17 01:19:16 JST 2016]; root of context hierarchy
2016-10-17 01:19:16 INFO  [localhost-startStop-1] org.springframework.beans.factory.xml.XmlBeanDefinitionReader  - Loading XML bean definitions from class path resource [spring-mybatis.xml]
2016-10-17 01:19:17 WARN  [localhost-startStop-1] org.mybatis.spring.mapper.ClassPathMapperScanner  - No MyBatis mapper was found in '[com.co.jp.bizplus.persistence.entity]' package. Please check your configuration.
2016-10-17 01:19:17 INFO  [localhost-startStop-1] org.springframework.context.support.PropertySourcesPlaceholderConfigurer  - Loading properties file from class path resource [db.properties]
2016-10-17 01:19:17 INFO  [localhost-startStop-1] org.springframework.beans.factory.annotation.AutowiredAnnotationBeanPostProcessor  - JSR-330 'javax.inject.Inject' annotation found and supported for autowiring
2016-10-17 01:19:18 INFO  [localhost-startStop-1] com.alibaba.druid.pool.DruidDataSource  - {dataSource-1} inited
2016-10-17 01:19:19 INFO  [localhost-startStop-1] org.springframework.web.context.ContextLoader  - Root WebApplicationContext: initialization completed in 2952 ms
2016-10-17 01:19:19 INFO  [localhost-startStop-1] org.springframework.web.servlet.DispatcherServlet  - FrameworkServlet 'SpringMVC': initialization started
2016-10-17 01:19:19 INFO  [localhost-startStop-1] org.springframework.web.context.support.XmlWebApplicationContext  - Refreshing WebApplicationContext for namespace 'SpringMVC-servlet': startup date [Mon Oct 17 01:19:19 JST 2016]; parent: Root WebApplicationContext
2016-10-17 01:19:19 INFO  [localhost-startStop-1] org.springframework.beans.factory.xml.XmlBeanDefinitionReader  - Loading XML bean definitions from class path resource [spring-mvc.xml]
2016-10-17 01:19:19 INFO  [localhost-startStop-1] org.springframework.beans.factory.support.DefaultListableBeanFactory  - Overriding bean definition for bean 'org.springframework.web.servlet.mvc.method.annotation.RequestMappingHandlerMapping' with a different definition: replacing [Root bean: class [org.springframework.web.servlet.mvc.method.annotation.RequestMappingHandlerMapping]; scope=; abstract=false; lazyInit=false; autowireMode=0; dependencyCheck=0; autowireCandidate=true; primary=false; factoryBeanName=null; factoryMethodName=null; initMethodName=null; destroyMethodName=null] with [Root bean: class [org.springframework.web.servlet.mvc.method.annotation.RequestMappingHandlerMapping]; scope=; abstract=false; lazyInit=false; autowireMode=0; dependencyCheck=0; autowireCandidate=true; primary=false; factoryBeanName=null; factoryMethodName=null; initMethodName=null; destroyMethodName=null]
2016-10-17 01:19:19 INFO  [localhost-startStop-1] org.springframework.beans.factory.support.DefaultListableBeanFactory  - Overriding bean definition for bean 'org.springframework.web.servlet.mvc.method.annotation.RequestMappingHandlerAdapter' with a different definition: replacing [Root bean: class [org.springframework.web.servlet.mvc.method.annotation.RequestMappingHandlerAdapter]; scope=; abstract=false; lazyInit=false; autowireMode=0; dependencyCheck=0; autowireCandidate=true; primary=false; factoryBeanName=null; factoryMethodName=null; initMethodName=null; destroyMethodName=null] with [Root bean: class [org.springframework.web.servlet.mvc.method.annotation.RequestMappingHandlerAdapter]; scope=; abstract=false; lazyInit=false; autowireMode=0; dependencyCheck=0; autowireCandidate=true; primary=false; factoryBeanName=null; factoryMethodName=null; initMethodName=null; destroyMethodName=null]
2016-10-17 01:19:19 INFO  [localhost-startStop-1] org.springframework.beans.factory.support.DefaultListableBeanFactory  - Overriding bean definition for bean 'mvcUriComponentsContributor' with a different definition: replacing [Root bean: class [org.springframework.web.servlet.config.AnnotationDrivenBeanDefinitionParser$CompositeUriComponentsContributorFactoryBean]; scope=; abstract=false; lazyInit=false; autowireMode=0; dependencyCheck=0; autowireCandidate=true; primary=false; factoryBeanName=null; factoryMethodName=null; initMethodName=null; destroyMethodName=null] with [Root bean: class [org.springframework.web.servlet.config.AnnotationDrivenBeanDefinitionParser$CompositeUriComponentsContributorFactoryBean]; scope=; abstract=false; lazyInit=false; autowireMode=0; dependencyCheck=0; autowireCandidate=true; primary=false; factoryBeanName=null; factoryMethodName=null; initMethodName=null; destroyMethodName=null]
2016-10-17 01:19:19 INFO  [localhost-startStop-1] org.springframework.beans.factory.config.PropertyPlaceholderConfigurer  - Loading properties file from class path resource [db.properties]
2016-10-17 01:19:19 INFO  [localhost-startStop-1] org.springframework.beans.factory.annotation.AutowiredAnnotationBeanPostProcessor  - JSR-330 'javax.inject.Inject' annotation found and supported for autowiring
2016-10-17 01:19:20 INFO  [localhost-startStop-1] org.springframework.web.servlet.mvc.method.annotation.RequestMappingHandlerMapping  - Mapped "{[/user/logout.do],methods=[GET]}" onto public java.lang.String com.co.jp.bizplus.controller.common.UserLoginAction.logout(org.springframework.ui.Model)
2016-10-17 01:19:20 INFO  [localhost-startStop-1] org.springframework.web.servlet.mvc.method.annotation.RequestMappingHandlerMapping  - Mapped "{[/user/login.do],methods=[POST]}" onto public java.lang.String com.co.jp.bizplus.controller.common.UserLoginAction.login(com.co.jp.bizplus.controller.form.UserLoginForm,org.springframework.validation.BindingResult,org.springframework.ui.Model)
2016-10-17 01:19:20 INFO  [localhost-startStop-1] org.springframework.web.servlet.mvc.method.annotation.RequestMappingHandlerMapping  - Mapped "{[/user/changeLocale.do]}" onto public org.springframework.web.servlet.ModelAndView com.co.jp.bizplus.controller.common.UserLoginAction.changeLocale(com.co.jp.bizplus.controller.form.UserLoginForm,org.springframework.ui.Model)
2016-10-17 01:19:20 INFO  [localhost-startStop-1] org.springframework.web.servlet.mvc.method.annotation.RequestMappingHandlerMapping  - Mapped "{[/user/introduce.do]}" onto public org.springframework.web.servlet.ModelAndView com.co.jp.bizplus.controller.common.UserLoginAction.introduce()
2016-10-17 01:19:20 INFO  [localhost-startStop-1] org.springframework.web.servlet.mvc.method.annotation.RequestMappingHandlerMapping  - Mapped "{[/user/loginInit.do]}" onto public org.springframework.web.servlet.ModelAndView com.co.jp.bizplus.controller.common.UserLoginAction.loginInit(org.springframework.ui.Model)
2016-10-17 01:19:20 INFO  [localhost-startStop-1] org.hibernate.validator.internal.util.Version  - HV000001: Hibernate Validator 5.0.2.Final
2016-10-17 01:19:21 INFO  [localhost-startStop-1] org.springframework.web.servlet.mvc.method.annotation.RequestMappingHandlerAdapter  - Looking for @ControllerAdvice: WebApplicationContext for namespace 'SpringMVC-servlet': startup date [Mon Oct 17 01:19:19 JST 2016]; parent: Root WebApplicationContext
2016-10-17 01:19:21 INFO  [localhost-startStop-1] org.springframework.web.servlet.mvc.method.annotation.RequestMappingHandlerAdapter  - Looking for @ControllerAdvice: WebApplicationContext for namespace 'SpringMVC-servlet': startup date [Mon Oct 17 01:19:19 JST 2016]; parent: Root WebApplicationContext
2016-10-17 01:19:22 INFO  [localhost-startStop-1] org.springframework.web.servlet.DispatcherServlet  - FrameworkServlet 'SpringMVC': initialization completed in 3109 ms
2016-10-17 01:19:31 INFO  [http-nio-8080-exec-5] com.co.jp.bizplus.service.common.impl.UserServiceImpl  - UserServiceImpl.getUserById()：User Id
2016-10-17 01:19:37 INFO  [http-nio-8080-exec-7] com.co.jp.bizplus.service.common.impl.UserServiceImpl  - UserServiceImpl.getUserById()：User Id
2016-10-17 01:19:42 INFO  [http-nio-8080-exec-8] com.co.jp.bizplus.service.common.impl.UserServiceImpl  - UserServiceImpl.getUserById()：User Id
2016-10-17 01:19:42 INFO  [http-nio-8080-exec-9] com.co.jp.bizplus.service.common.impl.UserServiceImpl  - UserServiceImpl.getUserById()：User Id
2016-10-17 01:19:45 INFO  [http-nio-8080-exec-1] com.co.jp.bizplus.service.common.impl.UserServiceImpl  - UserServiceImpl.getUserById()：User Id
2016-10-17 01:19:46 INFO  [http-nio-8080-exec-3] com.co.jp.bizplus.service.common.impl.UserServiceImpl  - UserServiceImpl.getUserById()：User Id
2016-10-17 01:19:49 INFO  [http-nio-8080-exec-4] com.co.jp.bizplus.service.common.impl.UserServiceImpl  - UserServiceImpl.getUserById()：User Id
2016-10-17 01:19:50 INFO  [http-nio-8080-exec-5] com.co.jp.bizplus.service.common.impl.UserServiceImpl  - UserServiceImpl.getUserById()：User Id
2016-10-17 01:19:50 INFO  [http-nio-8080-exec-6] com.co.jp.bizplus.service.common.impl.UserServiceImpl  - UserServiceImpl.getUserById()：User Id
2016-10-17 01:19:53 INFO  [http-nio-8080-exec-8] com.co.jp.bizplus.service.common.impl.UserServiceImpl  - UserServiceImpl.getUserById()：User Id
2016-10-17 01:19:56 INFO  [http-nio-8080-exec-10] com.co.jp.bizplus.service.common.impl.UserServiceImpl  - UserServiceImpl.getUserById()：User Id
2016-10-17 01:19:59 INFO  [http-nio-8080-exec-3] com.co.jp.bizplus.service.common.impl.UserServiceImpl  - UserServiceImpl.getUserById()：User Id
2016-10-17 01:28:23 INFO  [ContainerBackgroundProcessor[StandardEngine[Catalina]]] org.springframework.web.context.support.XmlWebApplicationContext  - Closing WebApplicationContext for namespace 'SpringMVC-servlet': startup date [Mon Oct 17 01:19:19 JST 2016]; parent: Root WebApplicationContext
2016-10-17 01:28:23 WARN  [ContainerBackgroundProcessor[StandardEngine[Catalina]]] com.co.jp.bizplus.ContextFinalizer  - Driver com.alibaba.druid.proxy.DruidDriver@220c52db deregistered
2016-10-17 01:28:23 WARN  [ContainerBackgroundProcessor[StandardEngine[Catalina]]] com.co.jp.bizplus.ContextFinalizer  - Driver com.mysql.jdbc.Driver@e1dcd69 deregistered
