2016-10-16 19:38:48 INFO  [main] org.hibernate.validator.internal.util.Version  - HV000001: Hibernate Validator 5.0.2.Final
2016-10-16 20:00:42 INFO  [main] org.springframework.context.support.ClassPathXmlApplicationContext  - Refreshing org.springframework.context.support.ClassPathXmlApplicationContext@735f7ae5: startup date [Sun Oct 16 20:00:42 JST 2016]; root of context hierarchy
2016-10-16 20:00:42 INFO  [main] org.springframework.beans.factory.xml.XmlBeanDefinitionReader  - Loading XML bean definitions from class path resource [spring-mvc.xml]
2016-10-16 20:00:42 INFO  [main] org.springframework.beans.factory.xml.XmlBeanDefinitionReader  - Loading XML bean definitions from class path resource [spring-mybatis.xml]
2016-10-16 20:00:42 WARN  [main] org.mybatis.spring.mapper.ClassPathMapperScanner  - No MyBatis mapper was found in '[com.co.jp.bizplus.persistence.entity]' package. Please check your configuration.
2016-10-16 20:00:42 INFO  [main] org.springframework.beans.factory.config.PropertyPlaceholderConfigurer  - Loading properties file from class path resource [db.properties]
2016-10-16 20:00:42 INFO  [main] org.springframework.context.support.PropertySourcesPlaceholderConfigurer  - Loading properties file from class path resource [db.properties]
2016-10-16 20:00:42 INFO  [main] org.springframework.beans.factory.annotation.AutowiredAnnotationBeanPostProcessor  - JSR-330 'javax.inject.Inject' annotation found and supported for autowiring
2016-10-16 20:00:43 INFO  [main] org.springframework.web.servlet.mvc.method.annotation.RequestMappingHandlerMapping  - Mapped "{[/user/login.do],methods=[POST]}" onto public java.lang.String com.co.jp.bizplus.controller.common.UserLoginAction.doInput(com.co.jp.bizplus.controller.form.UserLoginForm,org.springframework.validation.BindingResult,org.springframework.ui.Model)
2016-10-16 20:00:43 INFO  [main] org.springframework.web.servlet.mvc.method.annotation.RequestMappingHandlerMapping  - Mapped "{[/user/logout.do],methods=[GET]}" onto public java.lang.String com.co.jp.bizplus.controller.common.UserLoginAction.logout(org.springframework.ui.Model)
2016-10-16 20:00:43 INFO  [main] org.springframework.web.servlet.mvc.method.annotation.RequestMappingHandlerMapping  - Mapped "{[/user/loginInit.do]}" onto public org.springframework.web.servlet.ModelAndView com.co.jp.bizplus.controller.common.UserLoginAction.loginInit(org.springframework.ui.Model)
2016-10-16 20:00:43 INFO  [main] org.springframework.web.servlet.mvc.method.annotation.RequestMappingHandlerMapping  - Mapped "{[/user/introduce.do]}" onto public org.springframework.web.servlet.ModelAndView com.co.jp.bizplus.controller.common.UserLoginAction.introduce()
2016-10-16 20:00:43 INFO  [main] org.hibernate.validator.internal.util.Version  - HV000001: Hibernate Validator 5.0.2.Final
2016-10-16 20:00:44 INFO  [main] org.springframework.web.servlet.mvc.method.annotation.RequestMappingHandlerAdapter  - Looking for @ControllerAdvice: org.springframework.context.support.ClassPathXmlApplicationContext@735f7ae5: startup date [Sun Oct 16 20:00:42 JST 2016]; root of context hierarchy
2016-10-16 20:00:44 INFO  [main] org.springframework.web.servlet.mvc.method.annotation.RequestMappingHandlerAdapter  - Looking for @ControllerAdvice: org.springframework.context.support.ClassPathXmlApplicationContext@735f7ae5: startup date [Sun Oct 16 20:00:42 JST 2016]; root of context hierarchy
2016-10-16 20:00:44 INFO  [main] org.springframework.web.servlet.mvc.annotation.DefaultAnnotationHandlerMapping  - Mapped URL path [/user/login.do] onto handler 'userLoginAction'
2016-10-16 20:00:44 INFO  [main] org.springframework.web.servlet.mvc.annotation.DefaultAnnotationHandlerMapping  - Mapped URL path [/user/logout.do] onto handler 'userLoginAction'
2016-10-16 20:00:44 INFO  [main] org.springframework.web.servlet.mvc.annotation.DefaultAnnotationHandlerMapping  - Mapped URL path [/user/loginInit.do] onto handler 'userLoginAction'
2016-10-16 20:00:44 INFO  [main] org.springframework.web.servlet.mvc.annotation.DefaultAnnotationHandlerMapping  - Mapped URL path [/user/introduce.do] onto handler 'userLoginAction'
2016-10-16 20:00:44 INFO  [main] com.alibaba.druid.pool.DruidDataSource  - {dataSource-1} inited
2016-10-16 20:01:43 INFO  [main] org.springframework.context.support.ClassPathXmlApplicationContext  - Refreshing org.springframework.context.support.ClassPathXmlApplicationContext@226a82c4: startup date [Sun Oct 16 20:01:43 JST 2016]; root of context hierarchy
2016-10-16 20:01:43 INFO  [main] org.springframework.beans.factory.xml.XmlBeanDefinitionReader  - Loading XML bean definitions from class path resource [spring-mvc.xml]
2016-10-16 20:01:44 INFO  [main] org.springframework.beans.factory.xml.XmlBeanDefinitionReader  - Loading XML bean definitions from class path resource [spring-mybatis.xml]
2016-10-16 20:01:44 WARN  [main] org.mybatis.spring.mapper.ClassPathMapperScanner  - No MyBatis mapper was found in '[com.co.jp.bizplus.persistence.entity]' package. Please check your configuration.
2016-10-16 20:01:44 INFO  [main] org.springframework.beans.factory.config.PropertyPlaceholderConfigurer  - Loading properties file from class path resource [db.properties]
2016-10-16 20:01:44 INFO  [main] org.springframework.context.support.PropertySourcesPlaceholderConfigurer  - Loading properties file from class path resource [db.properties]
2016-10-16 20:01:44 INFO  [main] org.springframework.beans.factory.annotation.AutowiredAnnotationBeanPostProcessor  - JSR-330 'javax.inject.Inject' annotation found and supported for autowiring
2016-10-16 20:01:45 INFO  [main] org.springframework.web.servlet.mvc.method.annotation.RequestMappingHandlerMapping  - Mapped "{[/user/login.do],methods=[POST]}" onto public java.lang.String com.co.jp.bizplus.controller.common.UserLoginAction.doInput(com.co.jp.bizplus.controller.form.UserLoginForm,org.springframework.validation.BindingResult,org.springframework.ui.Model)
2016-10-16 20:01:45 INFO  [main] org.springframework.web.servlet.mvc.method.annotation.RequestMappingHandlerMapping  - Mapped "{[/user/introduce.do]}" onto public org.springframework.web.servlet.ModelAndView com.co.jp.bizplus.controller.common.UserLoginAction.introduce()
2016-10-16 20:01:45 INFO  [main] org.springframework.web.servlet.mvc.method.annotation.RequestMappingHandlerMapping  - Mapped "{[/user/logout.do],methods=[GET]}" onto public java.lang.String com.co.jp.bizplus.controller.common.UserLoginAction.logout(org.springframework.ui.Model)
2016-10-16 20:01:45 INFO  [main] org.springframework.web.servlet.mvc.method.annotation.RequestMappingHandlerMapping  - Mapped "{[/user/loginInit.do]}" onto public org.springframework.web.servlet.ModelAndView com.co.jp.bizplus.controller.common.UserLoginAction.loginInit(org.springframework.ui.Model)
2016-10-16 20:01:45 INFO  [main] org.hibernate.validator.internal.util.Version  - HV000001: Hibernate Validator 5.0.2.Final
2016-10-16 20:01:45 INFO  [main] org.springframework.web.servlet.mvc.method.annotation.RequestMappingHandlerAdapter  - Looking for @ControllerAdvice: org.springframework.context.support.ClassPathXmlApplicationContext@226a82c4: startup date [Sun Oct 16 20:01:43 JST 2016]; root of context hierarchy
2016-10-16 20:01:45 INFO  [main] org.springframework.web.servlet.mvc.method.annotation.RequestMappingHandlerAdapter  - Looking for @ControllerAdvice: org.springframework.context.support.ClassPathXmlApplicationContext@226a82c4: startup date [Sun Oct 16 20:01:43 JST 2016]; root of context hierarchy
2016-10-16 20:01:46 INFO  [main] org.springframework.web.servlet.mvc.annotation.DefaultAnnotationHandlerMapping  - Mapped URL path [/user/login.do] onto handler 'userLoginAction'
2016-10-16 20:01:46 INFO  [main] org.springframework.web.servlet.mvc.annotation.DefaultAnnotationHandlerMapping  - Mapped URL path [/user/introduce.do] onto handler 'userLoginAction'
2016-10-16 20:01:46 INFO  [main] org.springframework.web.servlet.mvc.annotation.DefaultAnnotationHandlerMapping  - Mapped URL path [/user/logout.do] onto handler 'userLoginAction'
2016-10-16 20:01:46 INFO  [main] org.springframework.web.servlet.mvc.annotation.DefaultAnnotationHandlerMapping  - Mapped URL path [/user/loginInit.do] onto handler 'userLoginAction'
2016-10-16 20:01:46 INFO  [main] com.alibaba.druid.pool.DruidDataSource  - {dataSource-1} inited
2016-10-16 20:02:18 INFO  [main] org.springframework.context.support.ClassPathXmlApplicationContext  - Refreshing org.springframework.context.support.ClassPathXmlApplicationContext@226a82c4: startup date [Sun Oct 16 20:02:18 JST 2016]; root of context hierarchy
2016-10-16 20:02:18 INFO  [main] org.springframework.beans.factory.xml.XmlBeanDefinitionReader  - Loading XML bean definitions from class path resource [spring-mvc.xml]
2016-10-16 20:02:18 INFO  [main] org.springframework.beans.factory.xml.XmlBeanDefinitionReader  - Loading XML bean definitions from class path resource [spring-mybatis.xml]
2016-10-16 20:02:18 WARN  [main] org.mybatis.spring.mapper.ClassPathMapperScanner  - No MyBatis mapper was found in '[com.co.jp.bizplus.persistence.entity]' package. Please check your configuration.
2016-10-16 20:02:19 INFO  [main] org.springframework.beans.factory.config.PropertyPlaceholderConfigurer  - Loading properties file from class path resource [db.properties]
2016-10-16 20:02:19 INFO  [main] org.springframework.context.support.PropertySourcesPlaceholderConfigurer  - Loading properties file from class path resource [db.properties]
2016-10-16 20:02:19 INFO  [main] org.springframework.beans.factory.annotation.AutowiredAnnotationBeanPostProcessor  - JSR-330 'javax.inject.Inject' annotation found and supported for autowiring
2016-10-16 20:02:19 INFO  [main] org.springframework.web.servlet.mvc.method.annotation.RequestMappingHandlerMapping  - Mapped "{[/user/login.do],methods=[POST]}" onto public java.lang.String com.co.jp.bizplus.controller.common.UserLoginAction.doInput(com.co.jp.bizplus.controller.form.UserLoginForm,org.springframework.validation.BindingResult,org.springframework.ui.Model)
2016-10-16 20:02:19 INFO  [main] org.springframework.web.servlet.mvc.method.annotation.RequestMappingHandlerMapping  - Mapped "{[/user/loginInit.do]}" onto public org.springframework.web.servlet.ModelAndView com.co.jp.bizplus.controller.common.UserLoginAction.loginInit(org.springframework.ui.Model)
2016-10-16 20:02:19 INFO  [main] org.springframework.web.servlet.mvc.method.annotation.RequestMappingHandlerMapping  - Mapped "{[/user/logout.do],methods=[GET]}" onto public java.lang.String com.co.jp.bizplus.controller.common.UserLoginAction.logout(org.springframework.ui.Model)
2016-10-16 20:02:19 INFO  [main] org.springframework.web.servlet.mvc.method.annotation.RequestMappingHandlerMapping  - Mapped "{[/user/introduce.do]}" onto public org.springframework.web.servlet.ModelAndView com.co.jp.bizplus.controller.common.UserLoginAction.introduce()
2016-10-16 20:02:19 INFO  [main] org.hibernate.validator.internal.util.Version  - HV000001: Hibernate Validator 5.0.2.Final
2016-10-16 20:02:20 INFO  [main] org.springframework.web.servlet.mvc.method.annotation.RequestMappingHandlerAdapter  - Looking for @ControllerAdvice: org.springframework.context.support.ClassPathXmlApplicationContext@226a82c4: startup date [Sun Oct 16 20:02:18 JST 2016]; root of context hierarchy
2016-10-16 20:02:20 INFO  [main] org.springframework.web.servlet.mvc.method.annotation.RequestMappingHandlerAdapter  - Looking for @ControllerAdvice: org.springframework.context.support.ClassPathXmlApplicationContext@226a82c4: startup date [Sun Oct 16 20:02:18 JST 2016]; root of context hierarchy
2016-10-16 20:02:20 INFO  [main] org.springframework.web.servlet.mvc.annotation.DefaultAnnotationHandlerMapping  - Mapped URL path [/user/login.do] onto handler 'userLoginAction'
2016-10-16 20:02:20 INFO  [main] org.springframework.web.servlet.mvc.annotation.DefaultAnnotationHandlerMapping  - Mapped URL path [/user/loginInit.do] onto handler 'userLoginAction'
2016-10-16 20:02:20 INFO  [main] org.springframework.web.servlet.mvc.annotation.DefaultAnnotationHandlerMapping  - Mapped URL path [/user/logout.do] onto handler 'userLoginAction'
2016-10-16 20:02:20 INFO  [main] org.springframework.web.servlet.mvc.annotation.DefaultAnnotationHandlerMapping  - Mapped URL path [/user/introduce.do] onto handler 'userLoginAction'
2016-10-16 20:02:20 INFO  [main] com.alibaba.druid.pool.DruidDataSource  - {dataSource-1} inited
2016-10-16 20:12:41 INFO  [main] org.hibernate.validator.internal.util.Version  - HV000001: Hibernate Validator 5.0.2.Final
2016-10-16 20:19:38 INFO  [main] org.hibernate.validator.internal.util.Version  - HV000001: Hibernate Validator 5.0.2.Final
2016-10-16 20:20:54 INFO  [main] org.springframework.context.support.ClassPathXmlApplicationContext  - Refreshing org.springframework.context.support.ClassPathXmlApplicationContext@246ae04d: startup date [Sun Oct 16 20:20:54 JST 2016]; root of context hierarchy
2016-10-16 20:20:54 INFO  [main] org.springframework.beans.factory.xml.XmlBeanDefinitionReader  - Loading XML bean definitions from class path resource [spring-mvc.xml]
2016-10-16 20:20:55 INFO  [main] org.springframework.beans.factory.xml.XmlBeanDefinitionReader  - Loading XML bean definitions from class path resource [spring-mybatis.xml]
2016-10-16 20:20:55 WARN  [main] org.mybatis.spring.mapper.ClassPathMapperScanner  - No MyBatis mapper was found in '[com.co.jp.bizplus.persistence.entity]' package. Please check your configuration.
2016-10-16 20:20:55 INFO  [main] org.springframework.beans.factory.config.PropertyPlaceholderConfigurer  - Loading properties file from class path resource [db.properties]
2016-10-16 20:20:55 INFO  [main] org.springframework.context.support.PropertySourcesPlaceholderConfigurer  - Loading properties file from class path resource [db.properties]
2016-10-16 20:20:55 INFO  [main] org.springframework.beans.factory.annotation.AutowiredAnnotationBeanPostProcessor  - JSR-330 'javax.inject.Inject' annotation found and supported for autowiring
2016-10-16 20:20:56 INFO  [main] org.springframework.web.servlet.mvc.annotation.DefaultAnnotationHandlerMapping  - Mapped URL path [/user/login.do] onto handler 'userLoginAction'
2016-10-16 20:20:56 INFO  [main] org.springframework.web.servlet.mvc.annotation.DefaultAnnotationHandlerMapping  - Mapped URL path [/user/loginInit.do] onto handler 'userLoginAction'
2016-10-16 20:20:56 INFO  [main] org.springframework.web.servlet.mvc.annotation.DefaultAnnotationHandlerMapping  - Mapped URL path [/user/logout.do] onto handler 'userLoginAction'
2016-10-16 20:20:56 INFO  [main] org.springframework.web.servlet.mvc.annotation.DefaultAnnotationHandlerMapping  - Mapped URL path [/user/introduce.do] onto handler 'userLoginAction'
2016-10-16 20:20:56 INFO  [main] org.hibernate.validator.internal.util.Version  - HV000001: Hibernate Validator 5.0.2.Final
2016-10-16 20:20:56 INFO  [main] org.springframework.web.servlet.mvc.method.annotation.RequestMappingHandlerMapping  - Mapped "{[/user/login.do],methods=[POST]}" onto public java.lang.String com.co.jp.bizplus.controller.common.UserLoginAction.doInput(com.co.jp.bizplus.controller.form.UserLoginForm,org.springframework.validation.BindingResult,org.springframework.ui.Model)
2016-10-16 20:20:56 INFO  [main] org.springframework.web.servlet.mvc.method.annotation.RequestMappingHandlerMapping  - Mapped "{[/user/loginInit.do]}" onto public org.springframework.web.servlet.ModelAndView com.co.jp.bizplus.controller.common.UserLoginAction.loginInit(org.springframework.ui.Model)
2016-10-16 20:20:56 INFO  [main] org.springframework.web.servlet.mvc.method.annotation.RequestMappingHandlerMapping  - Mapped "{[/user/logout.do],methods=[GET]}" onto public java.lang.String com.co.jp.bizplus.controller.common.UserLoginAction.logout(org.springframework.ui.Model)
2016-10-16 20:20:56 INFO  [main] org.springframework.web.servlet.mvc.method.annotation.RequestMappingHandlerMapping  - Mapped "{[/user/introduce.do]}" onto public org.springframework.web.servlet.ModelAndView com.co.jp.bizplus.controller.common.UserLoginAction.introduce()
2016-10-16 20:20:56 INFO  [main] org.springframework.web.servlet.mvc.method.annotation.RequestMappingHandlerAdapter  - Looking for @ControllerAdvice: org.springframework.context.support.ClassPathXmlApplicationContext@246ae04d: startup date [Sun Oct 16 20:20:54 JST 2016]; root of context hierarchy
2016-10-16 20:20:56 INFO  [main] org.springframework.web.servlet.mvc.method.annotation.RequestMappingHandlerAdapter  - Looking for @ControllerAdvice: org.springframework.context.support.ClassPathXmlApplicationContext@246ae04d: startup date [Sun Oct 16 20:20:54 JST 2016]; root of context hierarchy
2016-10-16 20:20:57 INFO  [main] com.alibaba.druid.pool.DruidDataSource  - {dataSource-1} inited
2016-10-16 20:23:59 INFO  [localhost-startStop-1] org.springframework.web.context.ContextLoader  - Root WebApplicationContext: initialization started
2016-10-16 20:23:59 INFO  [localhost-startStop-1] org.springframework.web.context.support.XmlWebApplicationContext  - Refreshing Root WebApplicationContext: startup date [Sun Oct 16 20:23:59 JST 2016]; root of context hierarchy
2016-10-16 20:23:59 INFO  [localhost-startStop-1] org.springframework.beans.factory.xml.XmlBeanDefinitionReader  - Loading XML bean definitions from class path resource [spring-mybatis.xml]
2016-10-16 20:24:00 WARN  [localhost-startStop-1] org.mybatis.spring.mapper.ClassPathMapperScanner  - No MyBatis mapper was found in '[com.co.jp.bizplus.persistence.entity]' package. Please check your configuration.
2016-10-16 20:24:00 INFO  [localhost-startStop-1] org.springframework.context.support.PropertySourcesPlaceholderConfigurer  - Loading properties file from class path resource [db.properties]
2016-10-16 20:24:00 INFO  [localhost-startStop-1] org.springframework.beans.factory.annotation.AutowiredAnnotationBeanPostProcessor  - JSR-330 'javax.inject.Inject' annotation found and supported for autowiring
2016-10-16 20:24:01 INFO  [localhost-startStop-1] com.alibaba.druid.pool.DruidDataSource  - {dataSource-1} inited
2016-10-16 20:24:02 INFO  [localhost-startStop-1] org.springframework.web.context.ContextLoader  - Root WebApplicationContext: initialization completed in 2990 ms
2016-10-16 20:24:02 INFO  [localhost-startStop-1] org.springframework.web.servlet.DispatcherServlet  - FrameworkServlet 'SpringMVC': initialization started
2016-10-16 20:24:02 INFO  [localhost-startStop-1] org.springframework.web.context.support.XmlWebApplicationContext  - Refreshing WebApplicationContext for namespace 'SpringMVC-servlet': startup date [Sun Oct 16 20:24:02 JST 2016]; parent: Root WebApplicationContext
2016-10-16 20:24:02 INFO  [localhost-startStop-1] org.springframework.beans.factory.xml.XmlBeanDefinitionReader  - Loading XML bean definitions from class path resource [spring-mvc.xml]
2016-10-16 20:24:02 INFO  [localhost-startStop-1] org.springframework.beans.factory.config.PropertyPlaceholderConfigurer  - Loading properties file from class path resource [db.properties]
2016-10-16 20:24:02 INFO  [localhost-startStop-1] org.springframework.beans.factory.annotation.AutowiredAnnotationBeanPostProcessor  - JSR-330 'javax.inject.Inject' annotation found and supported for autowiring
2016-10-16 20:24:02 INFO  [localhost-startStop-1] org.springframework.web.servlet.mvc.annotation.DefaultAnnotationHandlerMapping  - Mapped URL path [/user/login.do] onto handler 'userLoginAction'
2016-10-16 20:24:02 INFO  [localhost-startStop-1] org.springframework.web.servlet.mvc.annotation.DefaultAnnotationHandlerMapping  - Mapped URL path [/user/logout.do] onto handler 'userLoginAction'
2016-10-16 20:24:02 INFO  [localhost-startStop-1] org.springframework.web.servlet.mvc.annotation.DefaultAnnotationHandlerMapping  - Mapped URL path [/user/loginInit.do] onto handler 'userLoginAction'
2016-10-16 20:24:02 INFO  [localhost-startStop-1] org.springframework.web.servlet.mvc.annotation.DefaultAnnotationHandlerMapping  - Mapped URL path [/user/introduce.do] onto handler 'userLoginAction'
2016-10-16 20:24:03 INFO  [localhost-startStop-1] org.hibernate.validator.internal.util.Version  - HV000001: Hibernate Validator 5.0.2.Final
2016-10-16 20:24:03 INFO  [localhost-startStop-1] org.springframework.web.servlet.mvc.method.annotation.RequestMappingHandlerMapping  - Mapped "{[/user/login.do],methods=[POST]}" onto public java.lang.String com.co.jp.bizplus.controller.common.UserLoginAction.doInput(com.co.jp.bizplus.controller.form.UserLoginForm,org.springframework.validation.BindingResult,org.springframework.ui.Model)
2016-10-16 20:24:03 INFO  [localhost-startStop-1] org.springframework.web.servlet.mvc.method.annotation.RequestMappingHandlerMapping  - Mapped "{[/user/logout.do],methods=[GET]}" onto public java.lang.String com.co.jp.bizplus.controller.common.UserLoginAction.logout(org.springframework.ui.Model)
2016-10-16 20:24:03 INFO  [localhost-startStop-1] org.springframework.web.servlet.mvc.method.annotation.RequestMappingHandlerMapping  - Mapped "{[/user/loginInit.do]}" onto public org.springframework.web.servlet.ModelAndView com.co.jp.bizplus.controller.common.UserLoginAction.loginInit(org.springframework.ui.Model)
2016-10-16 20:24:03 INFO  [localhost-startStop-1] org.springframework.web.servlet.mvc.method.annotation.RequestMappingHandlerMapping  - Mapped "{[/user/introduce.do]}" onto public org.springframework.web.servlet.ModelAndView com.co.jp.bizplus.controller.common.UserLoginAction.introduce()
2016-10-16 20:24:03 INFO  [localhost-startStop-1] org.springframework.web.servlet.mvc.method.annotation.RequestMappingHandlerAdapter  - Looking for @ControllerAdvice: WebApplicationContext for namespace 'SpringMVC-servlet': startup date [Sun Oct 16 20:24:02 JST 2016]; parent: Root WebApplicationContext
2016-10-16 20:24:03 INFO  [localhost-startStop-1] org.springframework.web.servlet.mvc.method.annotation.RequestMappingHandlerAdapter  - Looking for @ControllerAdvice: WebApplicationContext for namespace 'SpringMVC-servlet': startup date [Sun Oct 16 20:24:02 JST 2016]; parent: Root WebApplicationContext
2016-10-16 20:24:04 INFO  [localhost-startStop-1] org.springframework.web.servlet.DispatcherServlet  - FrameworkServlet 'SpringMVC': initialization completed in 1607 ms
2016-10-16 20:32:59 INFO  [main] org.hibernate.validator.internal.util.Version  - HV000001: Hibernate Validator 5.0.2.Final
2016-10-16 20:33:06 INFO  [ContainerBackgroundProcessor[StandardEngine[Catalina]]] org.springframework.web.context.support.XmlWebApplicationContext  - Closing WebApplicationContext for namespace 'SpringMVC-servlet': startup date [Sun Oct 16 20:24:02 JST 2016]; parent: Root WebApplicationContext
2016-10-16 20:33:06 WARN  [ContainerBackgroundProcessor[StandardEngine[Catalina]]] com.co.jp.bizplus.ContextFinalizer  - Driver com.alibaba.druid.proxy.DruidDriver@5c4c5e63 deregistered
2016-10-16 20:33:06 WARN  [ContainerBackgroundProcessor[StandardEngine[Catalina]]] com.co.jp.bizplus.ContextFinalizer  - Driver com.mysql.jdbc.Driver@48201d74 deregistered
2016-10-16 20:33:11 INFO  [ContainerBackgroundProcessor[StandardEngine[Catalina]]] org.springframework.web.context.ContextLoader  - Root WebApplicationContext: initialization started
2016-10-16 20:33:11 INFO  [ContainerBackgroundProcessor[StandardEngine[Catalina]]] org.springframework.web.context.support.XmlWebApplicationContext  - Refreshing Root WebApplicationContext: startup date [Sun Oct 16 20:33:11 JST 2016]; root of context hierarchy
2016-10-16 20:33:11 INFO  [ContainerBackgroundProcessor[StandardEngine[Catalina]]] org.springframework.beans.factory.xml.XmlBeanDefinitionReader  - Loading XML bean definitions from class path resource [spring-mybatis.xml]
2016-10-16 20:33:11 WARN  [ContainerBackgroundProcessor[StandardEngine[Catalina]]] org.mybatis.spring.mapper.ClassPathMapperScanner  - No MyBatis mapper was found in '[com.co.jp.bizplus.persistence.entity]' package. Please check your configuration.
2016-10-16 20:33:11 INFO  [ContainerBackgroundProcessor[StandardEngine[Catalina]]] org.springframework.context.support.PropertySourcesPlaceholderConfigurer  - Loading properties file from class path resource [db.properties]
2016-10-16 20:33:11 INFO  [ContainerBackgroundProcessor[StandardEngine[Catalina]]] org.springframework.beans.factory.annotation.AutowiredAnnotationBeanPostProcessor  - JSR-330 'javax.inject.Inject' annotation found and supported for autowiring
2016-10-16 20:33:12 INFO  [ContainerBackgroundProcessor[StandardEngine[Catalina]]] com.alibaba.druid.pool.DruidDataSource  - {dataSource-1} inited
2016-10-16 20:33:13 INFO  [ContainerBackgroundProcessor[StandardEngine[Catalina]]] org.springframework.web.context.ContextLoader  - Root WebApplicationContext: initialization completed in 1727 ms
2016-10-16 20:33:13 INFO  [ContainerBackgroundProcessor[StandardEngine[Catalina]]] org.springframework.web.servlet.DispatcherServlet  - FrameworkServlet 'SpringMVC': initialization started
2016-10-16 20:33:13 INFO  [ContainerBackgroundProcessor[StandardEngine[Catalina]]] org.springframework.web.context.support.XmlWebApplicationContext  - Refreshing WebApplicationContext for namespace 'SpringMVC-servlet': startup date [Sun Oct 16 20:33:13 JST 2016]; parent: Root WebApplicationContext
2016-10-16 20:33:13 INFO  [ContainerBackgroundProcessor[StandardEngine[Catalina]]] org.springframework.beans.factory.xml.XmlBeanDefinitionReader  - Loading XML bean definitions from class path resource [spring-mvc.xml]
2016-10-16 20:33:13 INFO  [ContainerBackgroundProcessor[StandardEngine[Catalina]]] org.springframework.beans.factory.config.PropertyPlaceholderConfigurer  - Loading properties file from class path resource [db.properties]
2016-10-16 20:33:13 INFO  [ContainerBackgroundProcessor[StandardEngine[Catalina]]] org.springframework.beans.factory.annotation.AutowiredAnnotationBeanPostProcessor  - JSR-330 'javax.inject.Inject' annotation found and supported for autowiring
2016-10-16 20:33:13 INFO  [ContainerBackgroundProcessor[StandardEngine[Catalina]]] org.springframework.web.servlet.mvc.annotation.DefaultAnnotationHandlerMapping  - Mapped URL path [/user/login.do] onto handler 'userLoginAction'
2016-10-16 20:33:13 INFO  [ContainerBackgroundProcessor[StandardEngine[Catalina]]] org.springframework.web.servlet.mvc.annotation.DefaultAnnotationHandlerMapping  - Mapped URL path [/user/logout.do] onto handler 'userLoginAction'
2016-10-16 20:33:13 INFO  [ContainerBackgroundProcessor[StandardEngine[Catalina]]] org.springframework.web.servlet.mvc.annotation.DefaultAnnotationHandlerMapping  - Mapped URL path [/user/loginInit.do] onto handler 'userLoginAction'
2016-10-16 20:33:13 INFO  [ContainerBackgroundProcessor[StandardEngine[Catalina]]] org.springframework.web.servlet.mvc.annotation.DefaultAnnotationHandlerMapping  - Mapped URL path [/user/introduce.do] onto handler 'userLoginAction'
2016-10-16 20:33:13 INFO  [ContainerBackgroundProcessor[StandardEngine[Catalina]]] org.hibernate.validator.internal.util.Version  - HV000001: Hibernate Validator 5.0.2.Final
2016-10-16 20:33:14 INFO  [ContainerBackgroundProcessor[StandardEngine[Catalina]]] org.springframework.web.servlet.mvc.method.annotation.RequestMappingHandlerMapping  - Mapped "{[/user/login.do],methods=[POST]}" onto public java.lang.String com.co.jp.bizplus.controller.common.UserLoginAction.doInput(com.co.jp.bizplus.controller.form.UserLoginForm,org.springframework.validation.BindingResult,org.springframework.ui.Model)
2016-10-16 20:33:14 INFO  [ContainerBackgroundProcessor[StandardEngine[Catalina]]] org.springframework.web.servlet.mvc.method.annotation.RequestMappingHandlerMapping  - Mapped "{[/user/logout.do],methods=[GET]}" onto public java.lang.String com.co.jp.bizplus.controller.common.UserLoginAction.logout(org.springframework.ui.Model)
2016-10-16 20:33:14 INFO  [ContainerBackgroundProcessor[StandardEngine[Catalina]]] org.springframework.web.servlet.mvc.method.annotation.RequestMappingHandlerMapping  - Mapped "{[/user/loginInit.do]}" onto public org.springframework.web.servlet.ModelAndView com.co.jp.bizplus.controller.common.UserLoginAction.loginInit(org.springframework.ui.Model)
2016-10-16 20:33:14 INFO  [ContainerBackgroundProcessor[StandardEngine[Catalina]]] org.springframework.web.servlet.mvc.method.annotation.RequestMappingHandlerMapping  - Mapped "{[/user/introduce.do]}" onto public org.springframework.web.servlet.ModelAndView com.co.jp.bizplus.controller.common.UserLoginAction.introduce()
2016-10-16 20:33:14 INFO  [ContainerBackgroundProcessor[StandardEngine[Catalina]]] org.springframework.web.servlet.mvc.method.annotation.RequestMappingHandlerAdapter  - Looking for @ControllerAdvice: WebApplicationContext for namespace 'SpringMVC-servlet': startup date [Sun Oct 16 20:33:13 JST 2016]; parent: Root WebApplicationContext
2016-10-16 20:33:14 INFO  [ContainerBackgroundProcessor[StandardEngine[Catalina]]] org.springframework.web.servlet.mvc.method.annotation.RequestMappingHandlerAdapter  - Looking for @ControllerAdvice: WebApplicationContext for namespace 'SpringMVC-servlet': startup date [Sun Oct 16 20:33:13 JST 2016]; parent: Root WebApplicationContext
2016-10-16 20:33:15 INFO  [ContainerBackgroundProcessor[StandardEngine[Catalina]]] org.springframework.web.servlet.DispatcherServlet  - FrameworkServlet 'SpringMVC': initialization completed in 1905 ms
2016-10-16 20:33:15 INFO  [localhost-startStop-2] org.springframework.web.context.support.XmlWebApplicationContext  - Closing WebApplicationContext for namespace 'SpringMVC-servlet': startup date [Sun Oct 16 20:33:13 JST 2016]; parent: Root WebApplicationContext
2016-10-16 20:33:15 WARN  [localhost-startStop-2] com.co.jp.bizplus.ContextFinalizer  - Driver com.alibaba.druid.proxy.DruidDriver@58b6b70f deregistered
2016-10-16 20:33:15 WARN  [localhost-startStop-2] com.co.jp.bizplus.ContextFinalizer  - Driver com.mysql.jdbc.Driver@3a478af2 deregistered
2016-10-16 20:33:20 INFO  [main] org.hibernate.validator.internal.util.Version  - HV000001: Hibernate Validator 5.0.2.Final
2016-10-16 20:36:57 INFO  [main] org.hibernate.validator.internal.util.Version  - HV000001: Hibernate Validator 5.0.2.Final
2016-10-16 20:38:31 INFO  [main] org.hibernate.validator.internal.util.Version  - HV000001: Hibernate Validator 5.0.2.Final
2016-10-16 20:39:08 INFO  [main] org.hibernate.validator.internal.util.Version  - HV000001: Hibernate Validator 5.0.2.Final
2016-10-16 20:40:00 INFO  [main] org.hibernate.validator.internal.util.Version  - HV000001: Hibernate Validator 5.0.2.Final
2016-10-16 20:44:35 INFO  [main] org.hibernate.validator.internal.util.Version  - HV000001: Hibernate Validator 5.0.2.Final
2016-10-16 20:46:57 INFO  [main] org.hibernate.validator.internal.util.Version  - HV000001: Hibernate Validator 5.0.2.Final
2016-10-16 20:47:53 INFO  [main] org.hibernate.validator.internal.util.Version  - HV000001: Hibernate Validator 5.0.2.Final
2016-10-16 20:48:38 INFO  [main] org.hibernate.validator.internal.util.Version  - HV000001: Hibernate Validator 5.0.2.Final
2016-10-16 20:48:58 INFO  [main] org.hibernate.validator.internal.util.Version  - HV000001: Hibernate Validator 5.0.2.Final
2016-10-16 20:51:23 INFO  [localhost-startStop-1] org.springframework.web.context.ContextLoader  - Root WebApplicationContext: initialization started
2016-10-16 20:51:23 INFO  [localhost-startStop-1] org.springframework.web.context.support.XmlWebApplicationContext  - Refreshing Root WebApplicationContext: startup date [Sun Oct 16 20:51:23 JST 2016]; root of context hierarchy
2016-10-16 20:51:23 INFO  [localhost-startStop-1] org.springframework.beans.factory.xml.XmlBeanDefinitionReader  - Loading XML bean definitions from class path resource [spring-mybatis.xml]
2016-10-16 20:51:23 WARN  [localhost-startStop-1] org.mybatis.spring.mapper.ClassPathMapperScanner  - No MyBatis mapper was found in '[com.co.jp.bizplus.persistence.entity]' package. Please check your configuration.
2016-10-16 20:51:24 INFO  [localhost-startStop-1] org.springframework.context.support.PropertySourcesPlaceholderConfigurer  - Loading properties file from class path resource [db.properties]
2016-10-16 20:51:24 INFO  [localhost-startStop-1] org.springframework.beans.factory.annotation.AutowiredAnnotationBeanPostProcessor  - JSR-330 'javax.inject.Inject' annotation found and supported for autowiring
2016-10-16 20:51:24 INFO  [localhost-startStop-1] com.alibaba.druid.pool.DruidDataSource  - {dataSource-1} inited
2016-10-16 20:51:25 INFO  [localhost-startStop-1] org.springframework.web.context.ContextLoader  - Root WebApplicationContext: initialization completed in 2220 ms
2016-10-16 20:51:25 INFO  [localhost-startStop-1] org.springframework.web.servlet.DispatcherServlet  - FrameworkServlet 'SpringMVC': initialization started
2016-10-16 20:51:25 INFO  [localhost-startStop-1] org.springframework.web.context.support.XmlWebApplicationContext  - Refreshing WebApplicationContext for namespace 'SpringMVC-servlet': startup date [Sun Oct 16 20:51:25 JST 2016]; parent: Root WebApplicationContext
2016-10-16 20:51:25 INFO  [localhost-startStop-1] org.springframework.beans.factory.xml.XmlBeanDefinitionReader  - Loading XML bean definitions from class path resource [spring-mvc.xml]
2016-10-16 20:51:25 INFO  [localhost-startStop-1] org.springframework.beans.factory.config.PropertyPlaceholderConfigurer  - Loading properties file from class path resource [db.properties]
2016-10-16 20:51:25 INFO  [localhost-startStop-1] org.springframework.beans.factory.annotation.AutowiredAnnotationBeanPostProcessor  - JSR-330 'javax.inject.Inject' annotation found and supported for autowiring
2016-10-16 20:51:25 INFO  [localhost-startStop-1] org.springframework.web.servlet.mvc.annotation.DefaultAnnotationHandlerMapping  - Mapped URL path [/user/login.do] onto handler 'userLoginAction'
2016-10-16 20:51:25 INFO  [localhost-startStop-1] org.springframework.web.servlet.mvc.annotation.DefaultAnnotationHandlerMapping  - Mapped URL path [/user/logout.do] onto handler 'userLoginAction'
2016-10-16 20:51:25 INFO  [localhost-startStop-1] org.springframework.web.servlet.mvc.annotation.DefaultAnnotationHandlerMapping  - Mapped URL path [/user/introduce.do] onto handler 'userLoginAction'
2016-10-16 20:51:25 INFO  [localhost-startStop-1] org.springframework.web.servlet.mvc.annotation.DefaultAnnotationHandlerMapping  - Mapped URL path [/user/loginInit.do] onto handler 'userLoginAction'
2016-10-16 20:51:26 INFO  [localhost-startStop-1] org.hibernate.validator.internal.util.Version  - HV000001: Hibernate Validator 5.0.2.Final
2016-10-16 20:51:26 INFO  [localhost-startStop-1] org.springframework.web.servlet.mvc.method.annotation.RequestMappingHandlerMapping  - Mapped "{[/user/login.do],methods=[POST]}" onto public java.lang.String com.co.jp.bizplus.controller.common.UserLoginAction.doInput(com.co.jp.bizplus.controller.form.UserLoginForm,org.springframework.validation.BindingResult,org.springframework.ui.Model)
2016-10-16 20:51:26 INFO  [localhost-startStop-1] org.springframework.web.servlet.mvc.method.annotation.RequestMappingHandlerMapping  - Mapped "{[/user/logout.do],methods=[GET]}" onto public java.lang.String com.co.jp.bizplus.controller.common.UserLoginAction.logout(org.springframework.ui.Model)
2016-10-16 20:51:26 INFO  [localhost-startStop-1] org.springframework.web.servlet.mvc.method.annotation.RequestMappingHandlerMapping  - Mapped "{[/user/introduce.do]}" onto public org.springframework.web.servlet.ModelAndView com.co.jp.bizplus.controller.common.UserLoginAction.introduce()
2016-10-16 20:51:26 INFO  [localhost-startStop-1] org.springframework.web.servlet.mvc.method.annotation.RequestMappingHandlerMapping  - Mapped "{[/user/loginInit.do]}" onto public org.springframework.web.servlet.ModelAndView com.co.jp.bizplus.controller.common.UserLoginAction.loginInit(org.springframework.ui.Model)
2016-10-16 20:51:26 INFO  [localhost-startStop-1] org.springframework.web.servlet.mvc.method.annotation.RequestMappingHandlerAdapter  - Looking for @ControllerAdvice: WebApplicationContext for namespace 'SpringMVC-servlet': startup date [Sun Oct 16 20:51:25 JST 2016]; parent: Root WebApplicationContext
2016-10-16 20:51:26 INFO  [localhost-startStop-1] org.springframework.web.servlet.mvc.method.annotation.RequestMappingHandlerAdapter  - Looking for @ControllerAdvice: WebApplicationContext for namespace 'SpringMVC-servlet': startup date [Sun Oct 16 20:51:25 JST 2016]; parent: Root WebApplicationContext
2016-10-16 20:51:26 INFO  [localhost-startStop-1] org.springframework.web.servlet.DispatcherServlet  - FrameworkServlet 'SpringMVC': initialization completed in 1278 ms
2016-10-16 20:52:49 INFO  [ContainerBackgroundProcessor[StandardEngine[Catalina]]] org.springframework.web.context.support.XmlWebApplicationContext  - Closing WebApplicationContext for namespace 'SpringMVC-servlet': startup date [Sun Oct 16 20:51:25 JST 2016]; parent: Root WebApplicationContext
2016-10-16 20:52:49 WARN  [ContainerBackgroundProcessor[StandardEngine[Catalina]]] com.co.jp.bizplus.ContextFinalizer  - Driver com.alibaba.druid.proxy.DruidDriver@3fd274e4 deregistered
2016-10-16 20:52:49 WARN  [ContainerBackgroundProcessor[StandardEngine[Catalina]]] com.co.jp.bizplus.ContextFinalizer  - Driver com.mysql.jdbc.Driver@66a5bcb6 deregistered
2016-10-16 20:52:55 INFO  [ContainerBackgroundProcessor[StandardEngine[Catalina]]] org.springframework.web.context.ContextLoader  - Root WebApplicationContext: initialization started
2016-10-16 20:52:56 INFO  [ContainerBackgroundProcessor[StandardEngine[Catalina]]] org.springframework.web.context.support.XmlWebApplicationContext  - Refreshing Root WebApplicationContext: startup date [Sun Oct 16 20:52:56 JST 2016]; root of context hierarchy
2016-10-16 20:52:56 INFO  [ContainerBackgroundProcessor[StandardEngine[Catalina]]] org.springframework.beans.factory.xml.XmlBeanDefinitionReader  - Loading XML bean definitions from class path resource [spring-mybatis.xml]
2016-10-16 20:52:56 WARN  [ContainerBackgroundProcessor[StandardEngine[Catalina]]] org.mybatis.spring.mapper.ClassPathMapperScanner  - No MyBatis mapper was found in '[com.co.jp.bizplus.persistence.entity]' package. Please check your configuration.
2016-10-16 20:52:57 INFO  [ContainerBackgroundProcessor[StandardEngine[Catalina]]] org.springframework.context.support.PropertySourcesPlaceholderConfigurer  - Loading properties file from class path resource [db.properties]
2016-10-16 20:52:57 INFO  [ContainerBackgroundProcessor[StandardEngine[Catalina]]] org.springframework.beans.factory.annotation.AutowiredAnnotationBeanPostProcessor  - JSR-330 'javax.inject.Inject' annotation found and supported for autowiring
2016-10-16 20:52:57 INFO  [ContainerBackgroundProcessor[StandardEngine[Catalina]]] com.alibaba.druid.pool.DruidDataSource  - {dataSource-1} inited
2016-10-16 20:52:58 INFO  [ContainerBackgroundProcessor[StandardEngine[Catalina]]] org.springframework.web.context.ContextLoader  - Root WebApplicationContext: initialization completed in 2431 ms
2016-10-16 20:52:58 INFO  [ContainerBackgroundProcessor[StandardEngine[Catalina]]] org.springframework.web.servlet.DispatcherServlet  - FrameworkServlet 'SpringMVC': initialization started
2016-10-16 20:52:58 INFO  [ContainerBackgroundProcessor[StandardEngine[Catalina]]] org.springframework.web.context.support.XmlWebApplicationContext  - Refreshing WebApplicationContext for namespace 'SpringMVC-servlet': startup date [Sun Oct 16 20:52:58 JST 2016]; parent: Root WebApplicationContext
2016-10-16 20:52:58 INFO  [ContainerBackgroundProcessor[StandardEngine[Catalina]]] org.springframework.beans.factory.xml.XmlBeanDefinitionReader  - Loading XML bean definitions from class path resource [spring-mvc.xml]
2016-10-16 20:52:58 INFO  [ContainerBackgroundProcessor[StandardEngine[Catalina]]] org.springframework.beans.factory.config.PropertyPlaceholderConfigurer  - Loading properties file from class path resource [db.properties]
2016-10-16 20:52:58 INFO  [ContainerBackgroundProcessor[StandardEngine[Catalina]]] org.springframework.beans.factory.annotation.AutowiredAnnotationBeanPostProcessor  - JSR-330 'javax.inject.Inject' annotation found and supported for autowiring
2016-10-16 20:52:58 INFO  [ContainerBackgroundProcessor[StandardEngine[Catalina]]] org.springframework.web.servlet.mvc.annotation.DefaultAnnotationHandlerMapping  - Mapped URL path [/user/login.do] onto handler 'userLoginAction'
2016-10-16 20:52:58 INFO  [ContainerBackgroundProcessor[StandardEngine[Catalina]]] org.springframework.web.servlet.mvc.annotation.DefaultAnnotationHandlerMapping  - Mapped URL path [/user/logout.do] onto handler 'userLoginAction'
2016-10-16 20:52:58 INFO  [ContainerBackgroundProcessor[StandardEngine[Catalina]]] org.springframework.web.servlet.mvc.annotation.DefaultAnnotationHandlerMapping  - Mapped URL path [/user/introduce.do] onto handler 'userLoginAction'
2016-10-16 20:52:58 INFO  [ContainerBackgroundProcessor[StandardEngine[Catalina]]] org.springframework.web.servlet.mvc.annotation.DefaultAnnotationHandlerMapping  - Mapped URL path [/user/loginInit.do] onto handler 'userLoginAction'
2016-10-16 20:52:59 INFO  [ContainerBackgroundProcessor[StandardEngine[Catalina]]] org.hibernate.validator.internal.util.Version  - HV000001: Hibernate Validator 5.0.2.Final
2016-10-16 20:52:59 INFO  [ContainerBackgroundProcessor[StandardEngine[Catalina]]] org.springframework.web.servlet.mvc.method.annotation.RequestMappingHandlerMapping  - Mapped "{[/user/login.do],methods=[POST]}" onto public java.lang.String com.co.jp.bizplus.controller.common.UserLoginAction.doInput(com.co.jp.bizplus.controller.form.UserLoginForm,org.springframework.validation.BindingResult,org.springframework.ui.Model)
2016-10-16 20:52:59 INFO  [ContainerBackgroundProcessor[StandardEngine[Catalina]]] org.springframework.web.servlet.mvc.method.annotation.RequestMappingHandlerMapping  - Mapped "{[/user/logout.do],methods=[GET]}" onto public java.lang.String com.co.jp.bizplus.controller.common.UserLoginAction.logout(org.springframework.ui.Model)
2016-10-16 20:52:59 INFO  [ContainerBackgroundProcessor[StandardEngine[Catalina]]] org.springframework.web.servlet.mvc.method.annotation.RequestMappingHandlerMapping  - Mapped "{[/user/introduce.do]}" onto public org.springframework.web.servlet.ModelAndView com.co.jp.bizplus.controller.common.UserLoginAction.introduce()
2016-10-16 20:52:59 INFO  [ContainerBackgroundProcessor[StandardEngine[Catalina]]] org.springframework.web.servlet.mvc.method.annotation.RequestMappingHandlerMapping  - Mapped "{[/user/loginInit.do]}" onto public org.springframework.web.servlet.ModelAndView com.co.jp.bizplus.controller.common.UserLoginAction.loginInit(org.springframework.ui.Model)
2016-10-16 20:52:59 INFO  [ContainerBackgroundProcessor[StandardEngine[Catalina]]] org.springframework.web.servlet.mvc.method.annotation.RequestMappingHandlerAdapter  - Looking for @ControllerAdvice: WebApplicationContext for namespace 'SpringMVC-servlet': startup date [Sun Oct 16 20:52:58 JST 2016]; parent: Root WebApplicationContext
2016-10-16 20:52:59 INFO  [ContainerBackgroundProcessor[StandardEngine[Catalina]]] org.springframework.web.servlet.mvc.method.annotation.RequestMappingHandlerAdapter  - Looking for @ControllerAdvice: WebApplicationContext for namespace 'SpringMVC-servlet': startup date [Sun Oct 16 20:52:58 JST 2016]; parent: Root WebApplicationContext
2016-10-16 20:52:59 INFO  [ContainerBackgroundProcessor[StandardEngine[Catalina]]] org.springframework.web.servlet.DispatcherServlet  - FrameworkServlet 'SpringMVC': initialization completed in 1374 ms
2016-10-16 20:54:20 INFO  [ContainerBackgroundProcessor[StandardEngine[Catalina]]] org.springframework.web.context.support.XmlWebApplicationContext  - Closing WebApplicationContext for namespace 'SpringMVC-servlet': startup date [Sun Oct 16 20:52:58 JST 2016]; parent: Root WebApplicationContext
2016-10-16 20:54:20 WARN  [ContainerBackgroundProcessor[StandardEngine[Catalina]]] com.co.jp.bizplus.ContextFinalizer  - Driver com.alibaba.druid.proxy.DruidDriver@58c11799 deregistered
2016-10-16 20:54:20 WARN  [ContainerBackgroundProcessor[StandardEngine[Catalina]]] com.co.jp.bizplus.ContextFinalizer  - Driver com.mysql.jdbc.Driver@44dc682d deregistered
2016-10-16 20:55:33 INFO  [main] org.hibernate.validator.internal.util.Version  - HV000001: Hibernate Validator 5.0.2.Final
2016-10-16 20:55:40 INFO  [ContainerBackgroundProcessor[StandardEngine[Catalina]]] org.springframework.web.context.ContextLoader  - Root WebApplicationContext: initialization started
2016-10-16 20:55:40 INFO  [ContainerBackgroundProcessor[StandardEngine[Catalina]]] org.springframework.web.context.support.XmlWebApplicationContext  - Refreshing Root WebApplicationContext: startup date [Sun Oct 16 20:55:40 JST 2016]; root of context hierarchy
2016-10-16 20:55:40 INFO  [ContainerBackgroundProcessor[StandardEngine[Catalina]]] org.springframework.beans.factory.xml.XmlBeanDefinitionReader  - Loading XML bean definitions from class path resource [spring-mybatis.xml]
2016-10-16 20:55:41 WARN  [ContainerBackgroundProcessor[StandardEngine[Catalina]]] org.mybatis.spring.mapper.ClassPathMapperScanner  - No MyBatis mapper was found in '[com.co.jp.bizplus.persistence.entity]' package. Please check your configuration.
2016-10-16 20:55:41 INFO  [ContainerBackgroundProcessor[StandardEngine[Catalina]]] org.springframework.context.support.PropertySourcesPlaceholderConfigurer  - Loading properties file from class path resource [db.properties]
2016-10-16 20:55:41 INFO  [ContainerBackgroundProcessor[StandardEngine[Catalina]]] org.springframework.beans.factory.annotation.AutowiredAnnotationBeanPostProcessor  - JSR-330 'javax.inject.Inject' annotation found and supported for autowiring
2016-10-16 20:55:42 INFO  [ContainerBackgroundProcessor[StandardEngine[Catalina]]] com.alibaba.druid.pool.DruidDataSource  - {dataSource-1} inited
2016-10-16 20:55:42 INFO  [ContainerBackgroundProcessor[StandardEngine[Catalina]]] org.springframework.web.context.ContextLoader  - Root WebApplicationContext: initialization completed in 1926 ms
2016-10-16 20:55:42 INFO  [ContainerBackgroundProcessor[StandardEngine[Catalina]]] org.springframework.web.servlet.DispatcherServlet  - FrameworkServlet 'SpringMVC': initialization started
2016-10-16 20:55:42 INFO  [ContainerBackgroundProcessor[StandardEngine[Catalina]]] org.springframework.web.context.support.XmlWebApplicationContext  - Refreshing WebApplicationContext for namespace 'SpringMVC-servlet': startup date [Sun Oct 16 20:55:42 JST 2016]; parent: Root WebApplicationContext
2016-10-16 20:55:42 INFO  [ContainerBackgroundProcessor[StandardEngine[Catalina]]] org.springframework.beans.factory.xml.XmlBeanDefinitionReader  - Loading XML bean definitions from class path resource [spring-mvc.xml]
2016-10-16 20:55:43 INFO  [ContainerBackgroundProcessor[StandardEngine[Catalina]]] org.springframework.beans.factory.config.PropertyPlaceholderConfigurer  - Loading properties file from class path resource [db.properties]
2016-10-16 20:55:43 INFO  [ContainerBackgroundProcessor[StandardEngine[Catalina]]] org.springframework.beans.factory.annotation.AutowiredAnnotationBeanPostProcessor  - JSR-330 'javax.inject.Inject' annotation found and supported for autowiring
2016-10-16 20:55:43 INFO  [ContainerBackgroundProcessor[StandardEngine[Catalina]]] org.springframework.web.servlet.mvc.annotation.DefaultAnnotationHandlerMapping  - Mapped URL path [/user/login.do] onto handler 'userLoginAction'
2016-10-16 20:55:43 INFO  [ContainerBackgroundProcessor[StandardEngine[Catalina]]] org.springframework.web.servlet.mvc.annotation.DefaultAnnotationHandlerMapping  - Mapped URL path [/user/logout.do] onto handler 'userLoginAction'
2016-10-16 20:55:43 INFO  [ContainerBackgroundProcessor[StandardEngine[Catalina]]] org.springframework.web.servlet.mvc.annotation.DefaultAnnotationHandlerMapping  - Mapped URL path [/user/introduce.do] onto handler 'userLoginAction'
2016-10-16 20:55:43 INFO  [ContainerBackgroundProcessor[StandardEngine[Catalina]]] org.springframework.web.servlet.mvc.annotation.DefaultAnnotationHandlerMapping  - Mapped URL path [/user/loginInit.do] onto handler 'userLoginAction'
2016-10-16 20:55:43 INFO  [ContainerBackgroundProcessor[StandardEngine[Catalina]]] org.hibernate.validator.internal.util.Version  - HV000001: Hibernate Validator 5.0.2.Final
2016-10-16 20:55:43 INFO  [ContainerBackgroundProcessor[StandardEngine[Catalina]]] org.springframework.web.servlet.mvc.method.annotation.RequestMappingHandlerMapping  - Mapped "{[/user/login.do],methods=[POST]}" onto public java.lang.String com.co.jp.bizplus.controller.common.UserLoginAction.doInput(com.co.jp.bizplus.controller.form.UserLoginForm,org.springframework.validation.BindingResult,org.springframework.ui.Model)
2016-10-16 20:55:43 INFO  [ContainerBackgroundProcessor[StandardEngine[Catalina]]] org.springframework.web.servlet.mvc.method.annotation.RequestMappingHandlerMapping  - Mapped "{[/user/logout.do],methods=[GET]}" onto public java.lang.String com.co.jp.bizplus.controller.common.UserLoginAction.logout(org.springframework.ui.Model)
2016-10-16 20:55:43 INFO  [ContainerBackgroundProcessor[StandardEngine[Catalina]]] org.springframework.web.servlet.mvc.method.annotation.RequestMappingHandlerMapping  - Mapped "{[/user/introduce.do]}" onto public org.springframework.web.servlet.ModelAndView com.co.jp.bizplus.controller.common.UserLoginAction.introduce()
2016-10-16 20:55:43 INFO  [ContainerBackgroundProcessor[StandardEngine[Catalina]]] org.springframework.web.servlet.mvc.method.annotation.RequestMappingHandlerMapping  - Mapped "{[/user/loginInit.do]}" onto public org.springframework.web.servlet.ModelAndView com.co.jp.bizplus.controller.common.UserLoginAction.loginInit(org.springframework.ui.Model)
2016-10-16 20:55:43 INFO  [ContainerBackgroundProcessor[StandardEngine[Catalina]]] org.springframework.web.servlet.mvc.method.annotation.RequestMappingHandlerAdapter  - Looking for @ControllerAdvice: WebApplicationContext for namespace 'SpringMVC-servlet': startup date [Sun Oct 16 20:55:42 JST 2016]; parent: Root WebApplicationContext
2016-10-16 20:55:43 INFO  [ContainerBackgroundProcessor[StandardEngine[Catalina]]] org.springframework.web.servlet.mvc.method.annotation.RequestMappingHandlerAdapter  - Looking for @ControllerAdvice: WebApplicationContext for namespace 'SpringMVC-servlet': startup date [Sun Oct 16 20:55:42 JST 2016]; parent: Root WebApplicationContext
2016-10-16 20:55:44 INFO  [ContainerBackgroundProcessor[StandardEngine[Catalina]]] org.springframework.web.servlet.DispatcherServlet  - FrameworkServlet 'SpringMVC': initialization completed in 1268 ms
2016-10-16 20:55:51 INFO  [main] org.hibernate.validator.internal.util.Version  - HV000001: Hibernate Validator 5.0.2.Final
2016-10-16 20:55:58 INFO  [localhost-startStop-2] org.springframework.web.context.support.XmlWebApplicationContext  - Closing WebApplicationContext for namespace 'SpringMVC-servlet': startup date [Sun Oct 16 20:55:42 JST 2016]; parent: Root WebApplicationContext
2016-10-16 20:55:58 WARN  [localhost-startStop-2] com.co.jp.bizplus.ContextFinalizer  - Driver com.alibaba.druid.proxy.DruidDriver@6f2d9cc3 deregistered
2016-10-16 20:55:58 WARN  [localhost-startStop-2] com.co.jp.bizplus.ContextFinalizer  - Driver com.mysql.jdbc.Driver@3b62909f deregistered
2016-10-16 20:56:04 INFO  [main] org.hibernate.validator.internal.util.Version  - HV000001: Hibernate Validator 5.0.2.Final
2016-10-16 20:59:13 INFO  [main] org.hibernate.validator.internal.util.Version  - HV000001: Hibernate Validator 5.0.2.Final
2016-10-16 21:04:11 INFO  [localhost-startStop-1] org.springframework.web.context.ContextLoader  - Root WebApplicationContext: initialization started
2016-10-16 21:04:11 INFO  [localhost-startStop-1] org.springframework.web.context.support.XmlWebApplicationContext  - Refreshing Root WebApplicationContext: startup date [Sun Oct 16 21:04:11 JST 2016]; root of context hierarchy
2016-10-16 21:04:11 INFO  [localhost-startStop-1] org.springframework.beans.factory.xml.XmlBeanDefinitionReader  - Loading XML bean definitions from class path resource [spring-mybatis.xml]
2016-10-16 21:04:11 WARN  [localhost-startStop-1] org.mybatis.spring.mapper.ClassPathMapperScanner  - No MyBatis mapper was found in '[com.co.jp.bizplus.persistence.entity]' package. Please check your configuration.
2016-10-16 21:04:12 INFO  [localhost-startStop-1] org.springframework.context.support.PropertySourcesPlaceholderConfigurer  - Loading properties file from class path resource [db.properties]
2016-10-16 21:04:12 INFO  [localhost-startStop-1] org.springframework.beans.factory.annotation.AutowiredAnnotationBeanPostProcessor  - JSR-330 'javax.inject.Inject' annotation found and supported for autowiring
2016-10-16 21:04:12 INFO  [localhost-startStop-1] com.alibaba.druid.pool.DruidDataSource  - {dataSource-1} inited
2016-10-16 21:04:13 INFO  [localhost-startStop-1] org.springframework.web.context.ContextLoader  - Root WebApplicationContext: initialization completed in 2581 ms
2016-10-16 21:04:13 INFO  [localhost-startStop-1] org.springframework.web.servlet.DispatcherServlet  - FrameworkServlet 'SpringMVC': initialization started
2016-10-16 21:04:13 INFO  [localhost-startStop-1] org.springframework.web.context.support.XmlWebApplicationContext  - Refreshing WebApplicationContext for namespace 'SpringMVC-servlet': startup date [Sun Oct 16 21:04:13 JST 2016]; parent: Root WebApplicationContext
2016-10-16 21:04:13 INFO  [localhost-startStop-1] org.springframework.beans.factory.xml.XmlBeanDefinitionReader  - Loading XML bean definitions from class path resource [spring-mvc.xml]
2016-10-16 21:04:14 INFO  [localhost-startStop-1] org.springframework.beans.factory.config.PropertyPlaceholderConfigurer  - Loading properties file from class path resource [db.properties]
2016-10-16 21:04:14 INFO  [localhost-startStop-1] org.springframework.beans.factory.annotation.AutowiredAnnotationBeanPostProcessor  - JSR-330 'javax.inject.Inject' annotation found and supported for autowiring
2016-10-16 21:04:14 INFO  [localhost-startStop-1] org.springframework.web.servlet.mvc.method.annotation.RequestMappingHandlerMapping  - Mapped "{[/user/login.do],methods=[POST]}" onto public java.lang.String com.co.jp.bizplus.controller.common.UserLoginAction.doInput(com.co.jp.bizplus.controller.form.UserLoginForm,org.springframework.validation.BindingResult,org.springframework.ui.Model)
2016-10-16 21:04:14 INFO  [localhost-startStop-1] org.springframework.web.servlet.mvc.method.annotation.RequestMappingHandlerMapping  - Mapped "{[/user/logout.do],methods=[GET]}" onto public java.lang.String com.co.jp.bizplus.controller.common.UserLoginAction.logout(org.springframework.ui.Model)
2016-10-16 21:04:14 INFO  [localhost-startStop-1] org.springframework.web.servlet.mvc.method.annotation.RequestMappingHandlerMapping  - Mapped "{[/user/introduce.do]}" onto public org.springframework.web.servlet.ModelAndView com.co.jp.bizplus.controller.common.UserLoginAction.introduce()
2016-10-16 21:04:14 INFO  [localhost-startStop-1] org.springframework.web.servlet.mvc.method.annotation.RequestMappingHandlerMapping  - Mapped "{[/user/loginInit.do]}" onto public org.springframework.web.servlet.ModelAndView com.co.jp.bizplus.controller.common.UserLoginAction.loginInit(org.springframework.ui.Model)
2016-10-16 21:04:15 INFO  [localhost-startStop-1] org.hibernate.validator.internal.util.Version  - HV000001: Hibernate Validator 5.0.2.Final
2016-10-16 21:04:15 INFO  [localhost-startStop-1] org.springframework.web.servlet.mvc.method.annotation.RequestMappingHandlerAdapter  - Looking for @ControllerAdvice: WebApplicationContext for namespace 'SpringMVC-servlet': startup date [Sun Oct 16 21:04:13 JST 2016]; parent: Root WebApplicationContext
2016-10-16 21:04:15 INFO  [localhost-startStop-1] org.springframework.web.servlet.mvc.method.annotation.RequestMappingHandlerAdapter  - Looking for @ControllerAdvice: WebApplicationContext for namespace 'SpringMVC-servlet': startup date [Sun Oct 16 21:04:13 JST 2016]; parent: Root WebApplicationContext
2016-10-16 21:04:15 INFO  [localhost-startStop-1] org.springframework.web.servlet.DispatcherServlet  - FrameworkServlet 'SpringMVC': initialization completed in 1696 ms
2016-10-16 21:09:34 INFO  [http-nio-8080-exec-7] com.co.jp.bizplus.service.common.impl.UserServiceImpl  - UserServiceImpl.getUserById()liushuang
2016-10-16 21:11:48 INFO  [ContainerBackgroundProcessor[StandardEngine[Catalina]]] org.springframework.web.context.support.XmlWebApplicationContext  - Closing WebApplicationContext for namespace 'SpringMVC-servlet': startup date [Sun Oct 16 21:04:13 JST 2016]; parent: Root WebApplicationContext
2016-10-16 21:11:48 WARN  [ContainerBackgroundProcessor[StandardEngine[Catalina]]] com.co.jp.bizplus.ContextFinalizer  - Driver com.alibaba.druid.proxy.DruidDriver@55a5dcd7 deregistered
2016-10-16 21:11:48 WARN  [ContainerBackgroundProcessor[StandardEngine[Catalina]]] com.co.jp.bizplus.ContextFinalizer  - Driver com.mysql.jdbc.Driver@1becae1e deregistered
2016-10-16 21:55:56 INFO  [localhost-startStop-1] org.springframework.web.context.ContextLoader  - Root WebApplicationContext: initialization started
2016-10-16 21:55:56 INFO  [localhost-startStop-1] org.springframework.web.context.support.XmlWebApplicationContext  - Refreshing Root WebApplicationContext: startup date [Sun Oct 16 21:55:56 JST 2016]; root of context hierarchy
2016-10-16 21:55:56 INFO  [localhost-startStop-1] org.springframework.beans.factory.xml.XmlBeanDefinitionReader  - Loading XML bean definitions from class path resource [spring-mybatis.xml]
2016-10-16 21:55:57 WARN  [localhost-startStop-1] org.mybatis.spring.mapper.ClassPathMapperScanner  - No MyBatis mapper was found in '[com.co.jp.bizplus.persistence.entity]' package. Please check your configuration.
2016-10-16 21:55:57 INFO  [localhost-startStop-1] org.springframework.context.support.PropertySourcesPlaceholderConfigurer  - Loading properties file from class path resource [db.properties]
2016-10-16 21:55:57 INFO  [localhost-startStop-1] org.springframework.beans.factory.annotation.AutowiredAnnotationBeanPostProcessor  - JSR-330 'javax.inject.Inject' annotation found and supported for autowiring
2016-10-16 21:55:58 INFO  [localhost-startStop-1] com.alibaba.druid.pool.DruidDataSource  - {dataSource-1} inited
2016-10-16 21:55:59 INFO  [localhost-startStop-1] org.springframework.web.context.ContextLoader  - Root WebApplicationContext: initialization completed in 2832 ms
2016-10-16 21:55:59 INFO  [localhost-startStop-1] org.springframework.web.servlet.DispatcherServlet  - FrameworkServlet 'SpringMVC': initialization started
2016-10-16 21:55:59 INFO  [localhost-startStop-1] org.springframework.web.context.support.XmlWebApplicationContext  - Refreshing WebApplicationContext for namespace 'SpringMVC-servlet': startup date [Sun Oct 16 21:55:59 JST 2016]; parent: Root WebApplicationContext
2016-10-16 21:55:59 INFO  [localhost-startStop-1] org.springframework.beans.factory.xml.XmlBeanDefinitionReader  - Loading XML bean definitions from class path resource [spring-mvc.xml]
2016-10-16 21:55:59 INFO  [localhost-startStop-1] org.springframework.beans.factory.config.PropertyPlaceholderConfigurer  - Loading properties file from class path resource [db.properties]
2016-10-16 21:55:59 INFO  [localhost-startStop-1] org.springframework.beans.factory.annotation.AutowiredAnnotationBeanPostProcessor  - JSR-330 'javax.inject.Inject' annotation found and supported for autowiring
2016-10-16 21:56:00 INFO  [localhost-startStop-1] org.springframework.web.servlet.mvc.method.annotation.RequestMappingHandlerMapping  - Mapped "{[/user/login.do],methods=[POST]}" onto public java.lang.String com.co.jp.bizplus.controller.common.UserLoginAction.doInput(com.co.jp.bizplus.controller.form.UserLoginForm,org.springframework.validation.BindingResult,org.springframework.ui.Model)
2016-10-16 21:56:00 INFO  [localhost-startStop-1] org.springframework.web.servlet.mvc.method.annotation.RequestMappingHandlerMapping  - Mapped "{[/user/logout.do],methods=[GET]}" onto public java.lang.String com.co.jp.bizplus.controller.common.UserLoginAction.logout(org.springframework.ui.Model)
2016-10-16 21:56:00 INFO  [localhost-startStop-1] org.springframework.web.servlet.mvc.method.annotation.RequestMappingHandlerMapping  - Mapped "{[/user/introduce.do]}" onto public org.springframework.web.servlet.ModelAndView com.co.jp.bizplus.controller.common.UserLoginAction.introduce()
2016-10-16 21:56:00 INFO  [localhost-startStop-1] org.springframework.web.servlet.mvc.method.annotation.RequestMappingHandlerMapping  - Mapped "{[/user/loginInit.do]}" onto public org.springframework.web.servlet.ModelAndView com.co.jp.bizplus.controller.common.UserLoginAction.loginInit(com.co.jp.bizplus.controller.form.UserLoginForm,org.springframework.ui.Model,javax.servlet.http.HttpSession)
2016-10-16 21:56:00 INFO  [localhost-startStop-1] org.hibernate.validator.internal.util.Version  - HV000001: Hibernate Validator 5.0.2.Final
2016-10-16 21:56:00 INFO  [localhost-startStop-1] org.springframework.web.servlet.mvc.method.annotation.RequestMappingHandlerAdapter  - Looking for @ControllerAdvice: WebApplicationContext for namespace 'SpringMVC-servlet': startup date [Sun Oct 16 21:55:59 JST 2016]; parent: Root WebApplicationContext
2016-10-16 21:56:00 INFO  [localhost-startStop-1] org.springframework.web.servlet.mvc.method.annotation.RequestMappingHandlerAdapter  - Looking for @ControllerAdvice: WebApplicationContext for namespace 'SpringMVC-servlet': startup date [Sun Oct 16 21:55:59 JST 2016]; parent: Root WebApplicationContext
2016-10-16 21:56:00 WARN  [localhost-startStop-1] org.springframework.web.context.support.XmlWebApplicationContext  - Exception encountered during context initialization - cancelling refresh attempt: org.springframework.beans.factory.BeanCreationException: Error creating bean with name 'className' defined in class path resource [spring-mvc.xml]: Initialization of bean failed; nested exception is java.lang.IllegalArgumentException: Interceptor type not supported: org.springframework.web.servlet.i18n.SessionLocaleResolver
2016-10-16 21:56:00 ERROR [localhost-startStop-1] org.springframework.web.servlet.DispatcherServlet  - Context initialization failed
org.springframework.beans.factory.BeanCreationException: Error creating bean with name 'className' defined in class path resource [spring-mvc.xml]: Initialization of bean failed; nested exception is java.lang.IllegalArgumentException: Interceptor type not supported: org.springframework.web.servlet.i18n.SessionLocaleResolver
	at org.springframework.beans.factory.support.AbstractAutowireCapableBeanFactory.doCreateBean(AbstractAutowireCapableBeanFactory.java:553)
	at org.springframework.beans.factory.support.AbstractAutowireCapableBeanFactory.createBean(AbstractAutowireCapableBeanFactory.java:482)
	at org.springframework.beans.factory.support.AbstractBeanFactory$1.getObject(AbstractBeanFactory.java:306)
	at org.springframework.beans.factory.support.DefaultSingletonBeanRegistry.getSingleton(DefaultSingletonBeanRegistry.java:230)
	at org.springframework.beans.factory.support.AbstractBeanFactory.doGetBean(AbstractBeanFactory.java:302)
	at org.springframework.beans.factory.support.AbstractBeanFactory.getBean(AbstractBeanFactory.java:197)
	at org.springframework.beans.factory.support.DefaultListableBeanFactory.preInstantiateSingletons(DefaultListableBeanFactory.java:772)
	at org.springframework.context.support.AbstractApplicationContext.finishBeanFactoryInitialization(AbstractApplicationContext.java:839)
	at org.springframework.context.support.AbstractApplicationContext.refresh(AbstractApplicationContext.java:538)
	at org.springframework.web.servlet.FrameworkServlet.configureAndRefreshWebApplicationContext(FrameworkServlet.java:667)
	at org.springframework.web.servlet.FrameworkServlet.createWebApplicationContext(FrameworkServlet.java:633)
	at org.springframework.web.servlet.FrameworkServlet.createWebApplicationContext(FrameworkServlet.java:681)
	at org.springframework.web.servlet.FrameworkServlet.initWebApplicationContext(FrameworkServlet.java:552)
	at org.springframework.web.servlet.FrameworkServlet.initServletBean(FrameworkServlet.java:493)
	at org.springframework.web.servlet.HttpServletBean.init(HttpServletBean.java:136)
	at javax.servlet.GenericServlet.init(GenericServlet.java:158)
	at org.apache.catalina.core.StandardWrapper.initServlet(StandardWrapper.java:1238)
	at org.apache.catalina.core.StandardWrapper.loadServlet(StandardWrapper.java:1151)
	at org.apache.catalina.core.StandardWrapper.load(StandardWrapper.java:1038)
	at org.apache.catalina.core.StandardContext.loadOnStartup(StandardContext.java:4997)
	at org.apache.catalina.core.StandardContext.startInternal(StandardContext.java:5289)
	at org.apache.catalina.util.LifecycleBase.start(LifecycleBase.java:147)
	at org.apache.catalina.core.ContainerBase$StartChild.call(ContainerBase.java:1408)
	at org.apache.catalina.core.ContainerBase$StartChild.call(ContainerBase.java:1398)
	at java.util.concurrent.FutureTask.run(FutureTask.java:266)
	at java.util.concurrent.ThreadPoolExecutor.runWorker(ThreadPoolExecutor.java:1142)
	at java.util.concurrent.ThreadPoolExecutor$Worker.run(ThreadPoolExecutor.java:617)
	at java.lang.Thread.run(Thread.java:745)
Caused by: java.lang.IllegalArgumentException: Interceptor type not supported: org.springframework.web.servlet.i18n.SessionLocaleResolver
	at org.springframework.web.servlet.handler.AbstractHandlerMapping.adaptInterceptor(AbstractHandlerMapping.java:314)
	at org.springframework.web.servlet.handler.AbstractHandlerMapping.initInterceptors(AbstractHandlerMapping.java:289)
	at org.springframework.web.servlet.handler.AbstractHandlerMapping.initApplicationContext(AbstractHandlerMapping.java:248)
	at org.springframework.web.servlet.handler.AbstractDetectingUrlHandlerMapping.initApplicationContext(AbstractDetectingUrlHandlerMapping.java:57)
	at org.springframework.context.support.ApplicationObjectSupport.initApplicationContext(ApplicationObjectSupport.java:120)
	at org.springframework.web.context.support.WebApplicationObjectSupport.initApplicationContext(WebApplicationObjectSupport.java:76)
	at org.springframework.context.support.ApplicationObjectSupport.setApplicationContext(ApplicationObjectSupport.java:74)
	at org.springframework.context.support.ApplicationContextAwareProcessor.invokeAwareInterfaces(ApplicationContextAwareProcessor.java:119)
	at org.springframework.context.support.ApplicationContextAwareProcessor.postProcessBeforeInitialization(ApplicationContextAwareProcessor.java:94)
	at org.springframework.beans.factory.support.AbstractAutowireCapableBeanFactory.applyBeanPostProcessorsBeforeInitialization(AbstractAutowireCapableBeanFactory.java:408)
	at org.springframework.beans.factory.support.AbstractAutowireCapableBeanFactory.initializeBean(AbstractAutowireCapableBeanFactory.java:1570)
	at org.springframework.beans.factory.support.AbstractAutowireCapableBeanFactory.doCreateBean(AbstractAutowireCapableBeanFactory.java:545)
	... 27 more
2016-10-16 21:56:11 WARN  [ContainerBackgroundProcessor[StandardEngine[Catalina]]] com.co.jp.bizplus.ContextFinalizer  - Driver com.alibaba.druid.proxy.DruidDriver@58929ca9 deregistered
2016-10-16 21:56:11 WARN  [ContainerBackgroundProcessor[StandardEngine[Catalina]]] com.co.jp.bizplus.ContextFinalizer  - Driver com.mysql.jdbc.Driver@3caa28b2 deregistered
2016-10-16 22:01:34 INFO  [ContainerBackgroundProcessor[StandardEngine[Catalina]]] org.springframework.web.context.ContextLoader  - Root WebApplicationContext: initialization started
2016-10-16 22:01:34 INFO  [ContainerBackgroundProcessor[StandardEngine[Catalina]]] org.springframework.web.context.support.XmlWebApplicationContext  - Refreshing Root WebApplicationContext: startup date [Sun Oct 16 22:01:34 JST 2016]; root of context hierarchy
2016-10-16 22:01:34 INFO  [ContainerBackgroundProcessor[StandardEngine[Catalina]]] org.springframework.beans.factory.xml.XmlBeanDefinitionReader  - Loading XML bean definitions from class path resource [spring-mybatis.xml]
2016-10-16 22:01:35 WARN  [ContainerBackgroundProcessor[StandardEngine[Catalina]]] org.mybatis.spring.mapper.ClassPathMapperScanner  - No MyBatis mapper was found in '[com.co.jp.bizplus.persistence.entity]' package. Please check your configuration.
2016-10-16 22:01:35 INFO  [ContainerBackgroundProcessor[StandardEngine[Catalina]]] org.springframework.context.support.PropertySourcesPlaceholderConfigurer  - Loading properties file from class path resource [db.properties]
2016-10-16 22:01:35 INFO  [ContainerBackgroundProcessor[StandardEngine[Catalina]]] org.springframework.beans.factory.annotation.AutowiredAnnotationBeanPostProcessor  - JSR-330 'javax.inject.Inject' annotation found and supported for autowiring
2016-10-16 22:01:36 INFO  [ContainerBackgroundProcessor[StandardEngine[Catalina]]] com.alibaba.druid.pool.DruidDataSource  - {dataSource-1} inited
2016-10-16 22:01:36 INFO  [ContainerBackgroundProcessor[StandardEngine[Catalina]]] org.springframework.web.context.ContextLoader  - Root WebApplicationContext: initialization completed in 1839 ms
2016-10-16 22:01:36 INFO  [ContainerBackgroundProcessor[StandardEngine[Catalina]]] org.springframework.web.servlet.DispatcherServlet  - FrameworkServlet 'SpringMVC': initialization started
2016-10-16 22:01:36 INFO  [ContainerBackgroundProcessor[StandardEngine[Catalina]]] org.springframework.web.context.support.XmlWebApplicationContext  - Refreshing WebApplicationContext for namespace 'SpringMVC-servlet': startup date [Sun Oct 16 22:01:36 JST 2016]; parent: Root WebApplicationContext
2016-10-16 22:01:36 INFO  [ContainerBackgroundProcessor[StandardEngine[Catalina]]] org.springframework.beans.factory.xml.XmlBeanDefinitionReader  - Loading XML bean definitions from class path resource [spring-mvc.xml]
2016-10-16 22:01:36 INFO  [ContainerBackgroundProcessor[StandardEngine[Catalina]]] org.springframework.beans.factory.config.PropertyPlaceholderConfigurer  - Loading properties file from class path resource [db.properties]
2016-10-16 22:01:36 INFO  [ContainerBackgroundProcessor[StandardEngine[Catalina]]] org.springframework.beans.factory.annotation.AutowiredAnnotationBeanPostProcessor  - JSR-330 'javax.inject.Inject' annotation found and supported for autowiring
2016-10-16 22:01:37 INFO  [ContainerBackgroundProcessor[StandardEngine[Catalina]]] org.springframework.web.servlet.mvc.method.annotation.RequestMappingHandlerMapping  - Mapped "{[/user/login.do],methods=[POST]}" onto public java.lang.String com.co.jp.bizplus.controller.common.UserLoginAction.doInput(com.co.jp.bizplus.controller.form.UserLoginForm,org.springframework.validation.BindingResult,org.springframework.ui.Model)
2016-10-16 22:01:37 INFO  [ContainerBackgroundProcessor[StandardEngine[Catalina]]] org.springframework.web.servlet.mvc.method.annotation.RequestMappingHandlerMapping  - Mapped "{[/user/introduce.do]}" onto public org.springframework.web.servlet.ModelAndView com.co.jp.bizplus.controller.common.UserLoginAction.introduce()
2016-10-16 22:01:37 INFO  [ContainerBackgroundProcessor[StandardEngine[Catalina]]] org.springframework.web.servlet.mvc.method.annotation.RequestMappingHandlerMapping  - Mapped "{[/user/loginInit.do]}" onto public org.springframework.web.servlet.ModelAndView com.co.jp.bizplus.controller.common.UserLoginAction.loginInit(com.co.jp.bizplus.controller.form.UserLoginForm,org.springframework.ui.Model,javax.servlet.http.HttpSession)
2016-10-16 22:01:37 INFO  [ContainerBackgroundProcessor[StandardEngine[Catalina]]] org.springframework.web.servlet.mvc.method.annotation.RequestMappingHandlerMapping  - Mapped "{[/user/logout.do],methods=[GET]}" onto public java.lang.String com.co.jp.bizplus.controller.common.UserLoginAction.logout(org.springframework.ui.Model)
2016-10-16 22:01:37 INFO  [ContainerBackgroundProcessor[StandardEngine[Catalina]]] org.hibernate.validator.internal.util.Version  - HV000001: Hibernate Validator 5.0.2.Final
2016-10-16 22:01:37 INFO  [ContainerBackgroundProcessor[StandardEngine[Catalina]]] org.springframework.web.servlet.mvc.method.annotation.RequestMappingHandlerAdapter  - Looking for @ControllerAdvice: WebApplicationContext for namespace 'SpringMVC-servlet': startup date [Sun Oct 16 22:01:36 JST 2016]; parent: Root WebApplicationContext
2016-10-16 22:01:37 INFO  [ContainerBackgroundProcessor[StandardEngine[Catalina]]] org.springframework.web.servlet.mvc.method.annotation.RequestMappingHandlerAdapter  - Looking for @ControllerAdvice: WebApplicationContext for namespace 'SpringMVC-servlet': startup date [Sun Oct 16 22:01:36 JST 2016]; parent: Root WebApplicationContext
2016-10-16 22:01:37 INFO  [ContainerBackgroundProcessor[StandardEngine[Catalina]]] org.springframework.web.servlet.DispatcherServlet  - FrameworkServlet 'SpringMVC': initialization completed in 1336 ms
2016-10-16 22:01:48 INFO  [ContainerBackgroundProcessor[StandardEngine[Catalina]]] org.springframework.web.context.support.XmlWebApplicationContext  - Closing WebApplicationContext for namespace 'SpringMVC-servlet': startup date [Sun Oct 16 22:01:36 JST 2016]; parent: Root WebApplicationContext
2016-10-16 22:01:48 WARN  [ContainerBackgroundProcessor[StandardEngine[Catalina]]] com.co.jp.bizplus.ContextFinalizer  - Driver com.alibaba.druid.proxy.DruidDriver@4cfe627a deregistered
2016-10-16 22:01:48 WARN  [ContainerBackgroundProcessor[StandardEngine[Catalina]]] com.co.jp.bizplus.ContextFinalizer  - Driver com.mysql.jdbc.Driver@61c61529 deregistered
2016-10-16 22:05:36 INFO  [ContainerBackgroundProcessor[StandardEngine[Catalina]]] org.springframework.web.context.ContextLoader  - Root WebApplicationContext: initialization started
2016-10-16 22:05:36 INFO  [ContainerBackgroundProcessor[StandardEngine[Catalina]]] org.springframework.web.context.support.XmlWebApplicationContext  - Refreshing Root WebApplicationContext: startup date [Sun Oct 16 22:05:36 JST 2016]; root of context hierarchy
2016-10-16 22:05:36 INFO  [ContainerBackgroundProcessor[StandardEngine[Catalina]]] org.springframework.beans.factory.xml.XmlBeanDefinitionReader  - Loading XML bean definitions from class path resource [spring-mybatis.xml]
2016-10-16 22:05:37 WARN  [ContainerBackgroundProcessor[StandardEngine[Catalina]]] org.mybatis.spring.mapper.ClassPathMapperScanner  - No MyBatis mapper was found in '[com.co.jp.bizplus.persistence.entity]' package. Please check your configuration.
2016-10-16 22:05:37 INFO  [ContainerBackgroundProcessor[StandardEngine[Catalina]]] org.springframework.context.support.PropertySourcesPlaceholderConfigurer  - Loading properties file from class path resource [db.properties]
2016-10-16 22:05:37 INFO  [ContainerBackgroundProcessor[StandardEngine[Catalina]]] org.springframework.beans.factory.annotation.AutowiredAnnotationBeanPostProcessor  - JSR-330 'javax.inject.Inject' annotation found and supported for autowiring
2016-10-16 22:05:37 INFO  [ContainerBackgroundProcessor[StandardEngine[Catalina]]] com.alibaba.druid.pool.DruidDataSource  - {dataSource-1} inited
2016-10-16 22:05:38 INFO  [ContainerBackgroundProcessor[StandardEngine[Catalina]]] org.springframework.web.context.ContextLoader  - Root WebApplicationContext: initialization completed in 1687 ms
2016-10-16 22:05:38 INFO  [ContainerBackgroundProcessor[StandardEngine[Catalina]]] org.springframework.web.servlet.DispatcherServlet  - FrameworkServlet 'SpringMVC': initialization started
2016-10-16 22:05:38 INFO  [ContainerBackgroundProcessor[StandardEngine[Catalina]]] org.springframework.web.context.support.XmlWebApplicationContext  - Refreshing WebApplicationContext for namespace 'SpringMVC-servlet': startup date [Sun Oct 16 22:05:38 JST 2016]; parent: Root WebApplicationContext
2016-10-16 22:05:38 INFO  [ContainerBackgroundProcessor[StandardEngine[Catalina]]] org.springframework.beans.factory.xml.XmlBeanDefinitionReader  - Loading XML bean definitions from class path resource [spring-mvc.xml]
2016-10-16 22:05:38 INFO  [ContainerBackgroundProcessor[StandardEngine[Catalina]]] org.springframework.beans.factory.config.PropertyPlaceholderConfigurer  - Loading properties file from class path resource [db.properties]
2016-10-16 22:05:38 INFO  [ContainerBackgroundProcessor[StandardEngine[Catalina]]] org.springframework.beans.factory.annotation.AutowiredAnnotationBeanPostProcessor  - JSR-330 'javax.inject.Inject' annotation found and supported for autowiring
2016-10-16 22:05:38 INFO  [ContainerBackgroundProcessor[StandardEngine[Catalina]]] org.springframework.web.servlet.mvc.method.annotation.RequestMappingHandlerMapping  - Mapped "{[/user/login.do],methods=[POST]}" onto public java.lang.String com.co.jp.bizplus.controller.common.UserLoginAction.doInput(com.co.jp.bizplus.controller.form.UserLoginForm,org.springframework.validation.BindingResult,org.springframework.ui.Model)
2016-10-16 22:05:38 INFO  [ContainerBackgroundProcessor[StandardEngine[Catalina]]] org.springframework.web.servlet.mvc.method.annotation.RequestMappingHandlerMapping  - Mapped "{[/user/logout.do],methods=[GET]}" onto public java.lang.String com.co.jp.bizplus.controller.common.UserLoginAction.logout(org.springframework.ui.Model)
2016-10-16 22:05:38 INFO  [ContainerBackgroundProcessor[StandardEngine[Catalina]]] org.springframework.web.servlet.mvc.method.annotation.RequestMappingHandlerMapping  - Mapped "{[/user/loginInit.do]}" onto public org.springframework.web.servlet.ModelAndView com.co.jp.bizplus.controller.common.UserLoginAction.loginInit(org.springframework.ui.Model,javax.servlet.http.HttpSession)
2016-10-16 22:05:38 INFO  [ContainerBackgroundProcessor[StandardEngine[Catalina]]] org.springframework.web.servlet.mvc.method.annotation.RequestMappingHandlerMapping  - Mapped "{[/user/introduce.do]}" onto public org.springframework.web.servlet.ModelAndView com.co.jp.bizplus.controller.common.UserLoginAction.introduce()
2016-10-16 22:05:38 INFO  [ContainerBackgroundProcessor[StandardEngine[Catalina]]] org.hibernate.validator.internal.util.Version  - HV000001: Hibernate Validator 5.0.2.Final
2016-10-16 22:05:39 INFO  [ContainerBackgroundProcessor[StandardEngine[Catalina]]] org.springframework.web.servlet.mvc.method.annotation.RequestMappingHandlerAdapter  - Looking for @ControllerAdvice: WebApplicationContext for namespace 'SpringMVC-servlet': startup date [Sun Oct 16 22:05:38 JST 2016]; parent: Root WebApplicationContext
2016-10-16 22:05:39 INFO  [ContainerBackgroundProcessor[StandardEngine[Catalina]]] org.springframework.web.servlet.mvc.method.annotation.RequestMappingHandlerAdapter  - Looking for @ControllerAdvice: WebApplicationContext for namespace 'SpringMVC-servlet': startup date [Sun Oct 16 22:05:38 JST 2016]; parent: Root WebApplicationContext
2016-10-16 22:05:39 INFO  [ContainerBackgroundProcessor[StandardEngine[Catalina]]] org.springframework.web.servlet.DispatcherServlet  - FrameworkServlet 'SpringMVC': initialization completed in 1104 ms
2016-10-16 22:08:54 INFO  [localhost-startStop-2] org.springframework.web.context.support.XmlWebApplicationContext  - Closing WebApplicationContext for namespace 'SpringMVC-servlet': startup date [Sun Oct 16 22:05:38 JST 2016]; parent: Root WebApplicationContext
2016-10-16 22:08:54 WARN  [localhost-startStop-2] com.co.jp.bizplus.ContextFinalizer  - Driver com.alibaba.druid.proxy.DruidDriver@3ac3cfe0 deregistered
2016-10-16 22:08:54 WARN  [localhost-startStop-2] com.co.jp.bizplus.ContextFinalizer  - Driver com.mysql.jdbc.Driver@500eedb8 deregistered
2016-10-16 22:09:04 INFO  [localhost-startStop-1] org.springframework.web.context.ContextLoader  - Root WebApplicationContext: initialization started
2016-10-16 22:09:04 INFO  [localhost-startStop-1] org.springframework.web.context.support.XmlWebApplicationContext  - Refreshing Root WebApplicationContext: startup date [Sun Oct 16 22:09:04 JST 2016]; root of context hierarchy
2016-10-16 22:09:04 INFO  [localhost-startStop-1] org.springframework.beans.factory.xml.XmlBeanDefinitionReader  - Loading XML bean definitions from class path resource [spring-mybatis.xml]
2016-10-16 22:09:05 WARN  [localhost-startStop-1] org.mybatis.spring.mapper.ClassPathMapperScanner  - No MyBatis mapper was found in '[com.co.jp.bizplus.persistence.entity]' package. Please check your configuration.
2016-10-16 22:09:05 INFO  [localhost-startStop-1] org.springframework.context.support.PropertySourcesPlaceholderConfigurer  - Loading properties file from class path resource [db.properties]
2016-10-16 22:09:05 INFO  [localhost-startStop-1] org.springframework.beans.factory.annotation.AutowiredAnnotationBeanPostProcessor  - JSR-330 'javax.inject.Inject' annotation found and supported for autowiring
2016-10-16 22:09:06 INFO  [localhost-startStop-1] com.alibaba.druid.pool.DruidDataSource  - {dataSource-1} inited
2016-10-16 22:09:07 INFO  [localhost-startStop-1] org.springframework.web.context.ContextLoader  - Root WebApplicationContext: initialization completed in 2738 ms
2016-10-16 22:09:07 INFO  [localhost-startStop-1] org.springframework.web.servlet.DispatcherServlet  - FrameworkServlet 'SpringMVC': initialization started
2016-10-16 22:09:07 INFO  [localhost-startStop-1] org.springframework.web.context.support.XmlWebApplicationContext  - Refreshing WebApplicationContext for namespace 'SpringMVC-servlet': startup date [Sun Oct 16 22:09:07 JST 2016]; parent: Root WebApplicationContext
2016-10-16 22:09:07 INFO  [localhost-startStop-1] org.springframework.beans.factory.xml.XmlBeanDefinitionReader  - Loading XML bean definitions from class path resource [spring-mvc.xml]
2016-10-16 22:09:07 INFO  [localhost-startStop-1] org.springframework.beans.factory.config.PropertyPlaceholderConfigurer  - Loading properties file from class path resource [db.properties]
2016-10-16 22:09:07 INFO  [localhost-startStop-1] org.springframework.beans.factory.annotation.AutowiredAnnotationBeanPostProcessor  - JSR-330 'javax.inject.Inject' annotation found and supported for autowiring
2016-10-16 22:09:07 INFO  [localhost-startStop-1] org.springframework.web.servlet.mvc.method.annotation.RequestMappingHandlerMapping  - Mapped "{[/user/login.do],methods=[POST]}" onto public java.lang.String com.co.jp.bizplus.controller.common.UserLoginAction.doInput(com.co.jp.bizplus.controller.form.UserLoginForm,org.springframework.validation.BindingResult,org.springframework.ui.Model)
2016-10-16 22:09:07 INFO  [localhost-startStop-1] org.springframework.web.servlet.mvc.method.annotation.RequestMappingHandlerMapping  - Mapped "{[/user/logout.do],methods=[GET]}" onto public java.lang.String com.co.jp.bizplus.controller.common.UserLoginAction.logout(org.springframework.ui.Model)
2016-10-16 22:09:07 INFO  [localhost-startStop-1] org.springframework.web.servlet.mvc.method.annotation.RequestMappingHandlerMapping  - Mapped "{[/user/loginInit.do]}" onto public org.springframework.web.servlet.ModelAndView com.co.jp.bizplus.controller.common.UserLoginAction.loginInit(org.springframework.ui.Model,javax.servlet.http.HttpSession)
2016-10-16 22:09:07 INFO  [localhost-startStop-1] org.springframework.web.servlet.mvc.method.annotation.RequestMappingHandlerMapping  - Mapped "{[/user/introduce.do]}" onto public org.springframework.web.servlet.ModelAndView com.co.jp.bizplus.controller.common.UserLoginAction.introduce()
2016-10-16 22:09:08 INFO  [localhost-startStop-1] org.hibernate.validator.internal.util.Version  - HV000001: Hibernate Validator 5.0.2.Final
2016-10-16 22:09:08 INFO  [localhost-startStop-1] org.springframework.web.servlet.mvc.method.annotation.RequestMappingHandlerAdapter  - Looking for @ControllerAdvice: WebApplicationContext for namespace 'SpringMVC-servlet': startup date [Sun Oct 16 22:09:07 JST 2016]; parent: Root WebApplicationContext
2016-10-16 22:09:08 INFO  [localhost-startStop-1] org.springframework.web.servlet.mvc.method.annotation.RequestMappingHandlerAdapter  - Looking for @ControllerAdvice: WebApplicationContext for namespace 'SpringMVC-servlet': startup date [Sun Oct 16 22:09:07 JST 2016]; parent: Root WebApplicationContext
2016-10-16 22:09:09 INFO  [localhost-startStop-1] org.springframework.web.servlet.DispatcherServlet  - FrameworkServlet 'SpringMVC': initialization completed in 1764 ms
2016-10-16 22:13:34 INFO  [ContainerBackgroundProcessor[StandardEngine[Catalina]]] org.springframework.web.context.support.XmlWebApplicationContext  - Closing WebApplicationContext for namespace 'SpringMVC-servlet': startup date [Sun Oct 16 22:09:07 JST 2016]; parent: Root WebApplicationContext
2016-10-16 22:13:34 WARN  [ContainerBackgroundProcessor[StandardEngine[Catalina]]] com.co.jp.bizplus.ContextFinalizer  - Driver com.alibaba.druid.proxy.DruidDriver@5c4c5e63 deregistered
2016-10-16 22:13:34 WARN  [ContainerBackgroundProcessor[StandardEngine[Catalina]]] com.co.jp.bizplus.ContextFinalizer  - Driver com.mysql.jdbc.Driver@48201d74 deregistered
2016-10-16 23:26:05 INFO  [ContainerBackgroundProcessor[StandardEngine[Catalina]]] org.springframework.web.context.ContextLoader  - Root WebApplicationContext: initialization started
2016-10-16 23:26:05 INFO  [ContainerBackgroundProcessor[StandardEngine[Catalina]]] org.springframework.web.context.support.XmlWebApplicationContext  - Refreshing Root WebApplicationContext: startup date [Sun Oct 16 23:26:05 JST 2016]; root of context hierarchy
2016-10-16 23:26:05 INFO  [ContainerBackgroundProcessor[StandardEngine[Catalina]]] org.springframework.beans.factory.xml.XmlBeanDefinitionReader  - Loading XML bean definitions from class path resource [spring-mybatis.xml]
2016-10-16 23:26:06 WARN  [ContainerBackgroundProcessor[StandardEngine[Catalina]]] org.mybatis.spring.mapper.ClassPathMapperScanner  - No MyBatis mapper was found in '[com.co.jp.bizplus.persistence.entity]' package. Please check your configuration.
2016-10-16 23:26:06 INFO  [ContainerBackgroundProcessor[StandardEngine[Catalina]]] org.springframework.context.support.PropertySourcesPlaceholderConfigurer  - Loading properties file from class path resource [db.properties]
2016-10-16 23:26:06 INFO  [ContainerBackgroundProcessor[StandardEngine[Catalina]]] org.springframework.beans.factory.annotation.AutowiredAnnotationBeanPostProcessor  - JSR-330 'javax.inject.Inject' annotation found and supported for autowiring
2016-10-16 23:26:07 INFO  [ContainerBackgroundProcessor[StandardEngine[Catalina]]] com.alibaba.druid.pool.DruidDataSource  - {dataSource-1} inited
2016-10-16 23:26:08 INFO  [ContainerBackgroundProcessor[StandardEngine[Catalina]]] org.springframework.web.context.ContextLoader  - Root WebApplicationContext: initialization completed in 2955 ms
2016-10-16 23:26:08 INFO  [ContainerBackgroundProcessor[StandardEngine[Catalina]]] org.springframework.web.servlet.DispatcherServlet  - FrameworkServlet 'SpringMVC': initialization started
2016-10-16 23:26:08 INFO  [ContainerBackgroundProcessor[StandardEngine[Catalina]]] org.springframework.web.context.support.XmlWebApplicationContext  - Refreshing WebApplicationContext for namespace 'SpringMVC-servlet': startup date [Sun Oct 16 23:26:08 JST 2016]; parent: Root WebApplicationContext
2016-10-16 23:26:08 INFO  [ContainerBackgroundProcessor[StandardEngine[Catalina]]] org.springframework.beans.factory.xml.XmlBeanDefinitionReader  - Loading XML bean definitions from class path resource [spring-mvc.xml]
2016-10-16 23:26:09 INFO  [ContainerBackgroundProcessor[StandardEngine[Catalina]]] org.springframework.beans.factory.config.PropertyPlaceholderConfigurer  - Loading properties file from class path resource [db.properties]
2016-10-16 23:26:09 INFO  [ContainerBackgroundProcessor[StandardEngine[Catalina]]] org.springframework.beans.factory.annotation.AutowiredAnnotationBeanPostProcessor  - JSR-330 'javax.inject.Inject' annotation found and supported for autowiring
2016-10-16 23:26:09 INFO  [ContainerBackgroundProcessor[StandardEngine[Catalina]]] org.springframework.web.servlet.mvc.method.annotation.RequestMappingHandlerMapping  - Mapped "{[/user/login.do],methods=[POST]}" onto public java.lang.String com.co.jp.bizplus.controller.common.UserLoginAction.doInput(com.co.jp.bizplus.controller.form.UserLoginForm,org.springframework.validation.BindingResult,org.springframework.ui.Model)
2016-10-16 23:26:09 INFO  [ContainerBackgroundProcessor[StandardEngine[Catalina]]] org.springframework.web.servlet.mvc.method.annotation.RequestMappingHandlerMapping  - Mapped "{[/user/logout.do],methods=[GET]}" onto public java.lang.String com.co.jp.bizplus.controller.common.UserLoginAction.logout(org.springframework.ui.Model)
2016-10-16 23:26:09 INFO  [ContainerBackgroundProcessor[StandardEngine[Catalina]]] org.springframework.web.servlet.mvc.method.annotation.RequestMappingHandlerMapping  - Mapped "{[/user/introduce.do]}" onto public org.springframework.web.servlet.ModelAndView com.co.jp.bizplus.controller.common.UserLoginAction.introduce()
2016-10-16 23:26:09 INFO  [ContainerBackgroundProcessor[StandardEngine[Catalina]]] org.springframework.web.servlet.mvc.method.annotation.RequestMappingHandlerMapping  - Mapped "{[/user/loginInit.do]}" onto public org.springframework.web.servlet.ModelAndView com.co.jp.bizplus.controller.common.UserLoginAction.loginInit(org.springframework.ui.Model,javax.servlet.http.HttpSession)
2016-10-16 23:26:09 INFO  [ContainerBackgroundProcessor[StandardEngine[Catalina]]] org.hibernate.validator.internal.util.Version  - HV000001: Hibernate Validator 5.0.2.Final
2016-10-16 23:26:09 INFO  [ContainerBackgroundProcessor[StandardEngine[Catalina]]] org.springframework.web.servlet.mvc.method.annotation.RequestMappingHandlerAdapter  - Looking for @ControllerAdvice: WebApplicationContext for namespace 'SpringMVC-servlet': startup date [Sun Oct 16 23:26:08 JST 2016]; parent: Root WebApplicationContext
2016-10-16 23:26:09 INFO  [ContainerBackgroundProcessor[StandardEngine[Catalina]]] org.springframework.web.servlet.mvc.method.annotation.RequestMappingHandlerAdapter  - Looking for @ControllerAdvice: WebApplicationContext for namespace 'SpringMVC-servlet': startup date [Sun Oct 16 23:26:08 JST 2016]; parent: Root WebApplicationContext
2016-10-16 23:26:10 INFO  [ContainerBackgroundProcessor[StandardEngine[Catalina]]] org.springframework.web.servlet.DispatcherServlet  - FrameworkServlet 'SpringMVC': initialization completed in 1349 ms
2016-10-16 23:27:13 INFO  [http-nio-8080-exec-16] com.co.jp.bizplus.service.common.impl.UserServiceImpl  - UserServiceImpl.getUserById()User Id
2016-10-16 23:27:17 INFO  [http-nio-8080-exec-1] com.co.jp.bizplus.service.common.impl.UserServiceImpl  - UserServiceImpl.getUserById()User Id
2016-10-16 23:28:43 INFO  [http-nio-8080-exec-15] com.co.jp.bizplus.service.common.impl.UserServiceImpl  - UserServiceImpl.getUserById()User Id
2016-10-16 23:28:44 INFO  [http-nio-8080-exec-16] com.co.jp.bizplus.service.common.impl.UserServiceImpl  - UserServiceImpl.getUserById()User Id
2016-10-16 23:28:47 INFO  [http-nio-8080-exec-17] com.co.jp.bizplus.service.common.impl.UserServiceImpl  - UserServiceImpl.getUserById()User Id
2016-10-16 23:29:12 INFO  [ContainerBackgroundProcessor[StandardEngine[Catalina]]] org.springframework.web.context.support.XmlWebApplicationContext  - Closing WebApplicationContext for namespace 'SpringMVC-servlet': startup date [Sun Oct 16 23:26:08 JST 2016]; parent: Root WebApplicationContext
2016-10-16 23:29:12 WARN  [ContainerBackgroundProcessor[StandardEngine[Catalina]]] com.co.jp.bizplus.ContextFinalizer  - Driver com.alibaba.druid.proxy.DruidDriver@748ef147 deregistered
2016-10-16 23:29:12 WARN  [ContainerBackgroundProcessor[StandardEngine[Catalina]]] com.co.jp.bizplus.ContextFinalizer  - Driver com.mysql.jdbc.Driver@34019324 deregistered
2016-10-16 23:44:17 INFO  [ContainerBackgroundProcessor[StandardEngine[Catalina]]] org.springframework.web.context.ContextLoader  - Root WebApplicationContext: initialization started
2016-10-16 23:44:17 INFO  [ContainerBackgroundProcessor[StandardEngine[Catalina]]] org.springframework.web.context.support.XmlWebApplicationContext  - Refreshing Root WebApplicationContext: startup date [Sun Oct 16 23:44:17 JST 2016]; root of context hierarchy
2016-10-16 23:44:17 INFO  [ContainerBackgroundProcessor[StandardEngine[Catalina]]] org.springframework.beans.factory.xml.XmlBeanDefinitionReader  - Loading XML bean definitions from class path resource [spring-mybatis.xml]
2016-10-16 23:44:18 WARN  [ContainerBackgroundProcessor[StandardEngine[Catalina]]] org.mybatis.spring.mapper.ClassPathMapperScanner  - No MyBatis mapper was found in '[com.co.jp.bizplus.persistence.entity]' package. Please check your configuration.
2016-10-16 23:44:18 INFO  [ContainerBackgroundProcessor[StandardEngine[Catalina]]] org.springframework.context.support.PropertySourcesPlaceholderConfigurer  - Loading properties file from class path resource [db.properties]
2016-10-16 23:44:18 INFO  [ContainerBackgroundProcessor[StandardEngine[Catalina]]] org.springframework.beans.factory.annotation.AutowiredAnnotationBeanPostProcessor  - JSR-330 'javax.inject.Inject' annotation found and supported for autowiring
2016-10-16 23:44:19 INFO  [ContainerBackgroundProcessor[StandardEngine[Catalina]]] com.alibaba.druid.pool.DruidDataSource  - {dataSource-1} inited
2016-10-16 23:44:20 INFO  [ContainerBackgroundProcessor[StandardEngine[Catalina]]] org.springframework.web.context.ContextLoader  - Root WebApplicationContext: initialization completed in 3093 ms
2016-10-16 23:44:20 INFO  [ContainerBackgroundProcessor[StandardEngine[Catalina]]] org.springframework.web.servlet.DispatcherServlet  - FrameworkServlet 'SpringMVC': initialization started
2016-10-16 23:44:20 INFO  [ContainerBackgroundProcessor[StandardEngine[Catalina]]] org.springframework.web.context.support.XmlWebApplicationContext  - Refreshing WebApplicationContext for namespace 'SpringMVC-servlet': startup date [Sun Oct 16 23:44:20 JST 2016]; parent: Root WebApplicationContext
2016-10-16 23:44:20 INFO  [ContainerBackgroundProcessor[StandardEngine[Catalina]]] org.springframework.beans.factory.xml.XmlBeanDefinitionReader  - Loading XML bean definitions from class path resource [spring-mvc.xml]
2016-10-16 23:44:20 INFO  [ContainerBackgroundProcessor[StandardEngine[Catalina]]] org.springframework.beans.factory.config.PropertyPlaceholderConfigurer  - Loading properties file from class path resource [db.properties]
2016-10-16 23:44:20 INFO  [ContainerBackgroundProcessor[StandardEngine[Catalina]]] org.springframework.beans.factory.annotation.AutowiredAnnotationBeanPostProcessor  - JSR-330 'javax.inject.Inject' annotation found and supported for autowiring
2016-10-16 23:44:21 INFO  [ContainerBackgroundProcessor[StandardEngine[Catalina]]] org.springframework.web.servlet.mvc.method.annotation.RequestMappingHandlerMapping  - Mapped "{[/user/login.do],methods=[POST]}" onto public java.lang.String com.co.jp.bizplus.controller.common.UserLoginAction.login(com.co.jp.bizplus.controller.form.UserLoginForm,org.springframework.validation.BindingResult,org.springframework.ui.Model)
2016-10-16 23:44:21 INFO  [ContainerBackgroundProcessor[StandardEngine[Catalina]]] org.springframework.web.servlet.mvc.method.annotation.RequestMappingHandlerMapping  - Mapped "{[/user/logout.do],methods=[GET]}" onto public java.lang.String com.co.jp.bizplus.controller.common.UserLoginAction.logout(org.springframework.ui.Model)
2016-10-16 23:44:21 INFO  [ContainerBackgroundProcessor[StandardEngine[Catalina]]] org.springframework.web.servlet.mvc.method.annotation.RequestMappingHandlerMapping  - Mapped "{[/user/changeLocale.do]}" onto public org.springframework.web.servlet.ModelAndView com.co.jp.bizplus.controller.common.UserLoginAction.changeLocale(org.springframework.ui.Model)
2016-10-16 23:44:21 INFO  [ContainerBackgroundProcessor[StandardEngine[Catalina]]] org.springframework.web.servlet.mvc.method.annotation.RequestMappingHandlerMapping  - Mapped "{[/user/loginInit.do]}" onto public org.springframework.web.servlet.ModelAndView com.co.jp.bizplus.controller.common.UserLoginAction.loginInit(org.springframework.ui.Model)
2016-10-16 23:44:21 INFO  [ContainerBackgroundProcessor[StandardEngine[Catalina]]] org.springframework.web.servlet.mvc.method.annotation.RequestMappingHandlerMapping  - Mapped "{[/user/introduce.do]}" onto public org.springframework.web.servlet.ModelAndView com.co.jp.bizplus.controller.common.UserLoginAction.introduce()
2016-10-16 23:44:21 INFO  [ContainerBackgroundProcessor[StandardEngine[Catalina]]] org.hibernate.validator.internal.util.Version  - HV000001: Hibernate Validator 5.0.2.Final
2016-10-16 23:44:21 INFO  [ContainerBackgroundProcessor[StandardEngine[Catalina]]] org.springframework.web.servlet.mvc.method.annotation.RequestMappingHandlerAdapter  - Looking for @ControllerAdvice: WebApplicationContext for namespace 'SpringMVC-servlet': startup date [Sun Oct 16 23:44:20 JST 2016]; parent: Root WebApplicationContext
2016-10-16 23:44:21 INFO  [ContainerBackgroundProcessor[StandardEngine[Catalina]]] org.springframework.web.servlet.mvc.method.annotation.RequestMappingHandlerAdapter  - Looking for @ControllerAdvice: WebApplicationContext for namespace 'SpringMVC-servlet': startup date [Sun Oct 16 23:44:20 JST 2016]; parent: Root WebApplicationContext
2016-10-16 23:44:21 INFO  [ContainerBackgroundProcessor[StandardEngine[Catalina]]] org.springframework.web.servlet.DispatcherServlet  - FrameworkServlet 'SpringMVC': initialization completed in 1190 ms
2016-10-16 23:45:24 INFO  [ContainerBackgroundProcessor[StandardEngine[Catalina]]] org.springframework.web.context.support.XmlWebApplicationContext  - Closing WebApplicationContext for namespace 'SpringMVC-servlet': startup date [Sun Oct 16 23:44:20 JST 2016]; parent: Root WebApplicationContext
2016-10-16 23:45:24 WARN  [ContainerBackgroundProcessor[StandardEngine[Catalina]]] com.co.jp.bizplus.ContextFinalizer  - Driver com.alibaba.druid.proxy.DruidDriver@655a602e deregistered
2016-10-16 23:45:24 WARN  [ContainerBackgroundProcessor[StandardEngine[Catalina]]] com.co.jp.bizplus.ContextFinalizer  - Driver com.mysql.jdbc.Driver@8a9a83d deregistered
