2017-11-02 16:00:57 INFO  [main] org.springframework.context.support.ClassPathXmlApplicationContext  - Refreshing org.springframework.context.support.ClassPathXmlApplicationContext@17550481: startup date [Thu Nov 02 16:00:57 JST 2017]; root of context hierarchy
2017-11-02 16:00:57 INFO  [main] org.springframework.beans.factory.xml.XmlBeanDefinitionReader  - Loading XML bean definitions from class path resource [spring-mybatis.xml]
2017-11-02 16:00:58 WARN  [main] org.mybatis.spring.mapper.ClassPathMapperScanner  - No MyBatis mapper was found in '[com.co.jp.bizplus.persistence.entity]' package. Please check your configuration.
2017-11-02 16:00:58 INFO  [main] org.springframework.context.support.PropertySourcesPlaceholderConfigurer  - Loading properties file from class path resource [db.properties]
2017-11-02 16:00:58 INFO  [main] org.springframework.beans.factory.annotation.AutowiredAnnotationBeanPostProcessor  - JSR-330 'javax.inject.Inject' annotation found and supported for autowiring
2017-11-02 16:00:58 INFO  [main] com.alibaba.druid.pool.DruidDataSource  - {dataSource-1} inited
2017-11-02 16:01:07 INFO  [main] org.springframework.test.context.support.DefaultTestContextBootstrapper  - Loaded default TestExecutionListener class names from location [META-INF/spring.factories]: [org.springframework.test.context.web.ServletTestExecutionListener, org.springframework.test.context.support.DirtiesContextBeforeModesTestExecutionListener, org.springframework.test.context.support.DependencyInjectionTestExecutionListener, org.springframework.test.context.support.DirtiesContextTestExecutionListener, org.springframework.test.context.transaction.TransactionalTestExecutionListener, org.springframework.test.context.jdbc.SqlScriptsTestExecutionListener]
2017-11-02 16:01:07 INFO  [main] org.springframework.test.context.support.DefaultTestContextBootstrapper  - Using TestExecutionListeners: [org.springframework.test.context.web.ServletTestExecutionListener@64bfbc86, org.springframework.test.context.support.DirtiesContextBeforeModesTestExecutionListener@64bf3bbf, org.springframework.test.context.support.DependencyInjectionTestExecutionListener@55d56113, org.springframework.test.context.support.DirtiesContextTestExecutionListener@148080bb, org.springframework.test.context.transaction.TransactionalTestExecutionListener@dc24521, org.springframework.test.context.jdbc.SqlScriptsTestExecutionListener@10bdf5e5]
2017-11-02 16:01:07 INFO  [main] org.springframework.beans.factory.xml.XmlBeanDefinitionReader  - Loading XML bean definitions from class path resource [spring-mvc.xml]
2017-11-02 16:01:07 INFO  [main] org.springframework.beans.factory.xml.XmlBeanDefinitionReader  - Loading XML bean definitions from class path resource [spring-mybatis.xml]
2017-11-02 16:01:07 WARN  [main] org.mybatis.spring.mapper.ClassPathMapperScanner  - No MyBatis mapper was found in '[com.co.jp.bizplus.persistence.entity]' package. Please check your configuration.
2017-11-02 16:01:07 INFO  [main] org.springframework.context.support.GenericApplicationContext  - Refreshing org.springframework.context.support.GenericApplicationContext@7c29daf3: startup date [Thu Nov 02 16:01:07 JST 2017]; root of context hierarchy
2017-11-02 16:01:08 INFO  [main] org.springframework.beans.factory.config.PropertyPlaceholderConfigurer  - Loading properties file from class path resource [db.properties]
2017-11-02 16:01:08 INFO  [main] org.springframework.context.support.PropertySourcesPlaceholderConfigurer  - Loading properties file from class path resource [db.properties]
2017-11-02 16:01:08 INFO  [main] org.springframework.beans.factory.annotation.AutowiredAnnotationBeanPostProcessor  - JSR-330 'javax.inject.Inject' annotation found and supported for autowiring
2017-11-02 16:01:08 INFO  [main] com.alibaba.druid.pool.DruidDataSource  - {dataSource-1} inited
2017-11-02 16:01:08 INFO  [main] org.springframework.web.servlet.mvc.method.annotation.RequestMappingHandlerMapping  - Mapped "{[/user/changeLocale.do]}" onto public org.springframework.web.servlet.ModelAndView com.co.jp.bizplus.controller.common.UserLoginAction.changeLocale(com.co.jp.bizplus.controller.form.UserLoginForm,org.springframework.ui.Model)
2017-11-02 16:01:08 INFO  [main] org.springframework.web.servlet.mvc.method.annotation.RequestMappingHandlerMapping  - Mapped "{[/user/introduce.do]}" onto public org.springframework.web.servlet.ModelAndView com.co.jp.bizplus.controller.common.UserLoginAction.introduce()
2017-11-02 16:01:08 INFO  [main] org.springframework.web.servlet.mvc.method.annotation.RequestMappingHandlerMapping  - Mapped "{[/user/loginInit.do]}" onto public org.springframework.web.servlet.ModelAndView com.co.jp.bizplus.controller.common.UserLoginAction.loginInit(org.springframework.ui.Model)
2017-11-02 16:01:08 INFO  [main] org.springframework.web.servlet.mvc.method.annotation.RequestMappingHandlerMapping  - Mapped "{[/user/login.do],methods=[POST]}" onto public java.lang.String com.co.jp.bizplus.controller.common.UserLoginAction.login(com.co.jp.bizplus.controller.form.UserLoginForm,org.springframework.validation.Errors,org.springframework.ui.Model)
2017-11-02 16:01:08 INFO  [main] org.springframework.web.servlet.mvc.method.annotation.RequestMappingHandlerMapping  - Mapped "{[/user/logout.do],methods=[GET]}" onto public java.lang.String com.co.jp.bizplus.controller.common.UserLoginAction.logout(org.springframework.ui.Model)
2017-11-02 16:01:08 INFO  [main] org.hibernate.validator.internal.util.Version  - HV000001: Hibernate Validator 5.0.2.Final
2017-11-02 16:01:08 INFO  [main] org.springframework.web.servlet.mvc.method.annotation.RequestMappingHandlerAdapter  - Looking for @ControllerAdvice: org.springframework.context.support.GenericApplicationContext@7c29daf3: startup date [Thu Nov 02 16:01:07 JST 2017]; root of context hierarchy
2017-11-02 16:01:08 INFO  [main] org.springframework.web.servlet.mvc.method.annotation.RequestMappingHandlerAdapter  - Looking for @ControllerAdvice: org.springframework.context.support.GenericApplicationContext@7c29daf3: startup date [Thu Nov 02 16:01:07 JST 2017]; root of context hierarchy
2017-11-02 16:01:09 INFO  [main] org.springframework.test.context.transaction.TransactionContext  - Began transaction (1) for test context [DefaultTestContext@6c3708b3 testClass = SpringMyBatisTestBySpringTestFramework, testInstance = com.co.jp.bizplus.SpringMyBatisTestBySpringTestFramework@369f73a2, testMethod = test1AddUser@SpringMyBatisTestBySpringTestFramework, testException = [null], mergedContextConfiguration = [MergedContextConfiguration@6f1fba17 testClass = SpringMyBatisTestBySpringTestFramework, locations = '{classpath:spring-mvc.xml, classpath:spring-mybatis.xml}', classes = '{}', contextInitializerClasses = '[]', activeProfiles = '{}', propertySourceLocations = '{}', propertySourceProperties = '{}', contextLoader = 'org.springframework.test.context.support.DelegatingSmartContextLoader', parent = [null]]]; transaction manager [org.springframework.jdbc.datasource.DataSourceTransactionManager@1a69561c]; rollback [true]
2017-11-02 16:01:09 INFO  [main] org.springframework.test.context.transaction.TransactionContext  - Rolled back transaction for test context [DefaultTestContext@6c3708b3 testClass = SpringMyBatisTestBySpringTestFramework, testInstance = com.co.jp.bizplus.SpringMyBatisTestBySpringTestFramework@369f73a2, testMethod = test1AddUser@SpringMyBatisTestBySpringTestFramework, testException = [null], mergedContextConfiguration = [MergedContextConfiguration@6f1fba17 testClass = SpringMyBatisTestBySpringTestFramework, locations = '{classpath:spring-mvc.xml, classpath:spring-mybatis.xml}', classes = '{}', contextInitializerClasses = '[]', activeProfiles = '{}', propertySourceLocations = '{}', propertySourceProperties = '{}', contextLoader = 'org.springframework.test.context.support.DelegatingSmartContextLoader', parent = [null]]].
2017-11-02 16:01:09 INFO  [main] org.springframework.test.context.transaction.TransactionContext  - Began transaction (1) for test context [DefaultTestContext@6c3708b3 testClass = SpringMyBatisTestBySpringTestFramework, testInstance = com.co.jp.bizplus.SpringMyBatisTestBySpringTestFramework@6ab72419, testMethod = test2UpdateUser@SpringMyBatisTestBySpringTestFramework, testException = [null], mergedContextConfiguration = [MergedContextConfiguration@6f1fba17 testClass = SpringMyBatisTestBySpringTestFramework, locations = '{classpath:spring-mvc.xml, classpath:spring-mybatis.xml}', classes = '{}', contextInitializerClasses = '[]', activeProfiles = '{}', propertySourceLocations = '{}', propertySourceProperties = '{}', contextLoader = 'org.springframework.test.context.support.DelegatingSmartContextLoader', parent = [null]]]; transaction manager [org.springframework.jdbc.datasource.DataSourceTransactionManager@1a69561c]; rollback [true]
2017-11-02 16:01:09 INFO  [main] org.springframework.test.context.transaction.TransactionContext  - Rolled back transaction for test context [DefaultTestContext@6c3708b3 testClass = SpringMyBatisTestBySpringTestFramework, testInstance = com.co.jp.bizplus.SpringMyBatisTestBySpringTestFramework@6ab72419, testMethod = test2UpdateUser@SpringMyBatisTestBySpringTestFramework, testException = [null], mergedContextConfiguration = [MergedContextConfiguration@6f1fba17 testClass = SpringMyBatisTestBySpringTestFramework, locations = '{classpath:spring-mvc.xml, classpath:spring-mybatis.xml}', classes = '{}', contextInitializerClasses = '[]', activeProfiles = '{}', propertySourceLocations = '{}', propertySourceProperties = '{}', contextLoader = 'org.springframework.test.context.support.DelegatingSmartContextLoader', parent = [null]]].
2017-11-02 16:01:09 INFO  [main] org.springframework.test.context.transaction.TransactionContext  - Began transaction (1) for test context [DefaultTestContext@6c3708b3 testClass = SpringMyBatisTestBySpringTestFramework, testInstance = com.co.jp.bizplus.SpringMyBatisTestBySpringTestFramework@5528a42c, testMethod = test3DelUser@SpringMyBatisTestBySpringTestFramework, testException = [null], mergedContextConfiguration = [MergedContextConfiguration@6f1fba17 testClass = SpringMyBatisTestBySpringTestFramework, locations = '{classpath:spring-mvc.xml, classpath:spring-mybatis.xml}', classes = '{}', contextInitializerClasses = '[]', activeProfiles = '{}', propertySourceLocations = '{}', propertySourceProperties = '{}', contextLoader = 'org.springframework.test.context.support.DelegatingSmartContextLoader', parent = [null]]]; transaction manager [org.springframework.jdbc.datasource.DataSourceTransactionManager@1a69561c]; rollback [true]
2017-11-02 16:01:09 INFO  [main] org.springframework.test.context.transaction.TransactionContext  - Rolled back transaction for test context [DefaultTestContext@6c3708b3 testClass = SpringMyBatisTestBySpringTestFramework, testInstance = com.co.jp.bizplus.SpringMyBatisTestBySpringTestFramework@5528a42c, testMethod = test3DelUser@SpringMyBatisTestBySpringTestFramework, testException = [null], mergedContextConfiguration = [MergedContextConfiguration@6f1fba17 testClass = SpringMyBatisTestBySpringTestFramework, locations = '{classpath:spring-mvc.xml, classpath:spring-mybatis.xml}', classes = '{}', contextInitializerClasses = '[]', activeProfiles = '{}', propertySourceLocations = '{}', propertySourceProperties = '{}', contextLoader = 'org.springframework.test.context.support.DelegatingSmartContextLoader', parent = [null]]].
2017-11-02 16:01:09 INFO  [main] org.springframework.test.context.transaction.TransactionContext  - Began transaction (1) for test context [DefaultTestContext@6c3708b3 testClass = SpringMyBatisTestBySpringTestFramework, testInstance = com.co.jp.bizplus.SpringMyBatisTestBySpringTestFramework@f5c79a6, testMethod = test4GetUserList@SpringMyBatisTestBySpringTestFramework, testException = [null], mergedContextConfiguration = [MergedContextConfiguration@6f1fba17 testClass = SpringMyBatisTestBySpringTestFramework, locations = '{classpath:spring-mvc.xml, classpath:spring-mybatis.xml}', classes = '{}', contextInitializerClasses = '[]', activeProfiles = '{}', propertySourceLocations = '{}', propertySourceProperties = '{}', contextLoader = 'org.springframework.test.context.support.DelegatingSmartContextLoader', parent = [null]]]; transaction manager [org.springframework.jdbc.datasource.DataSourceTransactionManager@1a69561c]; rollback [true]
2017-11-02 16:01:09 INFO  [main] org.springframework.test.context.transaction.TransactionContext  - Rolled back transaction for test context [DefaultTestContext@6c3708b3 testClass = SpringMyBatisTestBySpringTestFramework, testInstance = com.co.jp.bizplus.SpringMyBatisTestBySpringTestFramework@f5c79a6, testMethod = test4GetUserList@SpringMyBatisTestBySpringTestFramework, testException = [null], mergedContextConfiguration = [MergedContextConfiguration@6f1fba17 testClass = SpringMyBatisTestBySpringTestFramework, locations = '{classpath:spring-mvc.xml, classpath:spring-mybatis.xml}', classes = '{}', contextInitializerClasses = '[]', activeProfiles = '{}', propertySourceLocations = '{}', propertySourceProperties = '{}', contextLoader = 'org.springframework.test.context.support.DelegatingSmartContextLoader', parent = [null]]].
2017-11-02 16:01:09 INFO  [main] org.springframework.test.context.transaction.TransactionContext  - Began transaction (1) for test context [DefaultTestContext@6c3708b3 testClass = SpringMyBatisTestBySpringTestFramework, testInstance = com.co.jp.bizplus.SpringMyBatisTestBySpringTestFramework@547e29a4, testMethod = testGetUser@SpringMyBatisTestBySpringTestFramework, testException = [null], mergedContextConfiguration = [MergedContextConfiguration@6f1fba17 testClass = SpringMyBatisTestBySpringTestFramework, locations = '{classpath:spring-mvc.xml, classpath:spring-mybatis.xml}', classes = '{}', contextInitializerClasses = '[]', activeProfiles = '{}', propertySourceLocations = '{}', propertySourceProperties = '{}', contextLoader = 'org.springframework.test.context.support.DelegatingSmartContextLoader', parent = [null]]]; transaction manager [org.springframework.jdbc.datasource.DataSourceTransactionManager@1a69561c]; rollback [true]
2017-11-02 16:01:09 INFO  [main] com.co.jp.bizplus.service.common.impl.UserServiceImpl  - UserServiceImpl.getUserById()：lius393
2017-11-02 16:01:09 INFO  [main] org.springframework.test.context.transaction.TransactionContext  - Rolled back transaction for test context [DefaultTestContext@6c3708b3 testClass = SpringMyBatisTestBySpringTestFramework, testInstance = com.co.jp.bizplus.SpringMyBatisTestBySpringTestFramework@547e29a4, testMethod = testGetUser@SpringMyBatisTestBySpringTestFramework, testException = [null], mergedContextConfiguration = [MergedContextConfiguration@6f1fba17 testClass = SpringMyBatisTestBySpringTestFramework, locations = '{classpath:spring-mvc.xml, classpath:spring-mybatis.xml}', classes = '{}', contextInitializerClasses = '[]', activeProfiles = '{}', propertySourceLocations = '{}', propertySourceProperties = '{}', contextLoader = 'org.springframework.test.context.support.DelegatingSmartContextLoader', parent = [null]]].
2017-11-02 16:01:09 INFO  [Thread-1] org.springframework.context.support.GenericApplicationContext  - Closing org.springframework.context.support.GenericApplicationContext@7c29daf3: startup date [Thu Nov 02 16:01:07 JST 2017]; root of context hierarchy
2017-11-02 16:01:09 INFO  [Thread-1] com.alibaba.druid.pool.DruidDataSource  - {dataSource-1} closed
2017-11-02 16:01:20 INFO  [main] org.springframework.context.support.ClassPathXmlApplicationContext  - Refreshing org.springframework.context.support.ClassPathXmlApplicationContext@68837a77: startup date [Thu Nov 02 16:01:20 JST 2017]; root of context hierarchy
2017-11-02 16:01:20 INFO  [main] org.springframework.beans.factory.xml.XmlBeanDefinitionReader  - Loading XML bean definitions from class path resource [spring-mvc.xml]
2017-11-02 16:01:20 INFO  [main] org.springframework.beans.factory.xml.XmlBeanDefinitionReader  - Loading XML bean definitions from class path resource [spring-mybatis.xml]
2017-11-02 16:01:20 WARN  [main] org.mybatis.spring.mapper.ClassPathMapperScanner  - No MyBatis mapper was found in '[com.co.jp.bizplus.persistence.entity]' package. Please check your configuration.
2017-11-02 16:01:20 INFO  [main] org.springframework.beans.factory.config.PropertyPlaceholderConfigurer  - Loading properties file from class path resource [db.properties]
2017-11-02 16:01:20 INFO  [main] org.springframework.context.support.PropertySourcesPlaceholderConfigurer  - Loading properties file from class path resource [db.properties]
2017-11-02 16:01:20 INFO  [main] org.springframework.beans.factory.annotation.AutowiredAnnotationBeanPostProcessor  - JSR-330 'javax.inject.Inject' annotation found and supported for autowiring
2017-11-02 16:01:21 INFO  [main] com.alibaba.druid.pool.DruidDataSource  - {dataSource-1} inited
2017-11-02 16:01:21 INFO  [main] org.springframework.web.servlet.mvc.method.annotation.RequestMappingHandlerMapping  - Mapped "{[/user/changeLocale.do]}" onto public org.springframework.web.servlet.ModelAndView com.co.jp.bizplus.controller.common.UserLoginAction.changeLocale(com.co.jp.bizplus.controller.form.UserLoginForm,org.springframework.ui.Model)
2017-11-02 16:01:21 INFO  [main] org.springframework.web.servlet.mvc.method.annotation.RequestMappingHandlerMapping  - Mapped "{[/user/loginInit.do]}" onto public org.springframework.web.servlet.ModelAndView com.co.jp.bizplus.controller.common.UserLoginAction.loginInit(org.springframework.ui.Model)
2017-11-02 16:01:21 INFO  [main] org.springframework.web.servlet.mvc.method.annotation.RequestMappingHandlerMapping  - Mapped "{[/user/login.do],methods=[POST]}" onto public java.lang.String com.co.jp.bizplus.controller.common.UserLoginAction.login(com.co.jp.bizplus.controller.form.UserLoginForm,org.springframework.validation.Errors,org.springframework.ui.Model)
2017-11-02 16:01:21 INFO  [main] org.springframework.web.servlet.mvc.method.annotation.RequestMappingHandlerMapping  - Mapped "{[/user/introduce.do]}" onto public org.springframework.web.servlet.ModelAndView com.co.jp.bizplus.controller.common.UserLoginAction.introduce()
2017-11-02 16:01:21 INFO  [main] org.springframework.web.servlet.mvc.method.annotation.RequestMappingHandlerMapping  - Mapped "{[/user/logout.do],methods=[GET]}" onto public java.lang.String com.co.jp.bizplus.controller.common.UserLoginAction.logout(org.springframework.ui.Model)
2017-11-02 16:01:21 INFO  [main] org.hibernate.validator.internal.util.Version  - HV000001: Hibernate Validator 5.0.2.Final
2017-11-02 16:01:21 INFO  [main] org.springframework.web.servlet.mvc.method.annotation.RequestMappingHandlerAdapter  - Looking for @ControllerAdvice: org.springframework.context.support.ClassPathXmlApplicationContext@68837a77: startup date [Thu Nov 02 16:01:20 JST 2017]; root of context hierarchy
2017-11-02 16:01:21 INFO  [main] org.springframework.web.servlet.mvc.method.annotation.RequestMappingHandlerAdapter  - Looking for @ControllerAdvice: org.springframework.context.support.ClassPathXmlApplicationContext@68837a77: startup date [Thu Nov 02 16:01:20 JST 2017]; root of context hierarchy
2017-11-02 16:01:22 INFO  [main] org.springframework.context.support.ClassPathXmlApplicationContext  - Refreshing org.springframework.context.support.ClassPathXmlApplicationContext@1095f122: startup date [Thu Nov 02 16:01:22 JST 2017]; root of context hierarchy
2017-11-02 16:01:22 INFO  [main] org.springframework.beans.factory.xml.XmlBeanDefinitionReader  - Loading XML bean definitions from class path resource [spring-mvc.xml]
2017-11-02 16:01:22 INFO  [main] org.springframework.beans.factory.xml.XmlBeanDefinitionReader  - Loading XML bean definitions from class path resource [spring-mybatis.xml]
2017-11-02 16:01:22 WARN  [main] org.mybatis.spring.mapper.ClassPathMapperScanner  - No MyBatis mapper was found in '[com.co.jp.bizplus.persistence.entity]' package. Please check your configuration.
2017-11-02 16:01:22 INFO  [main] org.springframework.beans.factory.config.PropertyPlaceholderConfigurer  - Loading properties file from class path resource [db.properties]
2017-11-02 16:01:22 INFO  [main] org.springframework.context.support.PropertySourcesPlaceholderConfigurer  - Loading properties file from class path resource [db.properties]
2017-11-02 16:01:22 INFO  [main] org.springframework.beans.factory.annotation.AutowiredAnnotationBeanPostProcessor  - JSR-330 'javax.inject.Inject' annotation found and supported for autowiring
2017-11-02 16:01:22 INFO  [main] com.alibaba.druid.pool.DruidDataSource  - {dataSource-2} inited
2017-11-02 16:01:22 INFO  [main] org.springframework.web.servlet.mvc.method.annotation.RequestMappingHandlerMapping  - Mapped "{[/user/changeLocale.do]}" onto public org.springframework.web.servlet.ModelAndView com.co.jp.bizplus.controller.common.UserLoginAction.changeLocale(com.co.jp.bizplus.controller.form.UserLoginForm,org.springframework.ui.Model)
2017-11-02 16:01:22 INFO  [main] org.springframework.web.servlet.mvc.method.annotation.RequestMappingHandlerMapping  - Mapped "{[/user/loginInit.do]}" onto public org.springframework.web.servlet.ModelAndView com.co.jp.bizplus.controller.common.UserLoginAction.loginInit(org.springframework.ui.Model)
2017-11-02 16:01:22 INFO  [main] org.springframework.web.servlet.mvc.method.annotation.RequestMappingHandlerMapping  - Mapped "{[/user/login.do],methods=[POST]}" onto public java.lang.String com.co.jp.bizplus.controller.common.UserLoginAction.login(com.co.jp.bizplus.controller.form.UserLoginForm,org.springframework.validation.Errors,org.springframework.ui.Model)
2017-11-02 16:01:22 INFO  [main] org.springframework.web.servlet.mvc.method.annotation.RequestMappingHandlerMapping  - Mapped "{[/user/introduce.do]}" onto public org.springframework.web.servlet.ModelAndView com.co.jp.bizplus.controller.common.UserLoginAction.introduce()
2017-11-02 16:01:22 INFO  [main] org.springframework.web.servlet.mvc.method.annotation.RequestMappingHandlerMapping  - Mapped "{[/user/logout.do],methods=[GET]}" onto public java.lang.String com.co.jp.bizplus.controller.common.UserLoginAction.logout(org.springframework.ui.Model)
2017-11-02 16:01:22 INFO  [main] org.springframework.web.servlet.mvc.method.annotation.RequestMappingHandlerAdapter  - Looking for @ControllerAdvice: org.springframework.context.support.ClassPathXmlApplicationContext@1095f122: startup date [Thu Nov 02 16:01:22 JST 2017]; root of context hierarchy
2017-11-02 16:01:22 INFO  [main] org.springframework.web.servlet.mvc.method.annotation.RequestMappingHandlerAdapter  - Looking for @ControllerAdvice: org.springframework.context.support.ClassPathXmlApplicationContext@1095f122: startup date [Thu Nov 02 16:01:22 JST 2017]; root of context hierarchy
2017-11-02 16:01:22 INFO  [main] org.springframework.context.support.ClassPathXmlApplicationContext  - Refreshing org.springframework.context.support.ClassPathXmlApplicationContext@c074c0c: startup date [Thu Nov 02 16:01:22 JST 2017]; root of context hierarchy
2017-11-02 16:01:22 INFO  [main] org.springframework.beans.factory.xml.XmlBeanDefinitionReader  - Loading XML bean definitions from class path resource [spring-mvc.xml]
2017-11-02 16:01:22 INFO  [main] org.springframework.beans.factory.xml.XmlBeanDefinitionReader  - Loading XML bean definitions from class path resource [spring-mybatis.xml]
2017-11-02 16:01:22 WARN  [main] org.mybatis.spring.mapper.ClassPathMapperScanner  - No MyBatis mapper was found in '[com.co.jp.bizplus.persistence.entity]' package. Please check your configuration.
2017-11-02 16:01:22 INFO  [main] org.springframework.beans.factory.config.PropertyPlaceholderConfigurer  - Loading properties file from class path resource [db.properties]
2017-11-02 16:01:22 INFO  [main] org.springframework.context.support.PropertySourcesPlaceholderConfigurer  - Loading properties file from class path resource [db.properties]
2017-11-02 16:01:22 INFO  [main] org.springframework.beans.factory.annotation.AutowiredAnnotationBeanPostProcessor  - JSR-330 'javax.inject.Inject' annotation found and supported for autowiring
2017-11-02 16:01:22 INFO  [main] com.alibaba.druid.pool.DruidDataSource  - {dataSource-3} inited
2017-11-02 16:01:22 INFO  [main] org.springframework.web.servlet.mvc.method.annotation.RequestMappingHandlerMapping  - Mapped "{[/user/changeLocale.do]}" onto public org.springframework.web.servlet.ModelAndView com.co.jp.bizplus.controller.common.UserLoginAction.changeLocale(com.co.jp.bizplus.controller.form.UserLoginForm,org.springframework.ui.Model)
2017-11-02 16:01:22 INFO  [main] org.springframework.web.servlet.mvc.method.annotation.RequestMappingHandlerMapping  - Mapped "{[/user/loginInit.do]}" onto public org.springframework.web.servlet.ModelAndView com.co.jp.bizplus.controller.common.UserLoginAction.loginInit(org.springframework.ui.Model)
2017-11-02 16:01:22 INFO  [main] org.springframework.web.servlet.mvc.method.annotation.RequestMappingHandlerMapping  - Mapped "{[/user/login.do],methods=[POST]}" onto public java.lang.String com.co.jp.bizplus.controller.common.UserLoginAction.login(com.co.jp.bizplus.controller.form.UserLoginForm,org.springframework.validation.Errors,org.springframework.ui.Model)
2017-11-02 16:01:22 INFO  [main] org.springframework.web.servlet.mvc.method.annotation.RequestMappingHandlerMapping  - Mapped "{[/user/introduce.do]}" onto public org.springframework.web.servlet.ModelAndView com.co.jp.bizplus.controller.common.UserLoginAction.introduce()
2017-11-02 16:01:22 INFO  [main] org.springframework.web.servlet.mvc.method.annotation.RequestMappingHandlerMapping  - Mapped "{[/user/logout.do],methods=[GET]}" onto public java.lang.String com.co.jp.bizplus.controller.common.UserLoginAction.logout(org.springframework.ui.Model)
2017-11-02 16:01:22 INFO  [main] org.springframework.web.servlet.mvc.method.annotation.RequestMappingHandlerAdapter  - Looking for @ControllerAdvice: org.springframework.context.support.ClassPathXmlApplicationContext@c074c0c: startup date [Thu Nov 02 16:01:22 JST 2017]; root of context hierarchy
2017-11-02 16:01:22 INFO  [main] org.springframework.web.servlet.mvc.method.annotation.RequestMappingHandlerAdapter  - Looking for @ControllerAdvice: org.springframework.context.support.ClassPathXmlApplicationContext@c074c0c: startup date [Thu Nov 02 16:01:22 JST 2017]; root of context hierarchy
2017-11-02 16:01:22 INFO  [main] org.springframework.context.support.ClassPathXmlApplicationContext  - Refreshing org.springframework.context.support.ClassPathXmlApplicationContext@515f4131: startup date [Thu Nov 02 16:01:22 JST 2017]; root of context hierarchy
2017-11-02 16:01:22 INFO  [main] org.springframework.beans.factory.xml.XmlBeanDefinitionReader  - Loading XML bean definitions from class path resource [spring-mvc.xml]
2017-11-02 16:01:22 INFO  [main] org.springframework.beans.factory.xml.XmlBeanDefinitionReader  - Loading XML bean definitions from class path resource [spring-mybatis.xml]
2017-11-02 16:01:22 WARN  [main] org.mybatis.spring.mapper.ClassPathMapperScanner  - No MyBatis mapper was found in '[com.co.jp.bizplus.persistence.entity]' package. Please check your configuration.
2017-11-02 16:01:22 INFO  [main] org.springframework.beans.factory.config.PropertyPlaceholderConfigurer  - Loading properties file from class path resource [db.properties]
2017-11-02 16:01:22 INFO  [main] org.springframework.context.support.PropertySourcesPlaceholderConfigurer  - Loading properties file from class path resource [db.properties]
2017-11-02 16:01:22 INFO  [main] org.springframework.beans.factory.annotation.AutowiredAnnotationBeanPostProcessor  - JSR-330 'javax.inject.Inject' annotation found and supported for autowiring
2017-11-02 16:01:22 INFO  [main] com.alibaba.druid.pool.DruidDataSource  - {dataSource-4} inited
2017-11-02 16:01:22 INFO  [main] org.springframework.web.servlet.mvc.method.annotation.RequestMappingHandlerMapping  - Mapped "{[/user/changeLocale.do]}" onto public org.springframework.web.servlet.ModelAndView com.co.jp.bizplus.controller.common.UserLoginAction.changeLocale(com.co.jp.bizplus.controller.form.UserLoginForm,org.springframework.ui.Model)
2017-11-02 16:01:22 INFO  [main] org.springframework.web.servlet.mvc.method.annotation.RequestMappingHandlerMapping  - Mapped "{[/user/loginInit.do]}" onto public org.springframework.web.servlet.ModelAndView com.co.jp.bizplus.controller.common.UserLoginAction.loginInit(org.springframework.ui.Model)
2017-11-02 16:01:22 INFO  [main] org.springframework.web.servlet.mvc.method.annotation.RequestMappingHandlerMapping  - Mapped "{[/user/login.do],methods=[POST]}" onto public java.lang.String com.co.jp.bizplus.controller.common.UserLoginAction.login(com.co.jp.bizplus.controller.form.UserLoginForm,org.springframework.validation.Errors,org.springframework.ui.Model)
2017-11-02 16:01:22 INFO  [main] org.springframework.web.servlet.mvc.method.annotation.RequestMappingHandlerMapping  - Mapped "{[/user/introduce.do]}" onto public org.springframework.web.servlet.ModelAndView com.co.jp.bizplus.controller.common.UserLoginAction.introduce()
2017-11-02 16:01:22 INFO  [main] org.springframework.web.servlet.mvc.method.annotation.RequestMappingHandlerMapping  - Mapped "{[/user/logout.do],methods=[GET]}" onto public java.lang.String com.co.jp.bizplus.controller.common.UserLoginAction.logout(org.springframework.ui.Model)
2017-11-02 16:01:22 INFO  [main] org.springframework.web.servlet.mvc.method.annotation.RequestMappingHandlerAdapter  - Looking for @ControllerAdvice: org.springframework.context.support.ClassPathXmlApplicationContext@515f4131: startup date [Thu Nov 02 16:01:22 JST 2017]; root of context hierarchy
2017-11-02 16:01:22 INFO  [main] org.springframework.web.servlet.mvc.method.annotation.RequestMappingHandlerAdapter  - Looking for @ControllerAdvice: org.springframework.context.support.ClassPathXmlApplicationContext@515f4131: startup date [Thu Nov 02 16:01:22 JST 2017]; root of context hierarchy
2017-11-02 16:01:22 INFO  [main] org.springframework.context.support.ClassPathXmlApplicationContext  - Refreshing org.springframework.context.support.ClassPathXmlApplicationContext@5339bbad: startup date [Thu Nov 02 16:01:22 JST 2017]; root of context hierarchy
2017-11-02 16:01:22 INFO  [main] org.springframework.beans.factory.xml.XmlBeanDefinitionReader  - Loading XML bean definitions from class path resource [spring-mvc.xml]
2017-11-02 16:01:22 INFO  [main] org.springframework.beans.factory.xml.XmlBeanDefinitionReader  - Loading XML bean definitions from class path resource [spring-mybatis.xml]
2017-11-02 16:01:22 WARN  [main] org.mybatis.spring.mapper.ClassPathMapperScanner  - No MyBatis mapper was found in '[com.co.jp.bizplus.persistence.entity]' package. Please check your configuration.
2017-11-02 16:01:22 INFO  [main] org.springframework.beans.factory.config.PropertyPlaceholderConfigurer  - Loading properties file from class path resource [db.properties]
2017-11-02 16:01:22 INFO  [main] org.springframework.context.support.PropertySourcesPlaceholderConfigurer  - Loading properties file from class path resource [db.properties]
2017-11-02 16:01:22 INFO  [main] org.springframework.beans.factory.annotation.AutowiredAnnotationBeanPostProcessor  - JSR-330 'javax.inject.Inject' annotation found and supported for autowiring
2017-11-02 16:01:22 INFO  [main] com.alibaba.druid.pool.DruidDataSource  - {dataSource-5} inited
2017-11-02 16:01:22 INFO  [main] org.springframework.web.servlet.mvc.method.annotation.RequestMappingHandlerMapping  - Mapped "{[/user/changeLocale.do]}" onto public org.springframework.web.servlet.ModelAndView com.co.jp.bizplus.controller.common.UserLoginAction.changeLocale(com.co.jp.bizplus.controller.form.UserLoginForm,org.springframework.ui.Model)
2017-11-02 16:01:22 INFO  [main] org.springframework.web.servlet.mvc.method.annotation.RequestMappingHandlerMapping  - Mapped "{[/user/loginInit.do]}" onto public org.springframework.web.servlet.ModelAndView com.co.jp.bizplus.controller.common.UserLoginAction.loginInit(org.springframework.ui.Model)
2017-11-02 16:01:22 INFO  [main] org.springframework.web.servlet.mvc.method.annotation.RequestMappingHandlerMapping  - Mapped "{[/user/login.do],methods=[POST]}" onto public java.lang.String com.co.jp.bizplus.controller.common.UserLoginAction.login(com.co.jp.bizplus.controller.form.UserLoginForm,org.springframework.validation.Errors,org.springframework.ui.Model)
2017-11-02 16:01:22 INFO  [main] org.springframework.web.servlet.mvc.method.annotation.RequestMappingHandlerMapping  - Mapped "{[/user/introduce.do]}" onto public org.springframework.web.servlet.ModelAndView com.co.jp.bizplus.controller.common.UserLoginAction.introduce()
2017-11-02 16:01:22 INFO  [main] org.springframework.web.servlet.mvc.method.annotation.RequestMappingHandlerMapping  - Mapped "{[/user/logout.do],methods=[GET]}" onto public java.lang.String com.co.jp.bizplus.controller.common.UserLoginAction.logout(org.springframework.ui.Model)
2017-11-02 16:01:22 INFO  [main] org.springframework.web.servlet.mvc.method.annotation.RequestMappingHandlerAdapter  - Looking for @ControllerAdvice: org.springframework.context.support.ClassPathXmlApplicationContext@5339bbad: startup date [Thu Nov 02 16:01:22 JST 2017]; root of context hierarchy
2017-11-02 16:01:22 INFO  [main] org.springframework.web.servlet.mvc.method.annotation.RequestMappingHandlerAdapter  - Looking for @ControllerAdvice: org.springframework.context.support.ClassPathXmlApplicationContext@5339bbad: startup date [Thu Nov 02 16:01:22 JST 2017]; root of context hierarchy
2017-11-02 16:01:22 INFO  [main] com.co.jp.bizplus.service.common.impl.UserServiceImpl  - UserServiceImpl.getUserById()：lius393
