2018-09-02 11:24:12 INFO  [main] org.springframework.context.support.ClassPathXmlApplicationContext  - Refreshing org.springframework.context.support.ClassPathXmlApplicationContext@68837a77: startup date [Sun Sep 02 11:24:12 JST 2018]; root of context hierarchy
2018-09-02 11:24:12 INFO  [main] org.springframework.beans.factory.xml.XmlBeanDefinitionReader  - Loading XML bean definitions from class path resource [spring-mvc.xml]
2018-09-02 11:24:13 INFO  [main] org.springframework.beans.factory.xml.XmlBeanDefinitionReader  - Loading XML bean definitions from class path resource [spring-mybatis.xml]
2018-09-02 11:24:13 WARN  [main] org.mybatis.spring.mapper.ClassPathMapperScanner  - No MyBatis mapper was found in '[com.co.jp.liushuang.persistence.entity]' package. Please check your configuration.
2018-09-02 11:24:13 INFO  [main] org.springframework.beans.factory.config.PropertyPlaceholderConfigurer  - Loading properties file from class path resource [db.properties]
2018-09-02 11:24:13 INFO  [main] org.springframework.context.support.PropertySourcesPlaceholderConfigurer  - Loading properties file from class path resource [db.properties]
2018-09-02 11:24:13 INFO  [main] org.springframework.beans.factory.annotation.AutowiredAnnotationBeanPostProcessor  - JSR-330 'javax.inject.Inject' annotation found and supported for autowiring
2018-09-02 11:24:14 INFO  [main] com.alibaba.druid.pool.DruidDataSource  - {dataSource-1} inited
2018-09-02 11:24:14 INFO  [main] org.springframework.web.servlet.mvc.method.annotation.RequestMappingHandlerMapping  - Mapped "{[/user/loginInit.do]}" onto public org.springframework.web.servlet.ModelAndView com.co.jp.liushuang.controller.common.UserLoginAction.loginInit(org.springframework.ui.Model)
2018-09-02 11:24:14 INFO  [main] org.springframework.web.servlet.mvc.method.annotation.RequestMappingHandlerMapping  - Mapped "{[/user/changeLocale.do]}" onto public org.springframework.web.servlet.ModelAndView com.co.jp.liushuang.controller.common.UserLoginAction.changeLocale(com.co.jp.liushuang.controller.form.UserLoginForm,org.springframework.ui.Model)
2018-09-02 11:24:14 INFO  [main] org.springframework.web.servlet.mvc.method.annotation.RequestMappingHandlerMapping  - Mapped "{[/user/logout.do],methods=[GET]}" onto public java.lang.String com.co.jp.liushuang.controller.common.UserLoginAction.logout(org.springframework.ui.Model)
2018-09-02 11:24:14 INFO  [main] org.springframework.web.servlet.mvc.method.annotation.RequestMappingHandlerMapping  - Mapped "{[/user/login.do],methods=[POST]}" onto public java.lang.String com.co.jp.liushuang.controller.common.UserLoginAction.login(com.co.jp.liushuang.controller.form.UserLoginForm,org.springframework.validation.Errors,org.springframework.ui.Model)
2018-09-02 11:24:14 INFO  [main] org.springframework.web.servlet.mvc.method.annotation.RequestMappingHandlerMapping  - Mapped "{[/user/introduce.do]}" onto public org.springframework.web.servlet.ModelAndView com.co.jp.liushuang.controller.common.UserLoginAction.introduce()
2018-09-02 11:24:14 INFO  [main] org.hibernate.validator.internal.util.Version  - HV000001: Hibernate Validator 5.0.2.Final
2018-09-02 11:24:14 INFO  [main] org.springframework.web.servlet.mvc.method.annotation.RequestMappingHandlerAdapter  - Looking for @ControllerAdvice: org.springframework.context.support.ClassPathXmlApplicationContext@68837a77: startup date [Sun Sep 02 11:24:12 JST 2018]; root of context hierarchy
2018-09-02 11:24:15 INFO  [main] org.springframework.web.servlet.mvc.method.annotation.RequestMappingHandlerAdapter  - Looking for @ControllerAdvice: org.springframework.context.support.ClassPathXmlApplicationContext@68837a77: startup date [Sun Sep 02 11:24:12 JST 2018]; root of context hierarchy
2018-09-02 11:24:15 INFO  [main] org.springframework.beans.factory.xml.XmlBeanDefinitionReader  - Loading XML bean definitions from class path resource [org/springframework/jdbc/support/sql-error-codes.xml]
2018-09-02 11:24:15 INFO  [main] org.springframework.jdbc.support.SQLErrorCodesFactory  - SQLErrorCodes loaded: [DB2, Derby, H2, HSQL, Informix, MS-SQL, MySQL, Oracle, PostgreSQL, Sybase, Hana]
2018-09-02 11:24:15 INFO  [main] org.springframework.context.support.ClassPathXmlApplicationContext  - Refreshing org.springframework.context.support.ClassPathXmlApplicationContext@41de5768: startup date [Sun Sep 02 11:24:15 JST 2018]; root of context hierarchy
2018-09-02 11:24:15 INFO  [main] org.springframework.beans.factory.xml.XmlBeanDefinitionReader  - Loading XML bean definitions from class path resource [spring-mvc.xml]
2018-09-02 11:24:15 INFO  [main] org.springframework.beans.factory.xml.XmlBeanDefinitionReader  - Loading XML bean definitions from class path resource [spring-mybatis.xml]
2018-09-02 11:24:16 WARN  [main] org.mybatis.spring.mapper.ClassPathMapperScanner  - No MyBatis mapper was found in '[com.co.jp.liushuang.persistence.entity]' package. Please check your configuration.
2018-09-02 11:24:16 INFO  [main] org.springframework.beans.factory.config.PropertyPlaceholderConfigurer  - Loading properties file from class path resource [db.properties]
2018-09-02 11:24:16 INFO  [main] org.springframework.context.support.PropertySourcesPlaceholderConfigurer  - Loading properties file from class path resource [db.properties]
2018-09-02 11:24:16 INFO  [main] org.springframework.beans.factory.annotation.AutowiredAnnotationBeanPostProcessor  - JSR-330 'javax.inject.Inject' annotation found and supported for autowiring
2018-09-02 11:24:16 INFO  [main] com.alibaba.druid.pool.DruidDataSource  - {dataSource-2} inited
2018-09-02 11:24:16 INFO  [main] org.springframework.web.servlet.mvc.method.annotation.RequestMappingHandlerMapping  - Mapped "{[/user/loginInit.do]}" onto public org.springframework.web.servlet.ModelAndView com.co.jp.liushuang.controller.common.UserLoginAction.loginInit(org.springframework.ui.Model)
2018-09-02 11:24:16 INFO  [main] org.springframework.web.servlet.mvc.method.annotation.RequestMappingHandlerMapping  - Mapped "{[/user/changeLocale.do]}" onto public org.springframework.web.servlet.ModelAndView com.co.jp.liushuang.controller.common.UserLoginAction.changeLocale(com.co.jp.liushuang.controller.form.UserLoginForm,org.springframework.ui.Model)
2018-09-02 11:24:16 INFO  [main] org.springframework.web.servlet.mvc.method.annotation.RequestMappingHandlerMapping  - Mapped "{[/user/logout.do],methods=[GET]}" onto public java.lang.String com.co.jp.liushuang.controller.common.UserLoginAction.logout(org.springframework.ui.Model)
2018-09-02 11:24:16 INFO  [main] org.springframework.web.servlet.mvc.method.annotation.RequestMappingHandlerMapping  - Mapped "{[/user/login.do],methods=[POST]}" onto public java.lang.String com.co.jp.liushuang.controller.common.UserLoginAction.login(com.co.jp.liushuang.controller.form.UserLoginForm,org.springframework.validation.Errors,org.springframework.ui.Model)
2018-09-02 11:24:16 INFO  [main] org.springframework.web.servlet.mvc.method.annotation.RequestMappingHandlerMapping  - Mapped "{[/user/introduce.do]}" onto public org.springframework.web.servlet.ModelAndView com.co.jp.liushuang.controller.common.UserLoginAction.introduce()
2018-09-02 11:24:16 INFO  [main] org.springframework.web.servlet.mvc.method.annotation.RequestMappingHandlerAdapter  - Looking for @ControllerAdvice: org.springframework.context.support.ClassPathXmlApplicationContext@41de5768: startup date [Sun Sep 02 11:24:15 JST 2018]; root of context hierarchy
2018-09-02 11:24:16 INFO  [main] org.springframework.web.servlet.mvc.method.annotation.RequestMappingHandlerAdapter  - Looking for @ControllerAdvice: org.springframework.context.support.ClassPathXmlApplicationContext@41de5768: startup date [Sun Sep 02 11:24:15 JST 2018]; root of context hierarchy
2018-09-02 11:24:16 INFO  [main] org.springframework.context.support.ClassPathXmlApplicationContext  - Refreshing org.springframework.context.support.ClassPathXmlApplicationContext@41c89d2f: startup date [Sun Sep 02 11:24:16 JST 2018]; root of context hierarchy
2018-09-02 11:24:16 INFO  [main] org.springframework.beans.factory.xml.XmlBeanDefinitionReader  - Loading XML bean definitions from class path resource [spring-mvc.xml]
2018-09-02 11:24:16 INFO  [main] org.springframework.beans.factory.xml.XmlBeanDefinitionReader  - Loading XML bean definitions from class path resource [spring-mybatis.xml]
2018-09-02 11:24:16 WARN  [main] org.mybatis.spring.mapper.ClassPathMapperScanner  - No MyBatis mapper was found in '[com.co.jp.liushuang.persistence.entity]' package. Please check your configuration.
2018-09-02 11:24:16 INFO  [main] org.springframework.beans.factory.config.PropertyPlaceholderConfigurer  - Loading properties file from class path resource [db.properties]
2018-09-02 11:24:16 INFO  [main] org.springframework.context.support.PropertySourcesPlaceholderConfigurer  - Loading properties file from class path resource [db.properties]
2018-09-02 11:24:16 INFO  [main] org.springframework.beans.factory.annotation.AutowiredAnnotationBeanPostProcessor  - JSR-330 'javax.inject.Inject' annotation found and supported for autowiring
2018-09-02 11:24:16 INFO  [main] com.alibaba.druid.pool.DruidDataSource  - {dataSource-3} inited
2018-09-02 11:24:16 INFO  [main] org.springframework.web.servlet.mvc.method.annotation.RequestMappingHandlerMapping  - Mapped "{[/user/loginInit.do]}" onto public org.springframework.web.servlet.ModelAndView com.co.jp.liushuang.controller.common.UserLoginAction.loginInit(org.springframework.ui.Model)
2018-09-02 11:24:16 INFO  [main] org.springframework.web.servlet.mvc.method.annotation.RequestMappingHandlerMapping  - Mapped "{[/user/changeLocale.do]}" onto public org.springframework.web.servlet.ModelAndView com.co.jp.liushuang.controller.common.UserLoginAction.changeLocale(com.co.jp.liushuang.controller.form.UserLoginForm,org.springframework.ui.Model)
2018-09-02 11:24:16 INFO  [main] org.springframework.web.servlet.mvc.method.annotation.RequestMappingHandlerMapping  - Mapped "{[/user/logout.do],methods=[GET]}" onto public java.lang.String com.co.jp.liushuang.controller.common.UserLoginAction.logout(org.springframework.ui.Model)
2018-09-02 11:24:16 INFO  [main] org.springframework.web.servlet.mvc.method.annotation.RequestMappingHandlerMapping  - Mapped "{[/user/login.do],methods=[POST]}" onto public java.lang.String com.co.jp.liushuang.controller.common.UserLoginAction.login(com.co.jp.liushuang.controller.form.UserLoginForm,org.springframework.validation.Errors,org.springframework.ui.Model)
2018-09-02 11:24:16 INFO  [main] org.springframework.web.servlet.mvc.method.annotation.RequestMappingHandlerMapping  - Mapped "{[/user/introduce.do]}" onto public org.springframework.web.servlet.ModelAndView com.co.jp.liushuang.controller.common.UserLoginAction.introduce()
2018-09-02 11:24:16 INFO  [main] org.springframework.web.servlet.mvc.method.annotation.RequestMappingHandlerAdapter  - Looking for @ControllerAdvice: org.springframework.context.support.ClassPathXmlApplicationContext@41c89d2f: startup date [Sun Sep 02 11:24:16 JST 2018]; root of context hierarchy
2018-09-02 11:24:16 INFO  [main] org.springframework.web.servlet.mvc.method.annotation.RequestMappingHandlerAdapter  - Looking for @ControllerAdvice: org.springframework.context.support.ClassPathXmlApplicationContext@41c89d2f: startup date [Sun Sep 02 11:24:16 JST 2018]; root of context hierarchy
2018-09-02 11:24:16 INFO  [main] org.springframework.context.support.ClassPathXmlApplicationContext  - Refreshing org.springframework.context.support.ClassPathXmlApplicationContext@f2c488: startup date [Sun Sep 02 11:24:16 JST 2018]; root of context hierarchy
2018-09-02 11:24:16 INFO  [main] org.springframework.beans.factory.xml.XmlBeanDefinitionReader  - Loading XML bean definitions from class path resource [spring-mvc.xml]
2018-09-02 11:24:16 INFO  [main] org.springframework.beans.factory.xml.XmlBeanDefinitionReader  - Loading XML bean definitions from class path resource [spring-mybatis.xml]
2018-09-02 11:24:16 WARN  [main] org.mybatis.spring.mapper.ClassPathMapperScanner  - No MyBatis mapper was found in '[com.co.jp.liushuang.persistence.entity]' package. Please check your configuration.
2018-09-02 11:24:16 INFO  [main] org.springframework.beans.factory.config.PropertyPlaceholderConfigurer  - Loading properties file from class path resource [db.properties]
2018-09-02 11:24:16 INFO  [main] org.springframework.context.support.PropertySourcesPlaceholderConfigurer  - Loading properties file from class path resource [db.properties]
2018-09-02 11:24:16 INFO  [main] org.springframework.beans.factory.annotation.AutowiredAnnotationBeanPostProcessor  - JSR-330 'javax.inject.Inject' annotation found and supported for autowiring
2018-09-02 11:24:16 INFO  [main] com.alibaba.druid.pool.DruidDataSource  - {dataSource-4} inited
2018-09-02 11:24:16 INFO  [main] org.springframework.web.servlet.mvc.method.annotation.RequestMappingHandlerMapping  - Mapped "{[/user/loginInit.do]}" onto public org.springframework.web.servlet.ModelAndView com.co.jp.liushuang.controller.common.UserLoginAction.loginInit(org.springframework.ui.Model)
2018-09-02 11:24:16 INFO  [main] org.springframework.web.servlet.mvc.method.annotation.RequestMappingHandlerMapping  - Mapped "{[/user/changeLocale.do]}" onto public org.springframework.web.servlet.ModelAndView com.co.jp.liushuang.controller.common.UserLoginAction.changeLocale(com.co.jp.liushuang.controller.form.UserLoginForm,org.springframework.ui.Model)
2018-09-02 11:24:16 INFO  [main] org.springframework.web.servlet.mvc.method.annotation.RequestMappingHandlerMapping  - Mapped "{[/user/logout.do],methods=[GET]}" onto public java.lang.String com.co.jp.liushuang.controller.common.UserLoginAction.logout(org.springframework.ui.Model)
2018-09-02 11:24:16 INFO  [main] org.springframework.web.servlet.mvc.method.annotation.RequestMappingHandlerMapping  - Mapped "{[/user/login.do],methods=[POST]}" onto public java.lang.String com.co.jp.liushuang.controller.common.UserLoginAction.login(com.co.jp.liushuang.controller.form.UserLoginForm,org.springframework.validation.Errors,org.springframework.ui.Model)
2018-09-02 11:24:16 INFO  [main] org.springframework.web.servlet.mvc.method.annotation.RequestMappingHandlerMapping  - Mapped "{[/user/introduce.do]}" onto public org.springframework.web.servlet.ModelAndView com.co.jp.liushuang.controller.common.UserLoginAction.introduce()
2018-09-02 11:24:16 INFO  [main] org.springframework.web.servlet.mvc.method.annotation.RequestMappingHandlerAdapter  - Looking for @ControllerAdvice: org.springframework.context.support.ClassPathXmlApplicationContext@f2c488: startup date [Sun Sep 02 11:24:16 JST 2018]; root of context hierarchy
2018-09-02 11:24:16 INFO  [main] org.springframework.web.servlet.mvc.method.annotation.RequestMappingHandlerAdapter  - Looking for @ControllerAdvice: org.springframework.context.support.ClassPathXmlApplicationContext@f2c488: startup date [Sun Sep 02 11:24:16 JST 2018]; root of context hierarchy
2018-09-02 11:24:17 INFO  [main] org.springframework.context.support.ClassPathXmlApplicationContext  - Refreshing org.springframework.context.support.ClassPathXmlApplicationContext@847f3e7: startup date [Sun Sep 02 11:24:17 JST 2018]; root of context hierarchy
2018-09-02 11:24:17 INFO  [main] org.springframework.beans.factory.xml.XmlBeanDefinitionReader  - Loading XML bean definitions from class path resource [spring-mvc.xml]
2018-09-02 11:24:17 INFO  [main] org.springframework.beans.factory.xml.XmlBeanDefinitionReader  - Loading XML bean definitions from class path resource [spring-mybatis.xml]
2018-09-02 11:24:17 WARN  [main] org.mybatis.spring.mapper.ClassPathMapperScanner  - No MyBatis mapper was found in '[com.co.jp.liushuang.persistence.entity]' package. Please check your configuration.
2018-09-02 11:24:17 INFO  [main] org.springframework.beans.factory.config.PropertyPlaceholderConfigurer  - Loading properties file from class path resource [db.properties]
2018-09-02 11:24:17 INFO  [main] org.springframework.context.support.PropertySourcesPlaceholderConfigurer  - Loading properties file from class path resource [db.properties]
2018-09-02 11:24:17 INFO  [main] org.springframework.beans.factory.annotation.AutowiredAnnotationBeanPostProcessor  - JSR-330 'javax.inject.Inject' annotation found and supported for autowiring
2018-09-02 11:24:17 INFO  [main] com.alibaba.druid.pool.DruidDataSource  - {dataSource-5} inited
2018-09-02 11:24:17 INFO  [main] org.springframework.web.servlet.mvc.method.annotation.RequestMappingHandlerMapping  - Mapped "{[/user/loginInit.do]}" onto public org.springframework.web.servlet.ModelAndView com.co.jp.liushuang.controller.common.UserLoginAction.loginInit(org.springframework.ui.Model)
2018-09-02 11:24:17 INFO  [main] org.springframework.web.servlet.mvc.method.annotation.RequestMappingHandlerMapping  - Mapped "{[/user/changeLocale.do]}" onto public org.springframework.web.servlet.ModelAndView com.co.jp.liushuang.controller.common.UserLoginAction.changeLocale(com.co.jp.liushuang.controller.form.UserLoginForm,org.springframework.ui.Model)
2018-09-02 11:24:17 INFO  [main] org.springframework.web.servlet.mvc.method.annotation.RequestMappingHandlerMapping  - Mapped "{[/user/logout.do],methods=[GET]}" onto public java.lang.String com.co.jp.liushuang.controller.common.UserLoginAction.logout(org.springframework.ui.Model)
2018-09-02 11:24:17 INFO  [main] org.springframework.web.servlet.mvc.method.annotation.RequestMappingHandlerMapping  - Mapped "{[/user/login.do],methods=[POST]}" onto public java.lang.String com.co.jp.liushuang.controller.common.UserLoginAction.login(com.co.jp.liushuang.controller.form.UserLoginForm,org.springframework.validation.Errors,org.springframework.ui.Model)
2018-09-02 11:24:17 INFO  [main] org.springframework.web.servlet.mvc.method.annotation.RequestMappingHandlerMapping  - Mapped "{[/user/introduce.do]}" onto public org.springframework.web.servlet.ModelAndView com.co.jp.liushuang.controller.common.UserLoginAction.introduce()
2018-09-02 11:24:17 INFO  [main] org.springframework.web.servlet.mvc.method.annotation.RequestMappingHandlerAdapter  - Looking for @ControllerAdvice: org.springframework.context.support.ClassPathXmlApplicationContext@847f3e7: startup date [Sun Sep 02 11:24:17 JST 2018]; root of context hierarchy
2018-09-02 11:24:17 INFO  [main] org.springframework.web.servlet.mvc.method.annotation.RequestMappingHandlerAdapter  - Looking for @ControllerAdvice: org.springframework.context.support.ClassPathXmlApplicationContext@847f3e7: startup date [Sun Sep 02 11:24:17 JST 2018]; root of context hierarchy
2018-09-02 11:24:17 INFO  [main] com.co.jp.liushuang.service.common.impl.UserServiceImpl  - UserServiceImpl.getUserById()：lius393
2018-09-02 11:30:49 INFO  [main] org.springframework.test.context.support.DefaultTestContextBootstrapper  - Loaded default TestExecutionListener class names from location [META-INF/spring.factories]: [org.springframework.test.context.web.ServletTestExecutionListener, org.springframework.test.context.support.DirtiesContextBeforeModesTestExecutionListener, org.springframework.test.context.support.DependencyInjectionTestExecutionListener, org.springframework.test.context.support.DirtiesContextTestExecutionListener, org.springframework.test.context.transaction.TransactionalTestExecutionListener, org.springframework.test.context.jdbc.SqlScriptsTestExecutionListener]
2018-09-02 11:30:49 INFO  [main] org.springframework.test.context.support.DefaultTestContextBootstrapper  - Using TestExecutionListeners: [org.springframework.test.context.web.ServletTestExecutionListener@dc24521, org.springframework.test.context.support.DirtiesContextBeforeModesTestExecutionListener@10bdf5e5, org.springframework.test.context.support.DependencyInjectionTestExecutionListener@6e1ec318, org.springframework.test.context.support.DirtiesContextTestExecutionListener@7e0b0338, org.springframework.test.context.transaction.TransactionalTestExecutionListener@617faa95, org.springframework.test.context.jdbc.SqlScriptsTestExecutionListener@1e127982]
2018-09-02 11:30:49 INFO  [main] org.springframework.beans.factory.xml.XmlBeanDefinitionReader  - Loading XML bean definitions from class path resource [spring-mvc.xml]
2018-09-02 11:30:49 INFO  [main] org.springframework.beans.factory.xml.XmlBeanDefinitionReader  - Loading XML bean definitions from class path resource [spring-mybatis.xml]
2018-09-02 11:30:50 WARN  [main] org.mybatis.spring.mapper.ClassPathMapperScanner  - No MyBatis mapper was found in '[com.co.jp.liushuang.persistence.entity]' package. Please check your configuration.
2018-09-02 11:30:50 INFO  [main] org.springframework.context.support.GenericApplicationContext  - Refreshing org.springframework.context.support.GenericApplicationContext@5e853265: startup date [Sun Sep 02 11:30:50 JST 2018]; root of context hierarchy
2018-09-02 11:30:50 INFO  [main] org.springframework.beans.factory.config.PropertyPlaceholderConfigurer  - Loading properties file from class path resource [db.properties]
2018-09-02 11:30:50 INFO  [main] org.springframework.context.support.PropertySourcesPlaceholderConfigurer  - Loading properties file from class path resource [db.properties]
2018-09-02 11:30:50 INFO  [main] org.springframework.beans.factory.annotation.AutowiredAnnotationBeanPostProcessor  - JSR-330 'javax.inject.Inject' annotation found and supported for autowiring
2018-09-02 11:30:50 INFO  [main] com.alibaba.druid.pool.DruidDataSource  - {dataSource-1} inited
2018-09-02 11:30:51 INFO  [main] org.springframework.web.servlet.mvc.method.annotation.RequestMappingHandlerMapping  - Mapped "{[/user/login.do],methods=[POST]}" onto public java.lang.String com.co.jp.liushuang.controller.common.UserLoginAction.login(com.co.jp.liushuang.controller.form.UserLoginForm,org.springframework.validation.Errors,org.springframework.ui.Model)
2018-09-02 11:30:51 INFO  [main] org.springframework.web.servlet.mvc.method.annotation.RequestMappingHandlerMapping  - Mapped "{[/user/logout.do],methods=[GET]}" onto public java.lang.String com.co.jp.liushuang.controller.common.UserLoginAction.logout(org.springframework.ui.Model)
2018-09-02 11:30:51 INFO  [main] org.springframework.web.servlet.mvc.method.annotation.RequestMappingHandlerMapping  - Mapped "{[/user/introduce.do]}" onto public org.springframework.web.servlet.ModelAndView com.co.jp.liushuang.controller.common.UserLoginAction.introduce()
2018-09-02 11:30:51 INFO  [main] org.springframework.web.servlet.mvc.method.annotation.RequestMappingHandlerMapping  - Mapped "{[/user/loginInit.do]}" onto public org.springframework.web.servlet.ModelAndView com.co.jp.liushuang.controller.common.UserLoginAction.loginInit(org.springframework.ui.Model)
2018-09-02 11:30:51 INFO  [main] org.springframework.web.servlet.mvc.method.annotation.RequestMappingHandlerMapping  - Mapped "{[/user/changeLocale.do]}" onto public org.springframework.web.servlet.ModelAndView com.co.jp.liushuang.controller.common.UserLoginAction.changeLocale(com.co.jp.liushuang.controller.form.UserLoginForm,org.springframework.ui.Model)
2018-09-02 11:30:51 INFO  [main] org.hibernate.validator.internal.util.Version  - HV000001: Hibernate Validator 5.0.2.Final
2018-09-02 11:30:51 INFO  [main] org.springframework.web.servlet.mvc.method.annotation.RequestMappingHandlerAdapter  - Looking for @ControllerAdvice: org.springframework.context.support.GenericApplicationContext@5e853265: startup date [Sun Sep 02 11:30:50 JST 2018]; root of context hierarchy
2018-09-02 11:30:51 INFO  [main] org.springframework.web.servlet.mvc.method.annotation.RequestMappingHandlerAdapter  - Looking for @ControllerAdvice: org.springframework.context.support.GenericApplicationContext@5e853265: startup date [Sun Sep 02 11:30:50 JST 2018]; root of context hierarchy
2018-09-02 11:30:51 INFO  [main] org.springframework.test.context.transaction.TransactionContext  - Began transaction (1) for test context [DefaultTestContext@335eadca testClass = SpringMyBatisTestBySpringTestFramework, testInstance = com.co.jp.bizplus.SpringMyBatisTestBySpringTestFramework@3a5ed7a6, testMethod = test1AddUser@SpringMyBatisTestBySpringTestFramework, testException = [null], mergedContextConfiguration = [MergedContextConfiguration@210366b4 testClass = SpringMyBatisTestBySpringTestFramework, locations = '{classpath:spring-mvc.xml, classpath:spring-mybatis.xml}', classes = '{}', contextInitializerClasses = '[]', activeProfiles = '{}', propertySourceLocations = '{}', propertySourceProperties = '{}', contextLoader = 'org.springframework.test.context.support.DelegatingSmartContextLoader', parent = [null]]]; transaction manager [org.springframework.jdbc.datasource.DataSourceTransactionManager@22680f52]; rollback [false]
2018-09-02 11:30:52 INFO  [main] org.springframework.beans.factory.xml.XmlBeanDefinitionReader  - Loading XML bean definitions from class path resource [org/springframework/jdbc/support/sql-error-codes.xml]
2018-09-02 11:30:52 INFO  [main] org.springframework.jdbc.support.SQLErrorCodesFactory  - SQLErrorCodes loaded: [DB2, Derby, H2, HSQL, Informix, MS-SQL, MySQL, Oracle, PostgreSQL, Sybase, Hana]
2018-09-02 11:30:52 INFO  [main] org.springframework.test.context.transaction.TransactionContext  - Committed transaction for test context [DefaultTestContext@335eadca testClass = SpringMyBatisTestBySpringTestFramework, testInstance = com.co.jp.bizplus.SpringMyBatisTestBySpringTestFramework@3a5ed7a6, testMethod = test1AddUser@SpringMyBatisTestBySpringTestFramework, testException = org.springframework.dao.DataIntegrityViolationException: 
### Error updating database.  Cause: com.mysql.jdbc.exceptions.jdbc4.MySQLIntegrityConstraintViolationException: Column 'BIRTHDAY' cannot be null
### The error may involve com.co.jp.liushuang.persistence.UserMapper.insert-Inline
### The error occurred while setting parameters
### SQL: insert into b_user (USER_ID, USER_NAME, USERNAME_FURIKANA,       PASSWORD, GENDER, BIRTHDAY,       AGE, GRADUATION, MAJOR,       GRADUATION_YEAR, UNIVERSITY, JOINED_DATE,       DEPARTMENT, POST, TITLE,       RECENTLY_STATION, LENGTH_OF_STAY, JAPAN_DATE,       CONTRACT_TYPE, INSURANCE_RELATIONSHIP, BIZA_MATURITY,       PASSPORT_MATURITY, CELLPHONE_NUMBER, EMAIL,       POSTAL_CODE, ADDRESS, CONTRACT_MATURITY,       AUTHORITY_ID, CREATEUSERID, CREATETIME,       UPDATEUSERID, UPDATETIME)     values (?, ?, ?,       ?, ?, ?,       ?, ?, ?,       ?, ?, ?,       ?, ?, ?,       ?, ?, ?,       ?, ?, ?,       ?, ?, ?,       ?, ?, ?,       ?, ?, ?,       ?, ?)
### Cause: com.mysql.jdbc.exceptions.jdbc4.MySQLIntegrityConstraintViolationException: Column 'BIRTHDAY' cannot be null
; SQL []; Column 'BIRTHDAY' cannot be null; nested exception is com.mysql.jdbc.exceptions.jdbc4.MySQLIntegrityConstraintViolationException: Column 'BIRTHDAY' cannot be null, mergedContextConfiguration = [MergedContextConfiguration@210366b4 testClass = SpringMyBatisTestBySpringTestFramework, locations = '{classpath:spring-mvc.xml, classpath:spring-mybatis.xml}', classes = '{}', contextInitializerClasses = '[]', activeProfiles = '{}', propertySourceLocations = '{}', propertySourceProperties = '{}', contextLoader = 'org.springframework.test.context.support.DelegatingSmartContextLoader', parent = [null]]].
2018-09-02 11:30:52 INFO  [main] org.springframework.test.context.transaction.TransactionContext  - Began transaction (1) for test context [DefaultTestContext@335eadca testClass = SpringMyBatisTestBySpringTestFramework, testInstance = com.co.jp.bizplus.SpringMyBatisTestBySpringTestFramework@680bddf5, testMethod = test2UpdateUser@SpringMyBatisTestBySpringTestFramework, testException = [null], mergedContextConfiguration = [MergedContextConfiguration@210366b4 testClass = SpringMyBatisTestBySpringTestFramework, locations = '{classpath:spring-mvc.xml, classpath:spring-mybatis.xml}', classes = '{}', contextInitializerClasses = '[]', activeProfiles = '{}', propertySourceLocations = '{}', propertySourceProperties = '{}', contextLoader = 'org.springframework.test.context.support.DelegatingSmartContextLoader', parent = [null]]]; transaction manager [org.springframework.jdbc.datasource.DataSourceTransactionManager@22680f52]; rollback [true]
2018-09-02 11:30:52 INFO  [main] org.springframework.test.context.transaction.TransactionContext  - Rolled back transaction for test context [DefaultTestContext@335eadca testClass = SpringMyBatisTestBySpringTestFramework, testInstance = com.co.jp.bizplus.SpringMyBatisTestBySpringTestFramework@680bddf5, testMethod = test2UpdateUser@SpringMyBatisTestBySpringTestFramework, testException = org.springframework.dao.DataIntegrityViolationException: 
### Error updating database.  Cause: com.mysql.jdbc.exceptions.jdbc4.MySQLIntegrityConstraintViolationException: Column 'BIRTHDAY' cannot be null
### The error may involve com.co.jp.liushuang.persistence.UserMapper.updateByPrimaryKey-Inline
### The error occurred while setting parameters
### SQL: update b_user     set USER_NAME = ?,       USERNAME_FURIKANA = ?,       PASSWORD = ?,       GENDER = ?,       BIRTHDAY = ?,       AGE = ?,       GRADUATION = ?,       MAJOR = ?,       GRADUATION_YEAR = ?,       UNIVERSITY = ?,       JOINED_DATE = ?,       DEPARTMENT = ?,       POST = ?,       TITLE = ?,       RECENTLY_STATION = ?,       LENGTH_OF_STAY = ?,       JAPAN_DATE = ?,       CONTRACT_TYPE = ?,       INSURANCE_RELATIONSHIP = ?,       BIZA_MATURITY = ?,       PASSPORT_MATURITY = ?,       CELLPHONE_NUMBER = ?,       EMAIL = ?,       POSTAL_CODE = ?,       ADDRESS = ?,       CONTRACT_MATURITY = ?,       AUTHORITY_ID = ?,       CREATEUSERID = ?,       CREATETIME = ?,       UPDATEUSERID = ?,       UPDATETIME = ?     where USER_ID = ?
### Cause: com.mysql.jdbc.exceptions.jdbc4.MySQLIntegrityConstraintViolationException: Column 'BIRTHDAY' cannot be null
; SQL []; Column 'BIRTHDAY' cannot be null; nested exception is com.mysql.jdbc.exceptions.jdbc4.MySQLIntegrityConstraintViolationException: Column 'BIRTHDAY' cannot be null, mergedContextConfiguration = [MergedContextConfiguration@210366b4 testClass = SpringMyBatisTestBySpringTestFramework, locations = '{classpath:spring-mvc.xml, classpath:spring-mybatis.xml}', classes = '{}', contextInitializerClasses = '[]', activeProfiles = '{}', propertySourceLocations = '{}', propertySourceProperties = '{}', contextLoader = 'org.springframework.test.context.support.DelegatingSmartContextLoader', parent = [null]]].
2018-09-02 11:30:52 INFO  [main] org.springframework.test.context.transaction.TransactionContext  - Began transaction (1) for test context [DefaultTestContext@335eadca testClass = SpringMyBatisTestBySpringTestFramework, testInstance = com.co.jp.bizplus.SpringMyBatisTestBySpringTestFramework@181d7f28, testMethod = test3DelUser@SpringMyBatisTestBySpringTestFramework, testException = [null], mergedContextConfiguration = [MergedContextConfiguration@210366b4 testClass = SpringMyBatisTestBySpringTestFramework, locations = '{classpath:spring-mvc.xml, classpath:spring-mybatis.xml}', classes = '{}', contextInitializerClasses = '[]', activeProfiles = '{}', propertySourceLocations = '{}', propertySourceProperties = '{}', contextLoader = 'org.springframework.test.context.support.DelegatingSmartContextLoader', parent = [null]]]; transaction manager [org.springframework.jdbc.datasource.DataSourceTransactionManager@22680f52]; rollback [true]
2018-09-02 11:30:52 INFO  [main] org.springframework.test.context.transaction.TransactionContext  - Rolled back transaction for test context [DefaultTestContext@335eadca testClass = SpringMyBatisTestBySpringTestFramework, testInstance = com.co.jp.bizplus.SpringMyBatisTestBySpringTestFramework@181d7f28, testMethod = test3DelUser@SpringMyBatisTestBySpringTestFramework, testException = [null], mergedContextConfiguration = [MergedContextConfiguration@210366b4 testClass = SpringMyBatisTestBySpringTestFramework, locations = '{classpath:spring-mvc.xml, classpath:spring-mybatis.xml}', classes = '{}', contextInitializerClasses = '[]', activeProfiles = '{}', propertySourceLocations = '{}', propertySourceProperties = '{}', contextLoader = 'org.springframework.test.context.support.DelegatingSmartContextLoader', parent = [null]]].
2018-09-02 11:30:52 INFO  [main] org.springframework.test.context.transaction.TransactionContext  - Began transaction (1) for test context [DefaultTestContext@335eadca testClass = SpringMyBatisTestBySpringTestFramework, testInstance = com.co.jp.bizplus.SpringMyBatisTestBySpringTestFramework@1929425f, testMethod = test4GetUserList@SpringMyBatisTestBySpringTestFramework, testException = [null], mergedContextConfiguration = [MergedContextConfiguration@210366b4 testClass = SpringMyBatisTestBySpringTestFramework, locations = '{classpath:spring-mvc.xml, classpath:spring-mybatis.xml}', classes = '{}', contextInitializerClasses = '[]', activeProfiles = '{}', propertySourceLocations = '{}', propertySourceProperties = '{}', contextLoader = 'org.springframework.test.context.support.DelegatingSmartContextLoader', parent = [null]]]; transaction manager [org.springframework.jdbc.datasource.DataSourceTransactionManager@22680f52]; rollback [true]
2018-09-02 11:30:52 INFO  [main] org.springframework.test.context.transaction.TransactionContext  - Rolled back transaction for test context [DefaultTestContext@335eadca testClass = SpringMyBatisTestBySpringTestFramework, testInstance = com.co.jp.bizplus.SpringMyBatisTestBySpringTestFramework@1929425f, testMethod = test4GetUserList@SpringMyBatisTestBySpringTestFramework, testException = [null], mergedContextConfiguration = [MergedContextConfiguration@210366b4 testClass = SpringMyBatisTestBySpringTestFramework, locations = '{classpath:spring-mvc.xml, classpath:spring-mybatis.xml}', classes = '{}', contextInitializerClasses = '[]', activeProfiles = '{}', propertySourceLocations = '{}', propertySourceProperties = '{}', contextLoader = 'org.springframework.test.context.support.DelegatingSmartContextLoader', parent = [null]]].
2018-09-02 11:30:52 INFO  [main] org.springframework.test.context.transaction.TransactionContext  - Began transaction (1) for test context [DefaultTestContext@335eadca testClass = SpringMyBatisTestBySpringTestFramework, testInstance = com.co.jp.bizplus.SpringMyBatisTestBySpringTestFramework@150d80c4, testMethod = testGetUser@SpringMyBatisTestBySpringTestFramework, testException = [null], mergedContextConfiguration = [MergedContextConfiguration@210366b4 testClass = SpringMyBatisTestBySpringTestFramework, locations = '{classpath:spring-mvc.xml, classpath:spring-mybatis.xml}', classes = '{}', contextInitializerClasses = '[]', activeProfiles = '{}', propertySourceLocations = '{}', propertySourceProperties = '{}', contextLoader = 'org.springframework.test.context.support.DelegatingSmartContextLoader', parent = [null]]]; transaction manager [org.springframework.jdbc.datasource.DataSourceTransactionManager@22680f52]; rollback [true]
2018-09-02 11:30:52 INFO  [main] com.co.jp.liushuang.service.common.impl.UserServiceImpl  - UserServiceImpl.getUserById()：lius393
2018-09-02 11:30:52 INFO  [main] org.springframework.test.context.transaction.TransactionContext  - Rolled back transaction for test context [DefaultTestContext@335eadca testClass = SpringMyBatisTestBySpringTestFramework, testInstance = com.co.jp.bizplus.SpringMyBatisTestBySpringTestFramework@150d80c4, testMethod = testGetUser@SpringMyBatisTestBySpringTestFramework, testException = [null], mergedContextConfiguration = [MergedContextConfiguration@210366b4 testClass = SpringMyBatisTestBySpringTestFramework, locations = '{classpath:spring-mvc.xml, classpath:spring-mybatis.xml}', classes = '{}', contextInitializerClasses = '[]', activeProfiles = '{}', propertySourceLocations = '{}', propertySourceProperties = '{}', contextLoader = 'org.springframework.test.context.support.DelegatingSmartContextLoader', parent = [null]]].
2018-09-02 11:30:52 INFO  [Thread-1] org.springframework.context.support.GenericApplicationContext  - Closing org.springframework.context.support.GenericApplicationContext@5e853265: startup date [Sun Sep 02 11:30:50 JST 2018]; root of context hierarchy
2018-09-02 11:30:52 INFO  [Thread-1] com.alibaba.druid.pool.DruidDataSource  - {dataSource-1} closed
