2016-11-13 11:53:05 INFO  [main] org.springframework.context.support.ClassPathXmlApplicationContext  - Refreshing org.springframework.context.support.ClassPathXmlApplicationContext@17550481: startup date [Sun Nov 13 11:53:05 JST 2016]; root of context hierarchy
2016-11-13 11:53:05 INFO  [main] org.springframework.beans.factory.xml.XmlBeanDefinitionReader  - Loading XML bean definitions from class path resource [spring-mybatis.xml]
2016-11-13 11:53:06 WARN  [main] org.mybatis.spring.mapper.ClassPathMapperScanner  - No MyBatis mapper was found in '[com.co.jp.bizplus.persistence.entity]' package. Please check your configuration.
2016-11-13 11:53:06 INFO  [main] org.springframework.context.support.PropertySourcesPlaceholderConfigurer  - Loading properties file from class path resource [db.properties]
2016-11-13 11:53:07 INFO  [main] org.springframework.beans.factory.annotation.AutowiredAnnotationBeanPostProcessor  - JSR-330 'javax.inject.Inject' annotation found and supported for autowiring
2016-11-13 11:53:07 INFO  [main] com.alibaba.druid.pool.DruidDataSource  - {dataSource-1} inited
2016-11-13 11:53:08 WARN  [main] org.springframework.context.support.ClassPathXmlApplicationContext  - Exception encountered during context initialization - cancelling refresh attempt: org.springframework.beans.factory.BeanCreationException: Error creating bean with name 'userService': Injection of resource dependencies failed; nested exception is org.springframework.beans.factory.BeanCreationException: Error creating bean with name 'userMapper' defined in file [E:\workspase\bizplus\build\classes\com\co\jp\bizplus\persistence\UserMapper.class]: Cannot resolve reference to bean 'sqlSessionFactory' while setting bean property 'sqlSessionFactory'; nested exception is org.springframework.beans.factory.BeanCreationException: Error creating bean with name 'sqlSessionFactory' defined in class path resource [spring-mybatis.xml]: Invocation of init method failed; nested exception is org.springframework.core.NestedIOException: Failed to parse mapping resource: 'file [E:\workspase\bizplus\build\classes\com\co\jp\bizplus\persistence\mapper\UserMapper.xml]'; nested exception is org.apache.ibatis.builder.BuilderException: Error parsing Mapper XML. Cause: java.lang.IllegalArgumentException: Mapped Statements collection already contains value for com.co.jp.bizplus.persistence.UserMapper.selectList
2016-11-13 11:53:08 INFO  [main] com.alibaba.druid.pool.DruidDataSource  - {dataSource-1} closed
2016-11-13 14:34:56 INFO  [main] org.springframework.context.support.ClassPathXmlApplicationContext  - Refreshing org.springframework.context.support.ClassPathXmlApplicationContext@17550481: startup date [Sun Nov 13 14:34:56 JST 2016]; root of context hierarchy
2016-11-13 14:34:57 INFO  [main] org.springframework.beans.factory.xml.XmlBeanDefinitionReader  - Loading XML bean definitions from class path resource [spring-mybatis.xml]
2016-11-13 14:35:00 WARN  [main] org.mybatis.spring.mapper.ClassPathMapperScanner  - No MyBatis mapper was found in '[com.co.jp.bizplus.persistence.entity]' package. Please check your configuration.
2016-11-13 14:35:02 INFO  [main] org.springframework.context.support.PropertySourcesPlaceholderConfigurer  - Loading properties file from class path resource [db.properties]
2016-11-13 14:35:02 INFO  [main] org.springframework.beans.factory.annotation.AutowiredAnnotationBeanPostProcessor  - JSR-330 'javax.inject.Inject' annotation found and supported for autowiring
2016-11-13 14:35:04 INFO  [main] com.alibaba.druid.pool.DruidDataSource  - {dataSource-1} inited
2016-11-13 14:40:30 INFO  [main] org.springframework.context.support.ClassPathXmlApplicationContext  - Refreshing org.springframework.context.support.ClassPathXmlApplicationContext@17550481: startup date [Sun Nov 13 14:40:30 JST 2016]; root of context hierarchy
2016-11-13 14:40:30 INFO  [main] org.springframework.beans.factory.xml.XmlBeanDefinitionReader  - Loading XML bean definitions from class path resource [spring-mybatis.xml]
2016-11-13 14:40:30 WARN  [main] org.mybatis.spring.mapper.ClassPathMapperScanner  - No MyBatis mapper was found in '[com.co.jp.bizplus.persistence.entity]' package. Please check your configuration.
2016-11-13 14:40:30 INFO  [main] org.springframework.context.support.PropertySourcesPlaceholderConfigurer  - Loading properties file from class path resource [db.properties]
2016-11-13 14:40:30 INFO  [main] org.springframework.beans.factory.annotation.AutowiredAnnotationBeanPostProcessor  - JSR-330 'javax.inject.Inject' annotation found and supported for autowiring
2016-11-13 14:40:31 INFO  [main] com.alibaba.druid.pool.DruidDataSource  - {dataSource-1} inited
2016-11-13 14:42:45 INFO  [main] org.springframework.context.support.ClassPathXmlApplicationContext  - Refreshing org.springframework.context.support.ClassPathXmlApplicationContext@17550481: startup date [Sun Nov 13 14:42:45 JST 2016]; root of context hierarchy
2016-11-13 14:42:45 INFO  [main] org.springframework.beans.factory.xml.XmlBeanDefinitionReader  - Loading XML bean definitions from class path resource [spring-mybatis.xml]
2016-11-13 14:42:45 WARN  [main] org.mybatis.spring.mapper.ClassPathMapperScanner  - No MyBatis mapper was found in '[com.co.jp.bizplus.persistence.entity]' package. Please check your configuration.
2016-11-13 14:42:45 INFO  [main] org.springframework.context.support.PropertySourcesPlaceholderConfigurer  - Loading properties file from class path resource [db.properties]
2016-11-13 14:42:45 INFO  [main] org.springframework.beans.factory.annotation.AutowiredAnnotationBeanPostProcessor  - JSR-330 'javax.inject.Inject' annotation found and supported for autowiring
2016-11-13 14:42:46 INFO  [main] com.alibaba.druid.pool.DruidDataSource  - {dataSource-1} inited
